LOG 2024/04/21
Save Path: D:\java\GitHub\pornMagnetSpringBoot\_91pornyy\ffmpeg_and_SimpleG\Logs
Task Start: 2024/04/21 14:30:55
Task CommandLine: D:\java\GitHub\pornMagnetSpringBoot\_91pornyy\ffmpeg_and_SimpleG\N_m3u8DL-CLI_v3.0.2.exe https://cdn2.jiuse2.cloud/hls/843227/index.m3u8?t=1713681102&m=Qb9xpOxcdpjlN4WKsk2X4g --saveName 单男无套爆操黑丝E奶御姐 --workDir D:\java\GitHub\pornMagnetSpringBoot\_91pornyy\ffmpeg_and_SimpleG\Downloads

14:30:55.723 / (NORMAL) 开始解析 https://cdn2.jiuse2.cloud/hls/843227/index.m3u8?t=1713681102&m=Qb9xpOxcdpjlN4WKsk2X4g
14:30:56.931 / (NORMAL) 写出meta.json
14:30:56.995 / (NORMAL) 开始下载文件
14:30:57.661 / (NORMAL) 读取文件信息...
14:30:57.725 / (NORMAL) PID 0x100: Video h264, yuv420p(progressive), 600x336, 30 fps, 30 tbr, 90k tbn, 60 tbc
14:30:57.725 / (NORMAL) PID 0x101: Audio aac, 44100 Hz, stereo, fltp, 4 kb/s
14:30:58.394 / (ERROR) DOWN: 远程服务器返回错误: (503) 服务器不可用。 https://cdn2.jiuse2.cloud/hls/843227/index8.ts
14:30:58.572 / (ERROR) DOWN: 远程服务器返回错误: (503) 服务器不可用。 https://cdn2.jiuse2.cloud/hls/843227/index7.ts
14:30:58.572 / (ERROR) DOWN: 远程服务器返回错误: (503) 服务器不可用。 https://cdn2.jiuse2.cloud/hls/843227/index6.ts
14:30:59.190 / (ERROR) DOWN: 远程服务器返回错误: (503) 服务器不可用。 https://cdn2.jiuse2.cloud/hls/843227/index10.ts
14:30:59.277 / (ERROR) DOWN: 远程服务器返回错误: (503) 服务器不可用。 https://cdn2.jiuse2.cloud/hls/843227/index11.ts
14:30:59.401 / (ERROR) DOWN: AUTO RETRY 1/3 https://cdn2.jiuse2.cloud/hls/843227/index8.ts
14:30:59.589 / (ERROR) DOWN: AUTO RETRY 1/3 https://cdn2.jiuse2.cloud/hls/843227/index7.ts
14:30:59.590 / (ERROR) DOWN: AUTO RETRY 1/3 https://cdn2.jiuse2.cloud/hls/843227/index6.ts
14:30:59.975 / (ERROR) DOWN: 远程服务器返回错误: (503) 服务器不可用。 https://cdn2.jiuse2.cloud/hls/843227/index12.ts
14:31:00.057 / (ERROR) DOWN: 远程服务器返回错误: (503) 服务器不可用。 https://cdn2.jiuse2.cloud/hls/843227/index7.ts
14:31:00.194 / (ERROR) DOWN: AUTO RETRY 1/3 https://cdn2.jiuse2.cloud/hls/843227/index10.ts
14:31:00.213 / (ERROR) DOWN: 远程服务器返回错误: (503) 服务器不可用。 https://cdn2.jiuse2.cloud/hls/843227/index13.ts
14:31:00.286 / (ERROR) DOWN: AUTO RETRY 1/3 https://cdn2.jiuse2.cloud/hls/843227/index11.ts
14:31:00.660 / (ERROR) DOWN: 远程服务器返回错误: (503) 服务器不可用。 https://cdn2.jiuse2.cloud/hls/843227/index10.ts
14:31:00.751 / (ERROR) DOWN: 远程服务器返回错误: (503) 服务器不可用。 https://cdn2.jiuse2.cloud/hls/843227/index11.ts
14:31:00.979 / (ERROR) DOWN: AUTO RETRY 1/3 https://cdn2.jiuse2.cloud/hls/843227/index12.ts
14:31:01.055 / (ERROR) DOWN: 远程服务器返回错误: (503) 服务器不可用。 https://cdn2.jiuse2.cloud/hls/843227/index14.ts
14:31:01.058 / (ERROR) DOWN: AUTO RETRY 2/3 https://cdn2.jiuse2.cloud/hls/843227/index7.ts
14:31:01.227 / (ERROR) DOWN: AUTO RETRY 1/3 https://cdn2.jiuse2.cloud/hls/843227/index13.ts
14:31:01.475 / (ERROR) DOWN: 远程服务器返回错误: (503) 服务器不可用。 https://cdn2.jiuse2.cloud/hls/843227/index15.ts
14:31:01.669 / (ERROR) DOWN: AUTO RETRY 2/3 https://cdn2.jiuse2.cloud/hls/843227/index10.ts
14:31:01.695 / (ERROR) DOWN: 远程服务器返回错误: (503) 服务器不可用。 https://cdn2.jiuse2.cloud/hls/843227/index13.ts
14:31:01.729 / (ERROR) DOWN: 远程服务器返回错误: (503) 服务器不可用。 https://cdn2.jiuse2.cloud/hls/843227/index7.ts
14:31:01.763 / (ERROR) DOWN: AUTO RETRY 2/3 https://cdn2.jiuse2.cloud/hls/843227/index11.ts
14:31:01.835 / (ERROR) DOWN: 远程服务器返回错误: (503) 服务器不可用。 https://cdn2.jiuse2.cloud/hls/843227/index16.ts
14:31:02.070 / (ERROR) DOWN: AUTO RETRY 1/3 https://cdn2.jiuse2.cloud/hls/843227/index14.ts
14:31:02.136 / (ERROR) DOWN: 远程服务器返回错误: (503) 服务器不可用。 https://cdn2.jiuse2.cloud/hls/843227/index10.ts
14:31:02.486 / (ERROR) DOWN: AUTO RETRY 1/3 https://cdn2.jiuse2.cloud/hls/843227/index15.ts
14:31:02.535 / (ERROR) DOWN: 远程服务器返回错误: (503) 服务器不可用。 https://cdn2.jiuse2.cloud/hls/843227/index14.ts
14:31:02.685 / (ERROR) DOWN: 远程服务器返回错误: (503) 服务器不可用。 https://cdn2.jiuse2.cloud/hls/843227/index17.ts
14:31:02.701 / (ERROR) DOWN: AUTO RETRY 2/3 https://cdn2.jiuse2.cloud/hls/843227/index13.ts
14:31:02.733 / (ERROR) DOWN: AUTO RETRY 3/3 https://cdn2.jiuse2.cloud/hls/843227/index7.ts
14:31:02.838 / (ERROR) DOWN: AUTO RETRY 1/3 https://cdn2.jiuse2.cloud/hls/843227/index16.ts
14:31:03.027 / (ERROR) DOWN: 远程服务器返回错误: (503) 服务器不可用。 https://cdn2.jiuse2.cloud/hls/843227/index18.ts
14:31:03.147 / (ERROR) DOWN: AUTO RETRY 3/3 https://cdn2.jiuse2.cloud/hls/843227/index10.ts
14:31:03.165 / (ERROR) DOWN: 远程服务器返回错误: (503) 服务器不可用。 https://cdn2.jiuse2.cloud/hls/843227/index13.ts
14:31:03.198 / (ERROR) DOWN: 远程服务器返回错误: (503) 服务器不可用。 https://cdn2.jiuse2.cloud/hls/843227/index7.ts
14:31:03.302 / (ERROR) DOWN: 远程服务器返回错误: (503) 服务器不可用。 https://cdn2.jiuse2.cloud/hls/843227/index16.ts
14:31:03.475 / (ERROR) DOWN: 远程服务器返回错误: (503) 服务器不可用。 https://cdn2.jiuse2.cloud/hls/843227/index19.ts
14:31:03.548 / (ERROR) DOWN: AUTO RETRY 2/3 https://cdn2.jiuse2.cloud/hls/843227/index14.ts
14:31:03.667 / (ERROR) DOWN: 远程服务器返回错误: (503) 服务器不可用。 https://cdn2.jiuse2.cloud/hls/843227/index20.ts
14:31:03.687 / (ERROR) DOWN: AUTO RETRY 1/3 https://cdn2.jiuse2.cloud/hls/843227/index17.ts
14:31:03.822 / (ERROR) DOWN: 远程服务器返回错误: (503) 服务器不可用。 https://cdn2.jiuse2.cloud/hls/843227/index10.ts
14:31:04.012 / (ERROR) DOWN: 远程服务器返回错误: (503) 服务器不可用。 https://cdn2.jiuse2.cloud/hls/843227/index14.ts
14:31:04.041 / (ERROR) DOWN: AUTO RETRY 1/3 https://cdn2.jiuse2.cloud/hls/843227/index18.ts
14:31:04.148 / (ERROR) DOWN: 远程服务器返回错误: (503) 服务器不可用。 https://cdn2.jiuse2.cloud/hls/843227/index17.ts
14:31:04.166 / (ERROR) DOWN: AUTO RETRY 3/3 https://cdn2.jiuse2.cloud/hls/843227/index13.ts
14:31:04.282 / (ERROR) DOWN: 远程服务器返回错误: (503) 服务器不可用。 https://cdn2.jiuse2.cloud/hls/843227/index22.ts
14:31:04.318 / (ERROR) DOWN: AUTO RETRY 2/3 https://cdn2.jiuse2.cloud/hls/843227/index16.ts
14:31:04.487 / (ERROR) DOWN: AUTO RETRY 1/3 https://cdn2.jiuse2.cloud/hls/843227/index19.ts
14:31:04.504 / (ERROR) DOWN: 远程服务器返回错误: (503) 服务器不可用。 https://cdn2.jiuse2.cloud/hls/843227/index18.ts
14:31:04.635 / (ERROR) DOWN: 远程服务器返回错误: (503) 服务器不可用。 https://cdn2.jiuse2.cloud/hls/843227/index13.ts
14:31:04.671 / (ERROR) DOWN: AUTO RETRY 1/3 https://cdn2.jiuse2.cloud/hls/843227/index20.ts
14:31:04.783 / (ERROR) DOWN: 远程服务器返回错误: (503) 服务器不可用。 https://cdn2.jiuse2.cloud/hls/843227/index16.ts
14:31:04.950 / (ERROR) DOWN: 远程服务器返回错误: (503) 服务器不可用。 https://cdn2.jiuse2.cloud/hls/843227/index19.ts
14:31:04.966 / (ERROR) DOWN: 远程服务器返回错误: (503) 服务器不可用。 https://cdn2.jiuse2.cloud/hls/843227/index23.ts
14:31:05.026 / (ERROR) DOWN: AUTO RETRY 3/3 https://cdn2.jiuse2.cloud/hls/843227/index14.ts
14:31:05.137 / (ERROR) DOWN: 远程服务器返回错误: (503) 服务器不可用。 https://cdn2.jiuse2.cloud/hls/843227/index20.ts
14:31:05.165 / (ERROR) DOWN: AUTO RETRY 2/3 https://cdn2.jiuse2.cloud/hls/843227/index17.ts
14:31:05.287 / (ERROR) DOWN: AUTO RETRY 1/3 https://cdn2.jiuse2.cloud/hls/843227/index22.ts
14:31:05.303 / (ERROR) DOWN: 远程服务器返回错误: (503) 服务器不可用。 https://cdn2.jiuse2.cloud/hls/843227/index24.ts
14:31:05.495 / (ERROR) DOWN: 远程服务器返回错误: (503) 服务器不可用。 https://cdn2.jiuse2.cloud/hls/843227/index14.ts
14:31:05.518 / (ERROR) DOWN: AUTO RETRY 2/3 https://cdn2.jiuse2.cloud/hls/843227/index18.ts
14:31:05.636 / (ERROR) DOWN: 远程服务器返回错误: (503) 服务器不可用。 https://cdn2.jiuse2.cloud/hls/843227/index17.ts
14:31:05.747 / (ERROR) DOWN: 远程服务器返回错误: (503) 服务器不可用。 https://cdn2.jiuse2.cloud/hls/843227/index22.ts
14:31:05.796 / (ERROR) DOWN: AUTO RETRY 3/3 https://cdn2.jiuse2.cloud/hls/843227/index16.ts
14:31:05.954 / (ERROR) DOWN: 远程服务器返回错误: (503) 服务器不可用。 https://cdn2.jiuse2.cloud/hls/843227/index26.ts
14:31:05.963 / (ERROR) DOWN: AUTO RETRY 2/3 https://cdn2.jiuse2.cloud/hls/843227/index19.ts
14:31:05.978 / (ERROR) DOWN: AUTO RETRY 1/3 https://cdn2.jiuse2.cloud/hls/843227/index23.ts
14:31:05.980 / (ERROR) DOWN: 远程服务器返回错误: (503) 服务器不可用。 https://cdn2.jiuse2.cloud/hls/843227/index18.ts
14:31:06.149 / (ERROR) DOWN: AUTO RETRY 2/3 https://cdn2.jiuse2.cloud/hls/843227/index20.ts
14:31:06.194 / (ERROR) DOWN: 远程服务器返回错误: (503) 服务器不可用。 https://cdn2.jiuse2.cloud/hls/843227/index27.ts
14:31:06.317 / (ERROR) DOWN: AUTO RETRY 1/3 https://cdn2.jiuse2.cloud/hls/843227/index24.ts
14:31:06.436 / (ERROR) DOWN: 远程服务器返回错误: (503) 服务器不可用。 https://cdn2.jiuse2.cloud/hls/843227/index19.ts
14:31:06.615 / (ERROR) DOWN: 远程服务器返回错误: (503) 服务器不可用。 https://cdn2.jiuse2.cloud/hls/843227/index20.ts
14:31:06.640 / (ERROR) DOWN: AUTO RETRY 3/3 https://cdn2.jiuse2.cloud/hls/843227/index17.ts
14:31:06.646 / (ERROR) DOWN: 远程服务器返回错误: (503) 服务器不可用。 https://cdn2.jiuse2.cloud/hls/843227/index23.ts
14:31:06.749 / (ERROR) DOWN: AUTO RETRY 2/3 https://cdn2.jiuse2.cloud/hls/843227/index22.ts
14:31:06.781 / (ERROR) DOWN: 远程服务器返回错误: (503) 服务器不可用。 https://cdn2.jiuse2.cloud/hls/843227/index24.ts
14:31:06.963 / (ERROR) DOWN: AUTO RETRY 1/3 https://cdn2.jiuse2.cloud/hls/843227/index26.ts
14:31:06.968 / (ERROR) DOWN: 远程服务器返回错误: (503) 服务器不可用。 https://cdn2.jiuse2.cloud/hls/843227/index28.ts
14:31:06.994 / (ERROR) DOWN: AUTO RETRY 3/3 https://cdn2.jiuse2.cloud/hls/843227/index18.ts
14:31:07.125 / (ERROR) DOWN: 远程服务器返回错误: (503) 服务器不可用。 https://cdn2.jiuse2.cloud/hls/843227/index29.ts
14:31:07.196 / (ERROR) DOWN: AUTO RETRY 1/3 https://cdn2.jiuse2.cloud/hls/843227/index27.ts
14:31:07.309 / (ERROR) DOWN: 远程服务器返回错误: (503) 服务器不可用。 https://cdn2.jiuse2.cloud/hls/843227/index17.ts
14:31:07.431 / (ERROR) DOWN: 远程服务器返回错误: (503) 服务器不可用。 https://cdn2.jiuse2.cloud/hls/843227/index26.ts
14:31:07.441 / (ERROR) DOWN: AUTO RETRY 3/3 https://cdn2.jiuse2.cloud/hls/843227/index19.ts
14:31:07.463 / (ERROR) DOWN: 远程服务器返回错误: (503) 服务器不可用。 https://cdn2.jiuse2.cloud/hls/843227/index18.ts
14:31:07.628 / (ERROR) DOWN: AUTO RETRY 3/3 https://cdn2.jiuse2.cloud/hls/843227/index20.ts
14:31:07.660 / (ERROR) DOWN: AUTO RETRY 2/3 https://cdn2.jiuse2.cloud/hls/843227/index23.ts
14:31:07.661 / (ERROR) DOWN: 远程服务器返回错误: (503) 服务器不可用。 https://cdn2.jiuse2.cloud/hls/843227/index27.ts
14:31:07.770 / (ERROR) DOWN: 远程服务器返回错误: (503) 服务器不可用。 https://cdn2.jiuse2.cloud/hls/843227/index30.ts
14:31:07.798 / (ERROR) DOWN: AUTO RETRY 2/3 https://cdn2.jiuse2.cloud/hls/843227/index24.ts
14:31:07.969 / (ERROR) DOWN: AUTO RETRY 1/3 https://cdn2.jiuse2.cloud/hls/843227/index28.ts
14:31:08.097 / (ERROR) DOWN: 远程服务器返回错误: (503) 服务器不可用。 https://cdn2.jiuse2.cloud/hls/843227/index20.ts
14:31:08.114 / (ERROR) DOWN: 远程服务器返回错误: (503) 服务器不可用。 https://cdn2.jiuse2.cloud/hls/843227/index19.ts
14:31:08.129 / (ERROR) DOWN: 远程服务器返回错误: (503) 服务器不可用。 https://cdn2.jiuse2.cloud/hls/843227/index23.ts
14:31:08.138 / (ERROR) DOWN: AUTO RETRY 1/3 https://cdn2.jiuse2.cloud/hls/843227/index29.ts
14:31:08.433 / (ERROR) DOWN: 远程服务器返回错误: (503) 服务器不可用。 https://cdn2.jiuse2.cloud/hls/843227/index28.ts
14:31:08.448 / (ERROR) DOWN: AUTO RETRY 2/3 https://cdn2.jiuse2.cloud/hls/843227/index26.ts
14:31:08.601 / (ERROR) DOWN: 远程服务器返回错误: (503) 服务器不可用。 https://cdn2.jiuse2.cloud/hls/843227/index29.ts
14:31:08.664 / (ERROR) DOWN: AUTO RETRY 2/3 https://cdn2.jiuse2.cloud/hls/843227/index27.ts
14:31:08.784 / (ERROR) DOWN: AUTO RETRY 1/3 https://cdn2.jiuse2.cloud/hls/843227/index30.ts
14:31:08.918 / (ERROR) DOWN: 远程服务器返回错误: (503) 服务器不可用。 https://cdn2.jiuse2.cloud/hls/843227/index26.ts
14:31:09.133 / (ERROR) DOWN: 远程服务器返回错误: (503) 服务器不可用。 https://cdn2.jiuse2.cloud/hls/843227/index27.ts
14:31:09.141 / (ERROR) DOWN: AUTO RETRY 3/3 https://cdn2.jiuse2.cloud/hls/843227/index23.ts
14:31:09.446 / (ERROR) DOWN: AUTO RETRY 2/3 https://cdn2.jiuse2.cloud/hls/843227/index28.ts
14:31:09.616 / (ERROR) DOWN: AUTO RETRY 2/3 https://cdn2.jiuse2.cloud/hls/843227/index29.ts
14:31:09.878 / (ERROR) DOWN: 远程服务器返回错误: (503) 服务器不可用。 https://cdn2.jiuse2.cloud/hls/843227/index23.ts
14:31:09.924 / (ERROR) DOWN: AUTO RETRY 3/3 https://cdn2.jiuse2.cloud/hls/843227/index26.ts
14:31:10.085 / (ERROR) DOWN: 远程服务器返回错误: (503) 服务器不可用。 https://cdn2.jiuse2.cloud/hls/843227/index29.ts
14:31:10.137 / (ERROR) DOWN: AUTO RETRY 3/3 https://cdn2.jiuse2.cloud/hls/843227/index27.ts
14:31:10.386 / (ERROR) DOWN: 远程服务器返回错误: (503) 服务器不可用。 https://cdn2.jiuse2.cloud/hls/843227/index26.ts
14:31:10.604 / (ERROR) DOWN: 远程服务器返回错误: (503) 服务器不可用。 https://cdn2.jiuse2.cloud/hls/843227/index27.ts
14:31:11.098 / (ERROR) DOWN: AUTO RETRY 3/3 https://cdn2.jiuse2.cloud/hls/843227/index29.ts
14:31:16.403 / (NORMAL) 完成数量 20 of 31
14:31:16.404 / (NORMAL) 重试次数 1 / 15
14:31:19.415 / (NORMAL) 开始下载文件
14:31:19.893 / (ERROR) DOWN: 远程服务器返回错误: (503) 服务器不可用。 https://cdn2.jiuse2.cloud/hls/843227/index27.ts
14:31:19.894 / (ERROR) DOWN: 远程服务器返回错误: (503) 服务器不可用。 https://cdn2.jiuse2.cloud/hls/843227/index26.ts
14:31:19.894 / (ERROR) DOWN: 远程服务器返回错误: (503) 服务器不可用。 https://cdn2.jiuse2.cloud/hls/843227/index20.ts
14:31:19.894 / (ERROR) DOWN: 远程服务器返回错误: (503) 服务器不可用。 https://cdn2.jiuse2.cloud/hls/843227/index18.ts
14:31:19.894 / (ERROR) DOWN: 远程服务器返回错误: (503) 服务器不可用。 https://cdn2.jiuse2.cloud/hls/843227/index17.ts
14:31:20.900 / (ERROR) DOWN: AUTO RETRY 1/3 https://cdn2.jiuse2.cloud/hls/843227/index27.ts
14:31:20.900 / (ERROR) DOWN: AUTO RETRY 1/3 https://cdn2.jiuse2.cloud/hls/843227/index18.ts
14:31:20.901 / (ERROR) DOWN: AUTO RETRY 1/3 https://cdn2.jiuse2.cloud/hls/843227/index17.ts
14:31:20.902 / (ERROR) DOWN: AUTO RETRY 1/3 https://cdn2.jiuse2.cloud/hls/843227/index20.ts
14:31:20.902 / (ERROR) DOWN: AUTO RETRY 1/3 https://cdn2.jiuse2.cloud/hls/843227/index26.ts
14:31:21.490 / (ERROR) DOWN: 远程服务器返回错误: (503) 服务器不可用。 https://cdn2.jiuse2.cloud/hls/843227/index27.ts
14:31:21.505 / (ERROR) DOWN: 远程服务器返回错误: (503) 服务器不可用。 https://cdn2.jiuse2.cloud/hls/843227/index17.ts
14:31:21.719 / (ERROR) DOWN: 远程服务器返回错误: (503) 服务器不可用。 https://cdn2.jiuse2.cloud/hls/843227/index20.ts
14:31:21.720 / (ERROR) DOWN: 远程服务器返回错误: (503) 服务器不可用。 https://cdn2.jiuse2.cloud/hls/843227/index26.ts
14:31:22.501 / (ERROR) DOWN: AUTO RETRY 2/3 https://cdn2.jiuse2.cloud/hls/843227/index27.ts
14:31:22.517 / (ERROR) DOWN: AUTO RETRY 2/3 https://cdn2.jiuse2.cloud/hls/843227/index17.ts
14:31:22.732 / (ERROR) DOWN: AUTO RETRY 2/3 https://cdn2.jiuse2.cloud/hls/843227/index20.ts
14:31:22.733 / (ERROR) DOWN: AUTO RETRY 2/3 https://cdn2.jiuse2.cloud/hls/843227/index26.ts
14:31:23.202 / (ERROR) DOWN: 远程服务器返回错误: (503) 服务器不可用。 https://cdn2.jiuse2.cloud/hls/843227/index20.ts
14:31:23.296 / (ERROR) DOWN: 远程服务器返回错误: (503) 服务器不可用。 https://cdn2.jiuse2.cloud/hls/843227/index17.ts
14:31:24.215 / (ERROR) DOWN: AUTO RETRY 3/3 https://cdn2.jiuse2.cloud/hls/843227/index20.ts
14:31:24.310 / (ERROR) DOWN: AUTO RETRY 3/3 https://cdn2.jiuse2.cloud/hls/843227/index17.ts
14:31:24.787 / (ERROR) DOWN: 远程服务器返回错误: (503) 服务器不可用。 https://cdn2.jiuse2.cloud/hls/843227/index17.ts
14:31:29.453 / (NORMAL) 完成数量 30 of 31
14:31:29.453 / (NORMAL) 重试次数 2 / 15
14:31:32.466 / (NORMAL) 开始下载文件
14:31:33.099 / (NORMAL) 开始合并分片...
14:31:33.225 / (NORMAL) 结果输出至 [ffreport.log]
14:31:33.225 / (NORMAL) 任务结束

Task End: 2024/04/21 14:31:33
File: D:\java\GitHub\pornMagnetSpringBoot\_91pornyy\ffmpeg_and_SimpleG\Downloads\单男无套爆操黑丝E奶御姐.mp4


