LOG 2024/04/21
Save Path: D:\java\GitHub\pornMagnetSpringBoot\_91pornyy\ffmpeg_and_SimpleG\Logs
Task Start: 2024/04/21 14:34:58
Task CommandLine: D:\java\GitHub\pornMagnetSpringBoot\_91pornyy\ffmpeg_and_SimpleG\N_m3u8DL-CLI_v3.0.2.exe https://cdn2.jiuse2.cloud/hls/414336/index.m3u8?t=1713681345&m=0awgcoqovXSJDkDeyXMcMA --saveName 强烈推荐，客服98年御姐 --workDir D:\java\GitHub\pornMagnetSpringBoot\_91pornyy\ffmpeg_and_SimpleG\Downloads

14:34:58.545 / (NORMAL) 开始解析 https://cdn2.jiuse2.cloud/hls/414336/index.m3u8?t=1713681345&m=0awgcoqovXSJDkDeyXMcMA
14:35:00.006 / (NORMAL) 写出meta.json
14:35:00.074 / (NORMAL) 开始下载文件
14:35:00.797 / (NORMAL) 读取文件信息...
14:35:00.856 / (NORMAL) PID 0x100: Video h264, yuv420p(progressive), 600x336, 30 fps, 30 tbr, 90k tbn, 60 tbc
14:35:00.856 / (NORMAL) PID 0x101: Audio aac, 44100 Hz, stereo, fltp, 89 kb/s
14:35:01.343 / (ERROR) DOWN: 远程服务器返回错误: (503) 服务器不可用。 https://cdn2.jiuse2.cloud/hls/414336/index13.ts
14:35:01.344 / (ERROR) DOWN: 远程服务器返回错误: (503) 服务器不可用。 https://cdn2.jiuse2.cloud/hls/414336/index17.ts
14:35:01.373 / (ERROR) DOWN: 远程服务器返回错误: (503) 服务器不可用。 https://cdn2.jiuse2.cloud/hls/414336/index9.ts
14:35:02.048 / (ERROR) DOWN: 远程服务器返回错误: (503) 服务器不可用。 https://cdn2.jiuse2.cloud/hls/414336/index19.ts
14:35:02.239 / (ERROR) DOWN: 远程服务器返回错误: (503) 服务器不可用。 https://cdn2.jiuse2.cloud/hls/414336/index12.ts
14:35:02.350 / (ERROR) DOWN: AUTO RETRY 1/3 https://cdn2.jiuse2.cloud/hls/414336/index13.ts
14:35:02.351 / (ERROR) DOWN: AUTO RETRY 1/3 https://cdn2.jiuse2.cloud/hls/414336/index17.ts
14:35:02.380 / (ERROR) DOWN: AUTO RETRY 1/3 https://cdn2.jiuse2.cloud/hls/414336/index9.ts
14:35:02.819 / (ERROR) DOWN: 远程服务器返回错误: (503) 服务器不可用。 https://cdn2.jiuse2.cloud/hls/414336/index13.ts
14:35:02.844 / (ERROR) DOWN: 远程服务器返回错误: (503) 服务器不可用。 https://cdn2.jiuse2.cloud/hls/414336/index9.ts
14:35:03.060 / (ERROR) DOWN: 远程服务器返回错误: (503) 服务器不可用。 https://cdn2.jiuse2.cloud/hls/414336/index21.ts
14:35:03.061 / (ERROR) DOWN: AUTO RETRY 1/3 https://cdn2.jiuse2.cloud/hls/414336/index19.ts
14:35:03.245 / (ERROR) DOWN: AUTO RETRY 1/3 https://cdn2.jiuse2.cloud/hls/414336/index12.ts
14:35:03.328 / (ERROR) DOWN: 远程服务器返回错误: (503) 服务器不可用。 https://cdn2.jiuse2.cloud/hls/414336/index8.ts
14:35:03.709 / (ERROR) DOWN: 远程服务器返回错误: (503) 服务器不可用。 https://cdn2.jiuse2.cloud/hls/414336/index12.ts
14:35:03.833 / (ERROR) DOWN: AUTO RETRY 2/3 https://cdn2.jiuse2.cloud/hls/414336/index13.ts
14:35:03.849 / (ERROR) DOWN: AUTO RETRY 2/3 https://cdn2.jiuse2.cloud/hls/414336/index9.ts
14:35:03.931 / (ERROR) DOWN: 远程服务器返回错误: (503) 服务器不可用。 https://cdn2.jiuse2.cloud/hls/414336/index4.ts
14:35:04.063 / (ERROR) DOWN: AUTO RETRY 1/3 https://cdn2.jiuse2.cloud/hls/414336/index21.ts
14:35:04.302 / (ERROR) DOWN: 远程服务器返回错误: (503) 服务器不可用。 https://cdn2.jiuse2.cloud/hls/414336/index13.ts
14:35:04.317 / (ERROR) DOWN: 远程服务器返回错误: (503) 服务器不可用。 https://cdn2.jiuse2.cloud/hls/414336/index9.ts
14:35:04.341 / (ERROR) DOWN: AUTO RETRY 1/3 https://cdn2.jiuse2.cloud/hls/414336/index8.ts
14:35:04.558 / (ERROR) DOWN: 远程服务器返回错误: (503) 服务器不可用。 https://cdn2.jiuse2.cloud/hls/414336/index23.ts
14:35:04.725 / (ERROR) DOWN: AUTO RETRY 2/3 https://cdn2.jiuse2.cloud/hls/414336/index12.ts
14:35:04.808 / (ERROR) DOWN: 远程服务器返回错误: (503) 服务器不可用。 https://cdn2.jiuse2.cloud/hls/414336/index8.ts
14:35:04.939 / (ERROR) DOWN: AUTO RETRY 1/3 https://cdn2.jiuse2.cloud/hls/414336/index4.ts
14:35:05.145 / (ERROR) DOWN: 远程服务器返回错误: (503) 服务器不可用。 https://cdn2.jiuse2.cloud/hls/414336/index2.ts
14:35:05.194 / (ERROR) DOWN: 远程服务器返回错误: (503) 服务器不可用。 https://cdn2.jiuse2.cloud/hls/414336/index12.ts
14:35:05.308 / (ERROR) DOWN: AUTO RETRY 3/3 https://cdn2.jiuse2.cloud/hls/414336/index13.ts
14:35:05.322 / (ERROR) DOWN: AUTO RETRY 3/3 https://cdn2.jiuse2.cloud/hls/414336/index9.ts
14:35:05.561 / (ERROR) DOWN: 远程服务器返回错误: (503) 服务器不可用。 https://cdn2.jiuse2.cloud/hls/414336/index25.ts
14:35:05.568 / (ERROR) DOWN: AUTO RETRY 1/3 https://cdn2.jiuse2.cloud/hls/414336/index23.ts
14:35:05.816 / (ERROR) DOWN: AUTO RETRY 2/3 https://cdn2.jiuse2.cloud/hls/414336/index8.ts
14:35:05.939 / (ERROR) DOWN: 远程服务器返回错误: (503) 服务器不可用。 https://cdn2.jiuse2.cloud/hls/414336/index6.ts
14:35:05.955 / (ERROR) DOWN: 远程服务器返回错误: (503) 服务器不可用。 https://cdn2.jiuse2.cloud/hls/414336/index13.ts
14:35:06.002 / (ERROR) DOWN: 远程服务器返回错误: (503) 服务器不可用。 https://cdn2.jiuse2.cloud/hls/414336/index9.ts
14:35:06.049 / (ERROR) DOWN: 远程服务器返回错误: (503) 服务器不可用。 https://cdn2.jiuse2.cloud/hls/414336/index23.ts
14:35:06.154 / (ERROR) DOWN: AUTO RETRY 1/3 https://cdn2.jiuse2.cloud/hls/414336/index2.ts
14:35:06.200 / (ERROR) DOWN: AUTO RETRY 3/3 https://cdn2.jiuse2.cloud/hls/414336/index12.ts
14:35:06.287 / (ERROR) DOWN: 远程服务器返回错误: (503) 服务器不可用。 https://cdn2.jiuse2.cloud/hls/414336/index8.ts
14:35:06.470 / (ERROR) DOWN: 远程服务器返回错误: (503) 服务器不可用。 https://cdn2.jiuse2.cloud/hls/414336/index10.ts
14:35:06.568 / (ERROR) DOWN: AUTO RETRY 1/3 https://cdn2.jiuse2.cloud/hls/414336/index25.ts
14:35:06.623 / (ERROR) DOWN: 远程服务器返回错误: (503) 服务器不可用。 https://cdn2.jiuse2.cloud/hls/414336/index2.ts
14:35:06.689 / (ERROR) DOWN: 远程服务器返回错误: (503) 服务器不可用。 https://cdn2.jiuse2.cloud/hls/414336/index12.ts
14:35:06.951 / (ERROR) DOWN: AUTO RETRY 1/3 https://cdn2.jiuse2.cloud/hls/414336/index6.ts
14:35:07.034 / (ERROR) DOWN: 远程服务器返回错误: (503) 服务器不可用。 https://cdn2.jiuse2.cloud/hls/414336/index25.ts
14:35:07.059 / (ERROR) DOWN: AUTO RETRY 2/3 https://cdn2.jiuse2.cloud/hls/414336/index23.ts
14:35:07.095 / (ERROR) DOWN: 远程服务器返回错误: (503) 服务器不可用。 https://cdn2.jiuse2.cloud/hls/414336/index27.ts
14:35:07.153 / (ERROR) DOWN: 远程服务器返回错误: (503) 服务器不可用。 https://cdn2.jiuse2.cloud/hls/414336/index16.ts
14:35:07.289 / (ERROR) DOWN: AUTO RETRY 3/3 https://cdn2.jiuse2.cloud/hls/414336/index8.ts
14:35:07.419 / (ERROR) DOWN: 远程服务器返回错误: (503) 服务器不可用。 https://cdn2.jiuse2.cloud/hls/414336/index6.ts
14:35:07.472 / (ERROR) DOWN: AUTO RETRY 1/3 https://cdn2.jiuse2.cloud/hls/414336/index10.ts
14:35:07.525 / (ERROR) DOWN: 远程服务器返回错误: (503) 服务器不可用。 https://cdn2.jiuse2.cloud/hls/414336/index23.ts
14:35:07.628 / (ERROR) DOWN: AUTO RETRY 2/3 https://cdn2.jiuse2.cloud/hls/414336/index2.ts
14:35:07.757 / (ERROR) DOWN: 远程服务器返回错误: (503) 服务器不可用。 https://cdn2.jiuse2.cloud/hls/414336/index8.ts
14:35:07.939 / (ERROR) DOWN: 远程服务器返回错误: (503) 服务器不可用。 https://cdn2.jiuse2.cloud/hls/414336/index10.ts
14:35:08.043 / (ERROR) DOWN: AUTO RETRY 2/3 https://cdn2.jiuse2.cloud/hls/414336/index25.ts
14:35:08.045 / (ERROR) DOWN: 远程服务器返回错误: (503) 服务器不可用。 https://cdn2.jiuse2.cloud/hls/414336/index29.ts
14:35:08.090 / (ERROR) DOWN: 远程服务器返回错误: (503) 服务器不可用。 https://cdn2.jiuse2.cloud/hls/414336/index2.ts
14:35:08.104 / (ERROR) DOWN: AUTO RETRY 1/3 https://cdn2.jiuse2.cloud/hls/414336/index27.ts
14:35:08.140 / (ERROR) DOWN: 远程服务器返回错误: (503) 服务器不可用。 https://cdn2.jiuse2.cloud/hls/414336/index20.ts
14:35:08.165 / (ERROR) DOWN: AUTO RETRY 1/3 https://cdn2.jiuse2.cloud/hls/414336/index16.ts
14:35:08.223 / (ERROR) DOWN: 远程服务器返回错误: (503) 服务器不可用。 https://cdn2.jiuse2.cloud/hls/414336/index22.ts
14:35:08.425 / (ERROR) DOWN: AUTO RETRY 2/3 https://cdn2.jiuse2.cloud/hls/414336/index6.ts
14:35:08.532 / (ERROR) DOWN: AUTO RETRY 3/3 https://cdn2.jiuse2.cloud/hls/414336/index23.ts
14:35:08.574 / (ERROR) DOWN: 远程服务器返回错误: (503) 服务器不可用。 https://cdn2.jiuse2.cloud/hls/414336/index27.ts
14:35:08.633 / (ERROR) DOWN: 远程服务器返回错误: (503) 服务器不可用。 https://cdn2.jiuse2.cloud/hls/414336/index16.ts
14:35:08.886 / (ERROR) DOWN: 远程服务器返回错误: (503) 服务器不可用。 https://cdn2.jiuse2.cloud/hls/414336/index6.ts
14:35:08.947 / (ERROR) DOWN: AUTO RETRY 2/3 https://cdn2.jiuse2.cloud/hls/414336/index10.ts
14:35:09.002 / (ERROR) DOWN: 远程服务器返回错误: (503) 服务器不可用。 https://cdn2.jiuse2.cloud/hls/414336/index23.ts
14:35:09.050 / (ERROR) DOWN: 远程服务器返回错误: (503) 服务器不可用。 https://cdn2.jiuse2.cloud/hls/414336/index31.ts
14:35:09.053 / (ERROR) DOWN: AUTO RETRY 1/3 https://cdn2.jiuse2.cloud/hls/414336/index29.ts
14:35:09.100 / (ERROR) DOWN: AUTO RETRY 3/3 https://cdn2.jiuse2.cloud/hls/414336/index2.ts
14:35:09.146 / (ERROR) DOWN: AUTO RETRY 1/3 https://cdn2.jiuse2.cloud/hls/414336/index20.ts
14:35:09.239 / (ERROR) DOWN: AUTO RETRY 1/3 https://cdn2.jiuse2.cloud/hls/414336/index22.ts
14:35:09.561 / (ERROR) DOWN: 远程服务器返回错误: (503) 服务器不可用。 https://cdn2.jiuse2.cloud/hls/414336/index24.ts
14:35:09.567 / (ERROR) DOWN: 远程服务器返回错误: (503) 服务器不可用。 https://cdn2.jiuse2.cloud/hls/414336/index2.ts
14:35:09.576 / (ERROR) DOWN: AUTO RETRY 2/3 https://cdn2.jiuse2.cloud/hls/414336/index27.ts
14:35:09.612 / (ERROR) DOWN: 远程服务器返回错误: (503) 服务器不可用。 https://cdn2.jiuse2.cloud/hls/414336/index20.ts
14:35:09.638 / (ERROR) DOWN: AUTO RETRY 2/3 https://cdn2.jiuse2.cloud/hls/414336/index16.ts
14:35:09.644 / (ERROR) DOWN: 远程服务器返回错误: (503) 服务器不可用。 https://cdn2.jiuse2.cloud/hls/414336/index26.ts
14:35:09.702 / (ERROR) DOWN: 远程服务器返回错误: (503) 服务器不可用。 https://cdn2.jiuse2.cloud/hls/414336/index22.ts
14:35:09.703 / (ERROR) DOWN: 远程服务器返回错误: (503) 服务器不可用。 https://cdn2.jiuse2.cloud/hls/414336/index29.ts
14:35:09.899 / (ERROR) DOWN: AUTO RETRY 3/3 https://cdn2.jiuse2.cloud/hls/414336/index6.ts
14:35:10.033 / (ERROR) DOWN: 远程服务器返回错误: (503) 服务器不可用。 https://cdn2.jiuse2.cloud/hls/414336/index28.ts
14:35:10.044 / (ERROR) DOWN: 远程服务器返回错误: (503) 服务器不可用。 https://cdn2.jiuse2.cloud/hls/414336/index27.ts
14:35:10.054 / (ERROR) DOWN: AUTO RETRY 1/3 https://cdn2.jiuse2.cloud/hls/414336/index31.ts
14:35:10.109 / (ERROR) DOWN: 远程服务器返回错误: (503) 服务器不可用。 https://cdn2.jiuse2.cloud/hls/414336/index16.ts
14:35:10.124 / (ERROR) DOWN: 远程服务器返回错误: (503) 服务器不可用。 https://cdn2.jiuse2.cloud/hls/414336/index30.ts
14:35:10.518 / (ERROR) DOWN: 远程服务器返回错误: (503) 服务器不可用。 https://cdn2.jiuse2.cloud/hls/414336/index31.ts
14:35:10.566 / (ERROR) DOWN: AUTO RETRY 1/3 https://cdn2.jiuse2.cloud/hls/414336/index24.ts
14:35:10.627 / (ERROR) DOWN: AUTO RETRY 2/3 https://cdn2.jiuse2.cloud/hls/414336/index20.ts
14:35:10.659 / (ERROR) DOWN: AUTO RETRY 1/3 https://cdn2.jiuse2.cloud/hls/414336/index26.ts
14:35:10.705 / (ERROR) DOWN: AUTO RETRY 2/3 https://cdn2.jiuse2.cloud/hls/414336/index22.ts
14:35:10.706 / (ERROR) DOWN: AUTO RETRY 2/3 https://cdn2.jiuse2.cloud/hls/414336/index29.ts
14:35:11.037 / (ERROR) DOWN: 远程服务器返回错误: (503) 服务器不可用。 https://cdn2.jiuse2.cloud/hls/414336/index24.ts
14:35:11.043 / (ERROR) DOWN: AUTO RETRY 1/3 https://cdn2.jiuse2.cloud/hls/414336/index28.ts
14:35:11.058 / (ERROR) DOWN: AUTO RETRY 3/3 https://cdn2.jiuse2.cloud/hls/414336/index27.ts
14:35:11.103 / (ERROR) DOWN: 远程服务器返回错误: (503) 服务器不可用。 https://cdn2.jiuse2.cloud/hls/414336/index20.ts
14:35:11.121 / (ERROR) DOWN: AUTO RETRY 3/3 https://cdn2.jiuse2.cloud/hls/414336/index16.ts
14:35:11.131 / (ERROR) DOWN: 远程服务器返回错误: (503) 服务器不可用。 https://cdn2.jiuse2.cloud/hls/414336/index26.ts
14:35:11.135 / (ERROR) DOWN: AUTO RETRY 1/3 https://cdn2.jiuse2.cloud/hls/414336/index30.ts
14:35:11.189 / (ERROR) DOWN: 远程服务器返回错误: (503) 服务器不可用。 https://cdn2.jiuse2.cloud/hls/414336/index22.ts
14:35:11.510 / (ERROR) DOWN: 远程服务器返回错误: (503) 服务器不可用。 https://cdn2.jiuse2.cloud/hls/414336/index28.ts
14:35:11.521 / (ERROR) DOWN: AUTO RETRY 2/3 https://cdn2.jiuse2.cloud/hls/414336/index31.ts
14:35:11.527 / (ERROR) DOWN: 远程服务器返回错误: (503) 服务器不可用。 https://cdn2.jiuse2.cloud/hls/414336/index27.ts
14:35:11.588 / (ERROR) DOWN: 远程服务器返回错误: (503) 服务器不可用。 https://cdn2.jiuse2.cloud/hls/414336/index16.ts
14:35:11.589 / (ERROR) DOWN: 远程服务器返回错误: (503) 服务器不可用。 https://cdn2.jiuse2.cloud/hls/414336/index32.ts
14:35:11.596 / (ERROR) DOWN: 远程服务器返回错误: (503) 服务器不可用。 https://cdn2.jiuse2.cloud/hls/414336/index30.ts
14:35:12.042 / (ERROR) DOWN: AUTO RETRY 2/3 https://cdn2.jiuse2.cloud/hls/414336/index24.ts
14:35:12.047 / (ERROR) DOWN: 远程服务器返回错误: (503) 服务器不可用。 https://cdn2.jiuse2.cloud/hls/414336/index35.ts
14:35:12.047 / (ERROR) DOWN: 远程服务器返回错误: (503) 服务器不可用。 https://cdn2.jiuse2.cloud/hls/414336/index31.ts
14:35:12.050 / (ERROR) DOWN: 远程服务器返回错误: (503) 服务器不可用。 https://cdn2.jiuse2.cloud/hls/414336/index33.ts
14:35:12.119 / (ERROR) DOWN: AUTO RETRY 3/3 https://cdn2.jiuse2.cloud/hls/414336/index20.ts
14:35:12.134 / (ERROR) DOWN: AUTO RETRY 2/3 https://cdn2.jiuse2.cloud/hls/414336/index26.ts
14:35:12.196 / (ERROR) DOWN: AUTO RETRY 3/3 https://cdn2.jiuse2.cloud/hls/414336/index22.ts
14:35:12.506 / (ERROR) DOWN: 远程服务器返回错误: (503) 服务器不可用。 https://cdn2.jiuse2.cloud/hls/414336/index24.ts
14:35:12.522 / (ERROR) DOWN: AUTO RETRY 2/3 https://cdn2.jiuse2.cloud/hls/414336/index28.ts
14:35:12.588 / (ERROR) DOWN: 远程服务器返回错误: (503) 服务器不可用。 https://cdn2.jiuse2.cloud/hls/414336/index20.ts
14:35:12.595 / (ERROR) DOWN: 远程服务器返回错误: (503) 服务器不可用。 https://cdn2.jiuse2.cloud/hls/414336/index26.ts
14:35:12.597 / (ERROR) DOWN: AUTO RETRY 1/3 https://cdn2.jiuse2.cloud/hls/414336/index32.ts
14:35:12.598 / (ERROR) DOWN: AUTO RETRY 2/3 https://cdn2.jiuse2.cloud/hls/414336/index30.ts
14:35:12.847 / (ERROR) DOWN: 远程服务器返回错误: (503) 服务器不可用。 https://cdn2.jiuse2.cloud/hls/414336/index22.ts
14:35:12.992 / (ERROR) DOWN: 远程服务器返回错误: (503) 服务器不可用。 https://cdn2.jiuse2.cloud/hls/414336/index28.ts
14:35:13.053 / (ERROR) DOWN: 远程服务器返回错误: (503) 服务器不可用。 https://cdn2.jiuse2.cloud/hls/414336/index39.ts
14:35:13.061 / (ERROR) DOWN: AUTO RETRY 3/3 https://cdn2.jiuse2.cloud/hls/414336/index31.ts
14:35:13.061 / (ERROR) DOWN: AUTO RETRY 1/3 https://cdn2.jiuse2.cloud/hls/414336/index33.ts
14:35:13.063 / (ERROR) DOWN: AUTO RETRY 1/3 https://cdn2.jiuse2.cloud/hls/414336/index35.ts
14:35:13.064 / (ERROR) DOWN: 远程服务器返回错误: (503) 服务器不可用。 https://cdn2.jiuse2.cloud/hls/414336/index32.ts
14:35:13.065 / (ERROR) DOWN: 远程服务器返回错误: (503) 服务器不可用。 https://cdn2.jiuse2.cloud/hls/414336/index30.ts
14:35:13.313 / (ERROR) DOWN: 远程服务器返回错误: (503) 服务器不可用。 https://cdn2.jiuse2.cloud/hls/414336/index41.ts
14:35:13.509 / (ERROR) DOWN: AUTO RETRY 3/3 https://cdn2.jiuse2.cloud/hls/414336/index24.ts
14:35:13.534 / (ERROR) DOWN: 远程服务器返回错误: (503) 服务器不可用。 https://cdn2.jiuse2.cloud/hls/414336/index31.ts
14:35:13.535 / (ERROR) DOWN: 远程服务器返回错误: (503) 服务器不可用。 https://cdn2.jiuse2.cloud/hls/414336/index33.ts
14:35:13.536 / (ERROR) DOWN: 远程服务器返回错误: (503) 服务器不可用。 https://cdn2.jiuse2.cloud/hls/414336/index35.ts
14:35:13.601 / (ERROR) DOWN: AUTO RETRY 3/3 https://cdn2.jiuse2.cloud/hls/414336/index26.ts
14:35:13.975 / (ERROR) DOWN: 远程服务器返回错误: (503) 服务器不可用。 https://cdn2.jiuse2.cloud/hls/414336/index24.ts
14:35:14.001 / (ERROR) DOWN: AUTO RETRY 3/3 https://cdn2.jiuse2.cloud/hls/414336/index28.ts
14:35:14.062 / (ERROR) DOWN: AUTO RETRY 1/3 https://cdn2.jiuse2.cloud/hls/414336/index39.ts
14:35:14.069 / (ERROR) DOWN: 远程服务器返回错误: (503) 服务器不可用。 https://cdn2.jiuse2.cloud/hls/414336/index26.ts
14:35:14.077 / (ERROR) DOWN: AUTO RETRY 3/3 https://cdn2.jiuse2.cloud/hls/414336/index30.ts
14:35:14.078 / (ERROR) DOWN: AUTO RETRY 2/3 https://cdn2.jiuse2.cloud/hls/414336/index32.ts
14:35:14.326 / (ERROR) DOWN: AUTO RETRY 1/3 https://cdn2.jiuse2.cloud/hls/414336/index41.ts
14:35:14.543 / (ERROR) DOWN: AUTO RETRY 2/3 https://cdn2.jiuse2.cloud/hls/414336/index33.ts
14:35:14.543 / (ERROR) DOWN: AUTO RETRY 2/3 https://cdn2.jiuse2.cloud/hls/414336/index35.ts
14:35:14.553 / (ERROR) DOWN: 远程服务器返回错误: (503) 服务器不可用。 https://cdn2.jiuse2.cloud/hls/414336/index30.ts
14:35:14.553 / (ERROR) DOWN: 远程服务器返回错误: (503) 服务器不可用。 https://cdn2.jiuse2.cloud/hls/414336/index32.ts
14:35:14.654 / (ERROR) DOWN: 远程服务器返回错误: (503) 服务器不可用。 https://cdn2.jiuse2.cloud/hls/414336/index28.ts
14:35:14.796 / (ERROR) DOWN: 远程服务器返回错误: (503) 服务器不可用。 https://cdn2.jiuse2.cloud/hls/414336/index41.ts
14:35:15.012 / (ERROR) DOWN: 远程服务器返回错误: (503) 服务器不可用。 https://cdn2.jiuse2.cloud/hls/414336/index33.ts
14:35:15.012 / (ERROR) DOWN: 远程服务器返回错误: (503) 服务器不可用。 https://cdn2.jiuse2.cloud/hls/414336/index35.ts
14:35:15.561 / (ERROR) DOWN: AUTO RETRY 3/3 https://cdn2.jiuse2.cloud/hls/414336/index32.ts
14:35:15.806 / (ERROR) DOWN: AUTO RETRY 2/3 https://cdn2.jiuse2.cloud/hls/414336/index41.ts
14:35:16.074 / (ERROR) DOWN: AUTO RETRY 3/3 https://cdn2.jiuse2.cloud/hls/414336/index35.ts
14:35:16.076 / (ERROR) DOWN: AUTO RETRY 3/3 https://cdn2.jiuse2.cloud/hls/414336/index33.ts
14:35:16.545 / (ERROR) DOWN: 远程服务器返回错误: (503) 服务器不可用。 https://cdn2.jiuse2.cloud/hls/414336/index33.ts
14:35:16.691 / (ERROR) DOWN: 远程服务器返回错误: (503) 服务器不可用。 https://cdn2.jiuse2.cloud/hls/414336/index41.ts
14:35:17.038 / (ERROR) DOWN: 远程服务器返回错误: (503) 服务器不可用。 https://cdn2.jiuse2.cloud/hls/414336/index34.ts
14:35:17.705 / (ERROR) DOWN: AUTO RETRY 3/3 https://cdn2.jiuse2.cloud/hls/414336/index41.ts
14:35:18.043 / (ERROR) DOWN: AUTO RETRY 1/3 https://cdn2.jiuse2.cloud/hls/414336/index34.ts
14:35:18.536 / (ERROR) DOWN: 远程服务器返回错误: (503) 服务器不可用。 https://cdn2.jiuse2.cloud/hls/414336/index41.ts
14:35:18.949 / (ERROR) DOWN: 远程服务器返回错误: (503) 服务器不可用。 https://cdn2.jiuse2.cloud/hls/414336/index44.ts
14:35:19.955 / (ERROR) DOWN: AUTO RETRY 1/3 https://cdn2.jiuse2.cloud/hls/414336/index44.ts
14:35:20.306 / (ERROR) DOWN: 远程服务器返回错误: (503) 服务器不可用。 https://cdn2.jiuse2.cloud/hls/414336/index40.ts
14:35:21.313 / (ERROR) DOWN: AUTO RETRY 1/3 https://cdn2.jiuse2.cloud/hls/414336/index40.ts
14:35:27.984 / (NORMAL) 完成数量 28 of 45
14:35:27.984 / (NORMAL) 重试次数 1 / 15
14:35:31.000 / (NORMAL) 开始下载文件
14:35:31.487 / (ERROR) DOWN: 远程服务器返回错误: (503) 服务器不可用。 https://cdn2.jiuse2.cloud/hls/414336/index26.ts
14:35:31.488 / (ERROR) DOWN: 远程服务器返回错误: (503) 服务器不可用。 https://cdn2.jiuse2.cloud/hls/414336/index24.ts
14:35:31.488 / (ERROR) DOWN: 远程服务器返回错误: (503) 服务器不可用。 https://cdn2.jiuse2.cloud/hls/414336/index22.ts
14:35:31.489 / (ERROR) DOWN: 远程服务器返回错误: (503) 服务器不可用。 https://cdn2.jiuse2.cloud/hls/414336/index33.ts
14:35:31.547 / (ERROR) DOWN: 远程服务器返回错误: (503) 服务器不可用。 https://cdn2.jiuse2.cloud/hls/414336/index31.ts
14:35:31.644 / (ERROR) DOWN: 远程服务器返回错误: (503) 服务器不可用。 https://cdn2.jiuse2.cloud/hls/414336/index20.ts
14:35:31.645 / (ERROR) DOWN: 远程服务器返回错误: (503) 服务器不可用。 https://cdn2.jiuse2.cloud/hls/414336/index8.ts
14:35:31.645 / (ERROR) DOWN: 远程服务器返回错误: (503) 服务器不可用。 https://cdn2.jiuse2.cloud/hls/414336/index30.ts
14:35:31.696 / (ERROR) DOWN: 远程服务器返回错误: (503) 服务器不可用。 https://cdn2.jiuse2.cloud/hls/414336/index12.ts
14:35:31.697 / (ERROR) DOWN: 远程服务器返回错误: (503) 服务器不可用。 https://cdn2.jiuse2.cloud/hls/414336/index16.ts
14:35:32.207 / (ERROR) DOWN: 远程服务器返回错误: (503) 服务器不可用。 https://cdn2.jiuse2.cloud/hls/414336/index41.ts
14:35:32.493 / (ERROR) DOWN: AUTO RETRY 1/3 https://cdn2.jiuse2.cloud/hls/414336/index24.ts
14:35:32.494 / (ERROR) DOWN: AUTO RETRY 1/3 https://cdn2.jiuse2.cloud/hls/414336/index33.ts
14:35:32.495 / (ERROR) DOWN: AUTO RETRY 1/3 https://cdn2.jiuse2.cloud/hls/414336/index22.ts
14:35:32.496 / (ERROR) DOWN: AUTO RETRY 1/3 https://cdn2.jiuse2.cloud/hls/414336/index26.ts
14:35:32.556 / (ERROR) DOWN: AUTO RETRY 1/3 https://cdn2.jiuse2.cloud/hls/414336/index31.ts
14:35:32.647 / (ERROR) DOWN: AUTO RETRY 1/3 https://cdn2.jiuse2.cloud/hls/414336/index30.ts
14:35:32.647 / (ERROR) DOWN: AUTO RETRY 1/3 https://cdn2.jiuse2.cloud/hls/414336/index8.ts
14:35:32.648 / (ERROR) DOWN: AUTO RETRY 1/3 https://cdn2.jiuse2.cloud/hls/414336/index20.ts
14:35:32.710 / (ERROR) DOWN: AUTO RETRY 1/3 https://cdn2.jiuse2.cloud/hls/414336/index12.ts
14:35:32.711 / (ERROR) DOWN: AUTO RETRY 1/3 https://cdn2.jiuse2.cloud/hls/414336/index16.ts
14:35:32.969 / (ERROR) DOWN: 远程服务器返回错误: (503) 服务器不可用。 https://cdn2.jiuse2.cloud/hls/414336/index24.ts
14:35:32.969 / (ERROR) DOWN: 远程服务器返回错误: (503) 服务器不可用。 https://cdn2.jiuse2.cloud/hls/414336/index22.ts
14:35:33.025 / (ERROR) DOWN: 远程服务器返回错误: (503) 服务器不可用。 https://cdn2.jiuse2.cloud/hls/414336/index31.ts
14:35:33.118 / (ERROR) DOWN: 远程服务器返回错误: (503) 服务器不可用。 https://cdn2.jiuse2.cloud/hls/414336/index30.ts
14:35:33.153 / (ERROR) DOWN: 远程服务器返回错误: (503) 服务器不可用。 https://cdn2.jiuse2.cloud/hls/414336/index26.ts
14:35:33.182 / (ERROR) DOWN: 远程服务器返回错误: (503) 服务器不可用。 https://cdn2.jiuse2.cloud/hls/414336/index16.ts
14:35:33.184 / (ERROR) DOWN: 远程服务器返回错误: (503) 服务器不可用。 https://cdn2.jiuse2.cloud/hls/414336/index12.ts
14:35:33.215 / (ERROR) DOWN: AUTO RETRY 1/3 https://cdn2.jiuse2.cloud/hls/414336/index41.ts
14:35:33.303 / (ERROR) DOWN: 远程服务器返回错误: (503) 服务器不可用。 https://cdn2.jiuse2.cloud/hls/414336/index8.ts
14:35:33.313 / (ERROR) DOWN: 远程服务器返回错误: (503) 服务器不可用。 https://cdn2.jiuse2.cloud/hls/414336/index20.ts
14:35:33.970 / (ERROR) DOWN: AUTO RETRY 2/3 https://cdn2.jiuse2.cloud/hls/414336/index24.ts
14:35:33.986 / (ERROR) DOWN: AUTO RETRY 2/3 https://cdn2.jiuse2.cloud/hls/414336/index22.ts
14:35:34.032 / (ERROR) DOWN: AUTO RETRY 2/3 https://cdn2.jiuse2.cloud/hls/414336/index31.ts
14:35:34.125 / (ERROR) DOWN: AUTO RETRY 2/3 https://cdn2.jiuse2.cloud/hls/414336/index30.ts
14:35:34.155 / (ERROR) DOWN: AUTO RETRY 2/3 https://cdn2.jiuse2.cloud/hls/414336/index26.ts
14:35:34.186 / (ERROR) DOWN: AUTO RETRY 2/3 https://cdn2.jiuse2.cloud/hls/414336/index16.ts
14:35:34.186 / (ERROR) DOWN: AUTO RETRY 2/3 https://cdn2.jiuse2.cloud/hls/414336/index12.ts
14:35:34.309 / (ERROR) DOWN: AUTO RETRY 2/3 https://cdn2.jiuse2.cloud/hls/414336/index8.ts
14:35:34.324 / (ERROR) DOWN: AUTO RETRY 2/3 https://cdn2.jiuse2.cloud/hls/414336/index20.ts
14:35:34.437 / (ERROR) DOWN: 远程服务器返回错误: (503) 服务器不可用。 https://cdn2.jiuse2.cloud/hls/414336/index24.ts
14:35:34.453 / (ERROR) DOWN: 远程服务器返回错误: (503) 服务器不可用。 https://cdn2.jiuse2.cloud/hls/414336/index22.ts
14:35:34.592 / (ERROR) DOWN: 远程服务器返回错误: (503) 服务器不可用。 https://cdn2.jiuse2.cloud/hls/414336/index30.ts
14:35:34.623 / (ERROR) DOWN: 远程服务器返回错误: (503) 服务器不可用。 https://cdn2.jiuse2.cloud/hls/414336/index26.ts
14:35:34.655 / (ERROR) DOWN: 远程服务器返回错误: (503) 服务器不可用。 https://cdn2.jiuse2.cloud/hls/414336/index12.ts
14:35:34.854 / (ERROR) DOWN: 远程服务器返回错误: (503) 服务器不可用。 https://cdn2.jiuse2.cloud/hls/414336/index16.ts
14:35:34.934 / (ERROR) DOWN: 远程服务器返回错误: (503) 服务器不可用。 https://cdn2.jiuse2.cloud/hls/414336/index8.ts
14:35:34.950 / (ERROR) DOWN: 远程服务器返回错误: (503) 服务器不可用。 https://cdn2.jiuse2.cloud/hls/414336/index20.ts
14:35:35.446 / (ERROR) DOWN: AUTO RETRY 3/3 https://cdn2.jiuse2.cloud/hls/414336/index24.ts
14:35:35.462 / (ERROR) DOWN: AUTO RETRY 3/3 https://cdn2.jiuse2.cloud/hls/414336/index22.ts
14:35:35.601 / (ERROR) DOWN: AUTO RETRY 3/3 https://cdn2.jiuse2.cloud/hls/414336/index30.ts
14:35:35.631 / (ERROR) DOWN: AUTO RETRY 3/3 https://cdn2.jiuse2.cloud/hls/414336/index26.ts
14:35:35.661 / (ERROR) DOWN: AUTO RETRY 3/3 https://cdn2.jiuse2.cloud/hls/414336/index12.ts
14:35:35.862 / (ERROR) DOWN: AUTO RETRY 3/3 https://cdn2.jiuse2.cloud/hls/414336/index16.ts
14:35:35.939 / (ERROR) DOWN: AUTO RETRY 3/3 https://cdn2.jiuse2.cloud/hls/414336/index8.ts
14:35:35.955 / (ERROR) DOWN: AUTO RETRY 3/3 https://cdn2.jiuse2.cloud/hls/414336/index20.ts
14:35:36.063 / (ERROR) DOWN: 远程服务器返回错误: (503) 服务器不可用。 https://cdn2.jiuse2.cloud/hls/414336/index22.ts
14:35:36.091 / (ERROR) DOWN: 远程服务器返回错误: (503) 服务器不可用。 https://cdn2.jiuse2.cloud/hls/414336/index26.ts
14:35:36.229 / (ERROR) DOWN: 远程服务器返回错误: (503) 服务器不可用。 https://cdn2.jiuse2.cloud/hls/414336/index12.ts
14:35:36.328 / (ERROR) DOWN: 远程服务器返回错误: (503) 服务器不可用。 https://cdn2.jiuse2.cloud/hls/414336/index16.ts
14:35:36.413 / (ERROR) DOWN: 远程服务器返回错误: (503) 服务器不可用。 https://cdn2.jiuse2.cloud/hls/414336/index8.ts
14:35:36.418 / (ERROR) DOWN: 远程服务器返回错误: (503) 服务器不可用。 https://cdn2.jiuse2.cloud/hls/414336/index20.ts
14:35:36.445 / (ERROR) DOWN: 远程服务器返回错误: (503) 服务器不可用。 https://cdn2.jiuse2.cloud/hls/414336/index30.ts
14:35:40.997 / (NORMAL) 完成数量 38 of 45
14:35:40.997 / (NORMAL) 重试次数 2 / 15
14:35:44.004 / (NORMAL) 开始下载文件
14:35:44.659 / (ERROR) DOWN: 远程服务器返回错误: (503) 服务器不可用。 https://cdn2.jiuse2.cloud/hls/414336/index30.ts
14:35:45.668 / (ERROR) DOWN: AUTO RETRY 1/3 https://cdn2.jiuse2.cloud/hls/414336/index30.ts
14:35:50.629 / (NORMAL) 开始合并分片...
14:35:50.801 / (NORMAL) 结果输出至 [ffreport.log]
14:35:50.801 / (NORMAL) 任务结束

Task End: 2024/04/21 14:35:50
File: D:\java\GitHub\pornMagnetSpringBoot\_91pornyy\ffmpeg_and_SimpleG\Downloads\强烈推荐，客服98年御姐.mp4


