ffmpeg started on 2024-04-21 at 14:29:33
Report written to "D:/java/GitHub/pornMagnetSpringBoot/_91pornyy/ffmpeg_and_SimpleG/Logs/2024-04-21_14-24-41-191_ffreport.log"
Command line:
"D:\\java\\GitHub\\pornMagnetSpringBoot\\ffmpeg.exe" -loglevel warning -i "concat:000.ts|001.ts|002.ts|003.ts|004.ts|005.ts|006.ts|007.ts|008.ts|009.ts|010.ts|011.ts|012.ts|013.ts|014.ts|015.ts|016.ts|017.ts|018.ts|019.ts|020.ts|021.ts|022.ts|023.ts|024.ts|025.ts|026.ts|027.ts|028.ts|029.ts|030.ts|031.ts|032.ts|033.ts|034.ts|035.ts|036.ts|037.ts|038.ts|039.ts|040.ts|041.ts|042.ts|043.ts|044.ts|045.ts|046.ts|047.ts|048.ts|049.ts|050.ts|051.ts|052.ts|053.ts|054.ts|055.ts|056.ts|057.ts|058.ts|059.ts|060.ts|061.ts|062.ts|063.ts|064.ts|065.ts|066.ts|067.ts|068.ts|069.ts|070.ts|071.ts|072.ts|073.ts|074.ts|075.ts|076.ts|077.ts|078.ts|079.ts|080.ts|081.ts|082.ts|083.ts|084.ts|085.ts|086.ts|087.ts|088.ts|089.ts|090.ts|091.ts|092.ts|093.ts|094.ts|095.ts|096.ts|097.ts|098.ts|099.ts|100.ts|101.ts|102.ts|103.ts|104.ts|105.ts|106.ts|107.ts|108.ts|109.ts|110.ts|111.ts|112.ts|113.ts|114.ts|115.ts|116.ts|117.ts|118.ts|119.ts|120.ts|121.ts|122.ts|123.ts|124.ts|125.ts|126.ts|127.ts|128.ts|129.ts|130.ts|131.ts|132.ts|133.ts|134.ts|135.ts|136.ts|137.ts|138.ts|139.ts|140.ts|141.ts|142.ts|143.ts|144.ts|145.ts|146.ts|147.ts|148.ts|149.ts|150.ts|151.ts|152.ts|153.ts|154.ts|155.ts|156.ts|157.ts|158.ts|159.ts|160.ts|161.ts|162.ts|163.ts|164.ts|165.ts|166.ts|167.ts|168.ts|169.ts|170.ts|171.ts|172.ts|173.ts|174.ts|175.ts|176.ts|177.ts|178.ts|179.ts|180.ts|181.ts|182.ts|183.ts|184.ts|185.ts|186.ts|187.ts|188.ts|189.ts|190.ts|191.ts|192.ts|193.ts|194.ts|195.ts|196.ts|197.ts|198.ts|199.ts|200.ts|201.ts|202.ts|203.ts|204.ts|205.ts|206.ts|207.ts|208.ts|209.ts|210.ts|211.ts|212.ts|213.ts|214.ts|215.ts|216.ts|217.ts|218.ts|219.ts|220.ts|221.ts|222.ts|223.ts|224.ts|225.ts|226.ts|227.ts|228.ts|229.ts|230.ts|231.ts|232.ts|233.ts|234.ts|235.ts|236.ts|237.ts|238.ts|239.ts|240.ts|241.ts|242.ts|243.ts|244.ts|245.ts|246.ts|247.ts|248.ts|249.ts|250.ts|251.ts|252.ts|253.ts|254.ts|255.ts|256.ts|257.ts|258.ts|259.ts|260.ts|261.ts|262.ts|263.ts|264.ts|265.ts|266.ts|267.ts|268.ts|269.ts|270.ts|" -map "0:v?" -map "0:a?" -map "0:s?" -metadata "date=2024-04-21T14:29:33.2943786+08:00" -metadata "encoding_tool=" -metadata "title=" -metadata "copyright=" -metadata "comment=" -metadata:s:a:0 "handler_name=" -metadata:s:a:0 "handler=" -c copy -y -bsf:a aac_adtstoasc "D:\\java\\GitHub\\pornMagnetSpringBoot\\_91pornyy\\ffmpeg_and_SimpleG\\Downloads\\\xb6\xcc\xb7\xa2\xd3\xf9\xbd\xe3\xb3\xd4\xcd\xea\xcf\xfc\xd2\xb9\xcd\xe6\xb8\xf63P.mp4"
ffmpeg version N-94813-g85386c36e3-ffmpeg-for-N_m3u8DL-CLI Copyright (c) 2000-2019 the FFmpeg developers
  built with gcc 8.2.0 (GCC)
  libavutil      56. 35.100 / 56. 35.100
  libavcodec     58. 56.101 / 58. 56.101
  libavformat    58. 32.104 / 58. 32.104
  libavfilter     7. 58.102 /  7. 58.102
  libavresample   4.  0.  0 /  4.  0.  0
  libswresample   3.  6.100 /  3.  6.100
Input #0, mpegts, from 'concat:000.ts|001.ts|002.ts|003.ts|004.ts|005.ts|006.ts|007.ts|008.ts|009.ts|010.ts|011.ts|012.ts|013.ts|014.ts|015.ts|016.ts|017.ts|018.ts|019.ts|020.ts|021.ts|022.ts|023.ts|024.ts|025.ts|026.ts|027.ts|028.ts|029.ts|030.ts|031.ts|032.ts|033.ts|034.ts|035.ts|036.ts|037.ts|038.ts|039.ts|040.ts|041.ts|042.ts|043.ts|044.ts|045.ts|046.ts|047.ts|048.ts|049.ts|050.ts|051.ts|052.ts|053.ts|054.ts|055.ts|056.ts|057.ts|058.ts|059.ts|060.ts|061.ts|062.ts|063.ts|064.ts|065.ts|066.ts|067.ts|068.ts|069.ts|070.ts|071.ts|072.ts|073.ts|074.ts|075.ts|076.ts|077.ts|078.ts|079.ts|080.ts|081.ts|082.ts|083.ts|084.ts|085.ts|086.ts|087.ts|088.ts|089.ts|090.ts|091.ts|092.ts|093.ts|094.ts|095.ts|096.ts|097.ts|098.ts|099.ts|100.ts|101.ts|102.ts|103.ts|104.ts|105.ts|106.ts|107.ts|108.ts|109.ts|110.ts|111.ts|112.ts|113.ts|114.ts|115.ts|116.ts|117.ts|118.ts|119.ts|120.ts|121.ts|122.ts|123.ts|124.ts|125.ts|126.ts|127.ts|128.ts|129.ts|130.ts|131.ts|132.ts|133.ts|134.ts|135.ts|136.ts|137.ts|138.ts|139.ts|140.ts|141.t  Duration: 00:45:07.16, start: 1.410111, bitrate: 395 kb/s
  Program 1 
    Metadata:
      service_name    : Service01
      service_provider: FFmpeg
    Stream #0:0[0x100]: Video: h264 ([27][0][0][0] / 0x001B), yuv420p(progressive), 600x336 [SAR 224:225 DAR 16:9], 60 fps, 60 tbr, 90k tbn, 120 tbc
    Stream #0:1[0x101](und): Audio: aac ([15][0][0][0] / 0x000F), 44100 Hz, stereo, fltp, 4 kb/s
Output #0, mp4, to 'D:\java\GitHub\pornMagnetSpringBoot\_91pornyy\ffmpeg_and_SimpleG\Downloads\短发御姐吃完宵夜玩个3P.mp4':
  Metadata:
    date            : 2024-04-21T14:29:33.2943786+08:00
    encoder         : Lavf58.32.104
    Stream #0:0: Video: h264 (avc1 / 0x31637661), yuv420p(progressive), 600x336 [SAR 224:225 DAR 16:9], q=2-31, 60 fps, 60 tbr, 90k tbn, 90k tbc
    Stream #0:1(und): Audio: aac (mp4a / 0x6134706D), 44100 Hz, stereo, fltp, 4 kb/s
Stream mapping:
  Stream #0:0 -> #0:0 (copy)
  Stream #0:1 -> #0:1 (copy)
Press [q] to stop, [?] for help
frame=73833 fps=0.0 q=-1.0 size=   52736kB time=00:20:30.52 bitrate= 351.1kbits/s speed=2.46e+03x    frame=149143 fps=149056 q=-1.0 size=   96512kB time=00:41:25.68 bitrate= 318.1kbits/s speed=2.48e+03x    frame=162428 fps=146414 q=-1.0 Lsize=  110139kB time=00:45:07.14 bitrate= 333.3kbits/s speed=2.44e+03x    
video:63545kB audio:42257kB subtitle:0kB other streams:0kB global headers:0kB muxing overhead: 4.098917%
