LOG 2024/04/21
Save Path: D:\java\GitHub\pornMagnetSpringBoot\_91pornyy\ffmpeg_and_SimpleG\Logs
Task Start: 2024/04/21 14:33:57
Task CommandLine: D:\java\GitHub\pornMagnetSpringBoot\_91pornyy\ffmpeg_and_SimpleG\N_m3u8DL-CLI_v3.0.2.exe https://cdn2.jiuse2.cloud/hls/901419/index.m3u8?t=1713681283&m=66fCrhdZ1GY-IcRPy0sZ-g --saveName 内射灌满Soul约炮传媒学院大二黑丝御姐超级反差！！！ --workDir D:\java\GitHub\pornMagnetSpringBoot\_91pornyy\ffmpeg_and_SimpleG\Downloads

14:33:57.538 / (NORMAL) 开始解析 https://cdn2.jiuse2.cloud/hls/901419/index.m3u8?t=1713681283&m=66fCrhdZ1GY-IcRPy0sZ-g
14:33:58.976 / (NORMAL) 写出meta.json
14:33:59.039 / (NORMAL) 开始下载文件
14:34:00.060 / (NORMAL) 读取文件信息...
14:34:00.112 / (NORMAL) PID 0x100: Video h264, yuv420p(progressive), 600x336, 30 fps, 30 tbr, 90k tbn, 60 tbc
14:34:00.112 / (NORMAL) PID 0x101: Audio aac, 44100 Hz, stereo, fltp, 125 kb/s
14:34:00.607 / (ERROR) DOWN: 远程服务器返回错误: (503) 服务器不可用。 https://cdn2.jiuse2.cloud/hls/901419/index4.ts
14:34:00.791 / (ERROR) DOWN: 远程服务器返回错误: (503) 服务器不可用。 https://cdn2.jiuse2.cloud/hls/901419/index19.ts
14:34:00.792 / (ERROR) DOWN: 远程服务器返回错误: (503) 服务器不可用。 https://cdn2.jiuse2.cloud/hls/901419/index7.ts
14:34:01.407 / (ERROR) DOWN: 远程服务器返回错误: (503) 服务器不可用。 https://cdn2.jiuse2.cloud/hls/901419/index23.ts
14:34:01.615 / (ERROR) DOWN: AUTO RETRY 1/3 https://cdn2.jiuse2.cloud/hls/901419/index4.ts
14:34:01.799 / (ERROR) DOWN: AUTO RETRY 1/3 https://cdn2.jiuse2.cloud/hls/901419/index7.ts
14:34:01.800 / (ERROR) DOWN: AUTO RETRY 1/3 https://cdn2.jiuse2.cloud/hls/901419/index19.ts
14:34:02.083 / (ERROR) DOWN: 远程服务器返回错误: (503) 服务器不可用。 https://cdn2.jiuse2.cloud/hls/901419/index4.ts
14:34:02.271 / (ERROR) DOWN: 远程服务器返回错误: (503) 服务器不可用。 https://cdn2.jiuse2.cloud/hls/901419/index7.ts
14:34:02.271 / (ERROR) DOWN: 远程服务器返回错误: (503) 服务器不可用。 https://cdn2.jiuse2.cloud/hls/901419/index19.ts
14:34:02.287 / (ERROR) DOWN: 远程服务器返回错误: (503) 服务器不可用。 https://cdn2.jiuse2.cloud/hls/901419/index26.ts
14:34:02.420 / (ERROR) DOWN: AUTO RETRY 1/3 https://cdn2.jiuse2.cloud/hls/901419/index23.ts
14:34:03.030 / (ERROR) DOWN: 远程服务器返回错误: (503) 服务器不可用。 https://cdn2.jiuse2.cloud/hls/901419/index31.ts
14:34:03.097 / (ERROR) DOWN: AUTO RETRY 2/3 https://cdn2.jiuse2.cloud/hls/901419/index4.ts
14:34:03.282 / (ERROR) DOWN: AUTO RETRY 2/3 https://cdn2.jiuse2.cloud/hls/901419/index7.ts
14:34:03.283 / (ERROR) DOWN: AUTO RETRY 2/3 https://cdn2.jiuse2.cloud/hls/901419/index19.ts
14:34:03.298 / (ERROR) DOWN: AUTO RETRY 1/3 https://cdn2.jiuse2.cloud/hls/901419/index26.ts
14:34:03.567 / (ERROR) DOWN: 远程服务器返回错误: (503) 服务器不可用。 https://cdn2.jiuse2.cloud/hls/901419/index4.ts
14:34:03.749 / (ERROR) DOWN: 远程服务器返回错误: (503) 服务器不可用。 https://cdn2.jiuse2.cloud/hls/901419/index19.ts
14:34:03.750 / (ERROR) DOWN: 远程服务器返回错误: (503) 服务器不可用。 https://cdn2.jiuse2.cloud/hls/901419/index7.ts
14:34:03.766 / (ERROR) DOWN: 远程服务器返回错误: (503) 服务器不可用。 https://cdn2.jiuse2.cloud/hls/901419/index26.ts
14:34:04.040 / (ERROR) DOWN: AUTO RETRY 1/3 https://cdn2.jiuse2.cloud/hls/901419/index31.ts
14:34:04.523 / (ERROR) DOWN: 远程服务器返回错误: (503) 服务器不可用。 https://cdn2.jiuse2.cloud/hls/901419/index31.ts
14:34:04.579 / (ERROR) DOWN: AUTO RETRY 3/3 https://cdn2.jiuse2.cloud/hls/901419/index4.ts
14:34:04.763 / (ERROR) DOWN: AUTO RETRY 3/3 https://cdn2.jiuse2.cloud/hls/901419/index7.ts
14:34:04.790 / (ERROR) DOWN: AUTO RETRY 3/3 https://cdn2.jiuse2.cloud/hls/901419/index19.ts
14:34:04.790 / (ERROR) DOWN: AUTO RETRY 2/3 https://cdn2.jiuse2.cloud/hls/901419/index26.ts
14:34:05.014 / (ERROR) DOWN: 远程服务器返回错误: (503) 服务器不可用。 https://cdn2.jiuse2.cloud/hls/901419/index34.ts
14:34:05.051 / (ERROR) DOWN: 远程服务器返回错误: (503) 服务器不可用。 https://cdn2.jiuse2.cloud/hls/901419/index4.ts
14:34:05.253 / (ERROR) DOWN: 远程服务器返回错误: (503) 服务器不可用。 https://cdn2.jiuse2.cloud/hls/901419/index19.ts
14:34:05.263 / (ERROR) DOWN: 远程服务器返回错误: (503) 服务器不可用。 https://cdn2.jiuse2.cloud/hls/901419/index26.ts
14:34:05.420 / (ERROR) DOWN: 远程服务器返回错误: (503) 服务器不可用。 https://cdn2.jiuse2.cloud/hls/901419/index7.ts
14:34:05.533 / (ERROR) DOWN: AUTO RETRY 2/3 https://cdn2.jiuse2.cloud/hls/901419/index31.ts
14:34:05.601 / (ERROR) DOWN: 远程服务器返回错误: (503) 服务器不可用。 https://cdn2.jiuse2.cloud/hls/901419/index5.ts
14:34:05.733 / (ERROR) DOWN: 远程服务器返回错误: (503) 服务器不可用。 https://cdn2.jiuse2.cloud/hls/901419/index20.ts
14:34:05.891 / (ERROR) DOWN: 远程服务器返回错误: (503) 服务器不可用。 https://cdn2.jiuse2.cloud/hls/901419/index8.ts
14:34:06.026 / (ERROR) DOWN: AUTO RETRY 1/3 https://cdn2.jiuse2.cloud/hls/901419/index34.ts
14:34:06.187 / (ERROR) DOWN: 远程服务器返回错误: (503) 服务器不可用。 https://cdn2.jiuse2.cloud/hls/901419/index31.ts
14:34:06.272 / (ERROR) DOWN: AUTO RETRY 3/3 https://cdn2.jiuse2.cloud/hls/901419/index26.ts
14:34:06.493 / (ERROR) DOWN: 远程服务器返回错误: (503) 服务器不可用。 https://cdn2.jiuse2.cloud/hls/901419/index34.ts
14:34:06.523 / (ERROR) DOWN: 远程服务器返回错误: (503) 服务器不可用。 https://cdn2.jiuse2.cloud/hls/901419/index37.ts
14:34:06.612 / (ERROR) DOWN: AUTO RETRY 1/3 https://cdn2.jiuse2.cloud/hls/901419/index5.ts
14:34:06.742 / (ERROR) DOWN: 远程服务器返回错误: (503) 服务器不可用。 https://cdn2.jiuse2.cloud/hls/901419/index26.ts
14:34:06.749 / (ERROR) DOWN: AUTO RETRY 1/3 https://cdn2.jiuse2.cloud/hls/901419/index20.ts
14:34:06.904 / (ERROR) DOWN: AUTO RETRY 1/3 https://cdn2.jiuse2.cloud/hls/901419/index8.ts
14:34:07.077 / (ERROR) DOWN: 远程服务器返回错误: (503) 服务器不可用。 https://cdn2.jiuse2.cloud/hls/901419/index5.ts
14:34:07.198 / (ERROR) DOWN: AUTO RETRY 3/3 https://cdn2.jiuse2.cloud/hls/901419/index31.ts
14:34:07.207 / (ERROR) DOWN: 远程服务器返回错误: (503) 服务器不可用。 https://cdn2.jiuse2.cloud/hls/901419/index27.ts
14:34:07.215 / (ERROR) DOWN: 远程服务器返回错误: (503) 服务器不可用。 https://cdn2.jiuse2.cloud/hls/901419/index20.ts
14:34:07.373 / (ERROR) DOWN: 远程服务器返回错误: (503) 服务器不可用。 https://cdn2.jiuse2.cloud/hls/901419/index8.ts
14:34:07.409 / (ERROR) DOWN: 远程服务器返回错误: (503) 服务器不可用。 https://cdn2.jiuse2.cloud/hls/901419/index29.ts
14:34:07.507 / (ERROR) DOWN: AUTO RETRY 2/3 https://cdn2.jiuse2.cloud/hls/901419/index34.ts
14:34:07.538 / (ERROR) DOWN: AUTO RETRY 1/3 https://cdn2.jiuse2.cloud/hls/901419/index37.ts
14:34:07.972 / (ERROR) DOWN: 远程服务器返回错误: (503) 服务器不可用。 https://cdn2.jiuse2.cloud/hls/901419/index34.ts
14:34:07.999 / (ERROR) DOWN: 远程服务器返回错误: (503) 服务器不可用。 https://cdn2.jiuse2.cloud/hls/901419/index37.ts
14:34:08.016 / (ERROR) DOWN: 远程服务器返回错误: (503) 服务器不可用。 https://cdn2.jiuse2.cloud/hls/901419/index40.ts
14:34:08.093 / (ERROR) DOWN: AUTO RETRY 2/3 https://cdn2.jiuse2.cloud/hls/901419/index5.ts
14:34:08.218 / (ERROR) DOWN: AUTO RETRY 1/3 https://cdn2.jiuse2.cloud/hls/901419/index27.ts
14:34:08.219 / (ERROR) DOWN: AUTO RETRY 2/3 https://cdn2.jiuse2.cloud/hls/901419/index20.ts
14:34:08.363 / (ERROR) DOWN: 远程服务器返回错误: (503) 服务器不可用。 https://cdn2.jiuse2.cloud/hls/901419/index24.ts
14:34:08.389 / (ERROR) DOWN: AUTO RETRY 2/3 https://cdn2.jiuse2.cloud/hls/901419/index8.ts
14:34:08.419 / (ERROR) DOWN: AUTO RETRY 1/3 https://cdn2.jiuse2.cloud/hls/901419/index29.ts
14:34:08.856 / (ERROR) DOWN: 远程服务器返回错误: (503) 服务器不可用。 https://cdn2.jiuse2.cloud/hls/901419/index8.ts
14:34:08.896 / (ERROR) DOWN: 远程服务器返回错误: (503) 服务器不可用。 https://cdn2.jiuse2.cloud/hls/901419/index29.ts
14:34:08.988 / (ERROR) DOWN: AUTO RETRY 3/3 https://cdn2.jiuse2.cloud/hls/901419/index34.ts
14:34:09.004 / (ERROR) DOWN: AUTO RETRY 2/3 https://cdn2.jiuse2.cloud/hls/901419/index37.ts
14:34:09.019 / (ERROR) DOWN: AUTO RETRY 1/3 https://cdn2.jiuse2.cloud/hls/901419/index40.ts
14:34:09.030 / (ERROR) DOWN: 远程服务器返回错误: (503) 服务器不可用。 https://cdn2.jiuse2.cloud/hls/901419/index43.ts
14:34:09.142 / (ERROR) DOWN: 远程服务器返回错误: (503) 服务器不可用。 https://cdn2.jiuse2.cloud/hls/901419/index27.ts
14:34:09.370 / (ERROR) DOWN: 远程服务器返回错误: (503) 服务器不可用。 https://cdn2.jiuse2.cloud/hls/901419/index20.ts
14:34:09.375 / (ERROR) DOWN: AUTO RETRY 1/3 https://cdn2.jiuse2.cloud/hls/901419/index24.ts
14:34:09.462 / (ERROR) DOWN: 远程服务器返回错误: (503) 服务器不可用。 https://cdn2.jiuse2.cloud/hls/901419/index18.ts
14:34:09.470 / (ERROR) DOWN: 远程服务器返回错误: (503) 服务器不可用。 https://cdn2.jiuse2.cloud/hls/901419/index34.ts
14:34:09.769 / (ERROR) DOWN: 远程服务器返回错误: (503) 服务器不可用。 https://cdn2.jiuse2.cloud/hls/901419/index40.ts
14:34:09.848 / (ERROR) DOWN: 远程服务器返回错误: (503) 服务器不可用。 https://cdn2.jiuse2.cloud/hls/901419/index24.ts
14:34:09.867 / (ERROR) DOWN: AUTO RETRY 3/3 https://cdn2.jiuse2.cloud/hls/901419/index8.ts
14:34:09.913 / (ERROR) DOWN: AUTO RETRY 2/3 https://cdn2.jiuse2.cloud/hls/901419/index29.ts
14:34:10.037 / (ERROR) DOWN: AUTO RETRY 1/3 https://cdn2.jiuse2.cloud/hls/901419/index43.ts
14:34:10.094 / (ERROR) DOWN: 远程服务器返回错误: (503) 服务器不可用。 https://cdn2.jiuse2.cloud/hls/901419/index35.ts
14:34:10.145 / (ERROR) DOWN: AUTO RETRY 2/3 https://cdn2.jiuse2.cloud/hls/901419/index27.ts
14:34:10.260 / (ERROR) DOWN: 远程服务器返回错误: (503) 服务器不可用。 https://cdn2.jiuse2.cloud/hls/901419/index15.ts
14:34:10.337 / (ERROR) DOWN: 远程服务器返回错误: (503) 服务器不可用。 https://cdn2.jiuse2.cloud/hls/901419/index8.ts
14:34:10.376 / (ERROR) DOWN: AUTO RETRY 3/3 https://cdn2.jiuse2.cloud/hls/901419/index20.ts
14:34:10.383 / (ERROR) DOWN: 远程服务器返回错误: (503) 服务器不可用。 https://cdn2.jiuse2.cloud/hls/901419/index29.ts
14:34:10.471 / (ERROR) DOWN: AUTO RETRY 1/3 https://cdn2.jiuse2.cloud/hls/901419/index18.ts
14:34:10.519 / (ERROR) DOWN: 远程服务器返回错误: (503) 服务器不可用。 https://cdn2.jiuse2.cloud/hls/901419/index46.ts
14:34:10.677 / (ERROR) DOWN: 远程服务器返回错误: (503) 服务器不可用。 https://cdn2.jiuse2.cloud/hls/901419/index43.ts
14:34:10.776 / (ERROR) DOWN: AUTO RETRY 2/3 https://cdn2.jiuse2.cloud/hls/901419/index40.ts
14:34:10.802 / (ERROR) DOWN: 远程服务器返回错误: (503) 服务器不可用。 https://cdn2.jiuse2.cloud/hls/901419/index9.ts
14:34:10.840 / (ERROR) DOWN: 远程服务器返回错误: (503) 服务器不可用。 https://cdn2.jiuse2.cloud/hls/901419/index20.ts
14:34:10.851 / (ERROR) DOWN: AUTO RETRY 2/3 https://cdn2.jiuse2.cloud/hls/901419/index24.ts
14:34:10.938 / (ERROR) DOWN: 远程服务器返回错误: (503) 服务器不可用。 https://cdn2.jiuse2.cloud/hls/901419/index18.ts
14:34:11.098 / (ERROR) DOWN: AUTO RETRY 1/3 https://cdn2.jiuse2.cloud/hls/901419/index35.ts
14:34:11.247 / (ERROR) DOWN: 远程服务器返回错误: (503) 服务器不可用。 https://cdn2.jiuse2.cloud/hls/901419/index40.ts
14:34:11.267 / (ERROR) DOWN: AUTO RETRY 1/3 https://cdn2.jiuse2.cloud/hls/901419/index15.ts
14:34:11.305 / (ERROR) DOWN: 远程服务器返回错误: (503) 服务器不可用。 https://cdn2.jiuse2.cloud/hls/901419/index21.ts
14:34:11.316 / (ERROR) DOWN: 远程服务器返回错误: (503) 服务器不可用。 https://cdn2.jiuse2.cloud/hls/901419/index24.ts
14:34:11.391 / (ERROR) DOWN: AUTO RETRY 3/3 https://cdn2.jiuse2.cloud/hls/901419/index29.ts
14:34:11.529 / (ERROR) DOWN: AUTO RETRY 1/3 https://cdn2.jiuse2.cloud/hls/901419/index46.ts
14:34:11.567 / (ERROR) DOWN: 远程服务器返回错误: (503) 服务器不可用。 https://cdn2.jiuse2.cloud/hls/901419/index35.ts
14:34:11.685 / (ERROR) DOWN: AUTO RETRY 2/3 https://cdn2.jiuse2.cloud/hls/901419/index43.ts
14:34:11.806 / (ERROR) DOWN: AUTO RETRY 1/3 https://cdn2.jiuse2.cloud/hls/901419/index9.ts
14:34:11.854 / (ERROR) DOWN: 远程服务器返回错误: (503) 服务器不可用。 https://cdn2.jiuse2.cloud/hls/901419/index29.ts
14:34:11.946 / (ERROR) DOWN: AUTO RETRY 2/3 https://cdn2.jiuse2.cloud/hls/901419/index18.ts
14:34:12.000 / (ERROR) DOWN: 远程服务器返回错误: (503) 服务器不可用。 https://cdn2.jiuse2.cloud/hls/901419/index46.ts
14:34:12.082 / (ERROR) DOWN: 远程服务器返回错误: (503) 服务器不可用。 https://cdn2.jiuse2.cloud/hls/901419/index12.ts
14:34:12.170 / (ERROR) DOWN: 远程服务器返回错误: (503) 服务器不可用。 https://cdn2.jiuse2.cloud/hls/901419/index43.ts
14:34:12.255 / (ERROR) DOWN: AUTO RETRY 3/3 https://cdn2.jiuse2.cloud/hls/901419/index40.ts
14:34:12.316 / (ERROR) DOWN: AUTO RETRY 1/3 https://cdn2.jiuse2.cloud/hls/901419/index21.ts
14:34:12.332 / (ERROR) DOWN: AUTO RETRY 3/3 https://cdn2.jiuse2.cloud/hls/901419/index24.ts
14:34:12.347 / (ERROR) DOWN: 远程服务器返回错误: (503) 服务器不可用。 https://cdn2.jiuse2.cloud/hls/901419/index9.ts
14:34:12.417 / (ERROR) DOWN: 远程服务器返回错误: (503) 服务器不可用。 https://cdn2.jiuse2.cloud/hls/901419/index18.ts
14:34:12.577 / (ERROR) DOWN: AUTO RETRY 2/3 https://cdn2.jiuse2.cloud/hls/901419/index35.ts
14:34:12.725 / (ERROR) DOWN: 远程服务器返回错误: (503) 服务器不可用。 https://cdn2.jiuse2.cloud/hls/901419/index40.ts
14:34:12.782 / (ERROR) DOWN: 远程服务器返回错误: (503) 服务器不可用。 https://cdn2.jiuse2.cloud/hls/901419/index21.ts
14:34:12.804 / (ERROR) DOWN: 远程服务器返回错误: (503) 服务器不可用。 https://cdn2.jiuse2.cloud/hls/901419/index24.ts
14:34:12.974 / (ERROR) DOWN: 远程服务器返回错误: (503) 服务器不可用。 https://cdn2.jiuse2.cloud/hls/901419/index3.ts
14:34:13.007 / (ERROR) DOWN: AUTO RETRY 2/3 https://cdn2.jiuse2.cloud/hls/901419/index46.ts
14:34:13.086 / (ERROR) DOWN: AUTO RETRY 1/3 https://cdn2.jiuse2.cloud/hls/901419/index12.ts
14:34:13.178 / (ERROR) DOWN: AUTO RETRY 3/3 https://cdn2.jiuse2.cloud/hls/901419/index43.ts
14:34:13.188 / (ERROR) DOWN: 远程服务器返回错误: (503) 服务器不可用。 https://cdn2.jiuse2.cloud/hls/901419/index41.ts
14:34:13.268 / (ERROR) DOWN: 远程服务器返回错误: (503) 服务器不可用。 https://cdn2.jiuse2.cloud/hls/901419/index35.ts
14:34:13.268 / (ERROR) DOWN: 远程服务器返回错误: (503) 服务器不可用。 https://cdn2.jiuse2.cloud/hls/901419/index32.ts
14:34:13.349 / (ERROR) DOWN: AUTO RETRY 2/3 https://cdn2.jiuse2.cloud/hls/901419/index9.ts
14:34:13.426 / (ERROR) DOWN: AUTO RETRY 3/3 https://cdn2.jiuse2.cloud/hls/901419/index18.ts
14:34:13.553 / (ERROR) DOWN: 远程服务器返回错误: (503) 服务器不可用。 https://cdn2.jiuse2.cloud/hls/901419/index12.ts
14:34:13.794 / (ERROR) DOWN: AUTO RETRY 2/3 https://cdn2.jiuse2.cloud/hls/901419/index21.ts
14:34:13.833 / (ERROR) DOWN: 远程服务器返回错误: (503) 服务器不可用。 https://cdn2.jiuse2.cloud/hls/901419/index9.ts
14:34:13.858 / (ERROR) DOWN: 远程服务器返回错误: (503) 服务器不可用。 https://cdn2.jiuse2.cloud/hls/901419/index38.ts
14:34:13.882 / (ERROR) DOWN: 远程服务器返回错误: (503) 服务器不可用。 https://cdn2.jiuse2.cloud/hls/901419/index46.ts
14:34:13.895 / (ERROR) DOWN: 远程服务器返回错误: (503) 服务器不可用。 https://cdn2.jiuse2.cloud/hls/901419/index18.ts
14:34:13.979 / (ERROR) DOWN: AUTO RETRY 1/3 https://cdn2.jiuse2.cloud/hls/901419/index3.ts
14:34:14.192 / (ERROR) DOWN: AUTO RETRY 1/3 https://cdn2.jiuse2.cloud/hls/901419/index41.ts
14:34:14.270 / (ERROR) DOWN: 远程服务器返回错误: (503) 服务器不可用。 https://cdn2.jiuse2.cloud/hls/901419/index21.ts
14:34:14.283 / (ERROR) DOWN: AUTO RETRY 3/3 https://cdn2.jiuse2.cloud/hls/901419/index35.ts
14:34:14.288 / (ERROR) DOWN: AUTO RETRY 1/3 https://cdn2.jiuse2.cloud/hls/901419/index32.ts
14:34:14.393 / (ERROR) DOWN: 远程服务器返回错误: (503) 服务器不可用。 https://cdn2.jiuse2.cloud/hls/901419/index44.ts
14:34:14.450 / (ERROR) DOWN: 远程服务器返回错误: (503) 服务器不可用。 https://cdn2.jiuse2.cloud/hls/901419/index3.ts
14:34:14.560 / (ERROR) DOWN: AUTO RETRY 2/3 https://cdn2.jiuse2.cloud/hls/901419/index12.ts
14:34:14.812 / (ERROR) DOWN: 远程服务器返回错误: (503) 服务器不可用。 https://cdn2.jiuse2.cloud/hls/901419/index6.ts
14:34:14.835 / (ERROR) DOWN: AUTO RETRY 3/3 https://cdn2.jiuse2.cloud/hls/901419/index9.ts
14:34:14.866 / (ERROR) DOWN: AUTO RETRY 1/3 https://cdn2.jiuse2.cloud/hls/901419/index38.ts
14:34:14.897 / (ERROR) DOWN: AUTO RETRY 3/3 https://cdn2.jiuse2.cloud/hls/901419/index46.ts
14:34:15.000 / (ERROR) DOWN: 远程服务器返回错误: (503) 服务器不可用。 https://cdn2.jiuse2.cloud/hls/901419/index35.ts
14:34:15.001 / (ERROR) DOWN: 远程服务器返回错误: (503) 服务器不可用。 https://cdn2.jiuse2.cloud/hls/901419/index32.ts
14:34:15.068 / (ERROR) DOWN: 远程服务器返回错误: (503) 服务器不可用。 https://cdn2.jiuse2.cloud/hls/901419/index12.ts
14:34:15.285 / (ERROR) DOWN: AUTO RETRY 3/3 https://cdn2.jiuse2.cloud/hls/901419/index21.ts
14:34:15.310 / (ERROR) DOWN: 远程服务器返回错误: (503) 服务器不可用。 https://cdn2.jiuse2.cloud/hls/901419/index9.ts
14:34:15.407 / (ERROR) DOWN: AUTO RETRY 1/3 https://cdn2.jiuse2.cloud/hls/901419/index44.ts
14:34:15.454 / (ERROR) DOWN: AUTO RETRY 2/3 https://cdn2.jiuse2.cloud/hls/901419/index3.ts
14:34:15.473 / (ERROR) DOWN: 远程服务器返回错误: (503) 服务器不可用。 https://cdn2.jiuse2.cloud/hls/901419/index47.ts
14:34:15.554 / (ERROR) DOWN: 远程服务器返回错误: (503) 服务器不可用。 https://cdn2.jiuse2.cloud/hls/901419/index36.ts
14:34:15.659 / (ERROR) DOWN: 远程服务器返回错误: (503) 服务器不可用。 https://cdn2.jiuse2.cloud/hls/901419/index46.ts
14:34:15.803 / (ERROR) DOWN: 远程服务器返回错误: (503) 服务器不可用。 https://cdn2.jiuse2.cloud/hls/901419/index38.ts
14:34:15.825 / (ERROR) DOWN: AUTO RETRY 1/3 https://cdn2.jiuse2.cloud/hls/901419/index6.ts
14:34:15.920 / (ERROR) DOWN: 远程服务器返回错误: (503) 服务器不可用。 https://cdn2.jiuse2.cloud/hls/901419/index3.ts
14:34:15.934 / (ERROR) DOWN: 远程服务器返回错误: (503) 服务器不可用。 https://cdn2.jiuse2.cloud/hls/901419/index21.ts
14:34:15.955 / (ERROR) DOWN: 远程服务器返回错误: (503) 服务器不可用。 https://cdn2.jiuse2.cloud/hls/901419/index49.ts
14:34:16.010 / (ERROR) DOWN: AUTO RETRY 2/3 https://cdn2.jiuse2.cloud/hls/901419/index32.ts
14:34:16.072 / (ERROR) DOWN: AUTO RETRY 3/3 https://cdn2.jiuse2.cloud/hls/901419/index12.ts
14:34:16.122 / (ERROR) DOWN: 远程服务器返回错误: (503) 服务器不可用。 https://cdn2.jiuse2.cloud/hls/901419/index52.ts
14:34:16.318 / (ERROR) DOWN: 远程服务器返回错误: (503) 服务器不可用。 https://cdn2.jiuse2.cloud/hls/901419/index6.ts
14:34:16.487 / (ERROR) DOWN: AUTO RETRY 1/3 https://cdn2.jiuse2.cloud/hls/901419/index47.ts
14:34:16.538 / (ERROR) DOWN: 远程服务器返回错误: (503) 服务器不可用。 https://cdn2.jiuse2.cloud/hls/901419/index12.ts
14:34:16.565 / (ERROR) DOWN: AUTO RETRY 1/3 https://cdn2.jiuse2.cloud/hls/901419/index36.ts
14:34:16.812 / (ERROR) DOWN: AUTO RETRY 2/3 https://cdn2.jiuse2.cloud/hls/901419/index38.ts
14:34:16.933 / (ERROR) DOWN: AUTO RETRY 3/3 https://cdn2.jiuse2.cloud/hls/901419/index3.ts
14:34:16.965 / (ERROR) DOWN: AUTO RETRY 1/3 https://cdn2.jiuse2.cloud/hls/901419/index49.ts
14:34:17.133 / (ERROR) DOWN: AUTO RETRY 1/3 https://cdn2.jiuse2.cloud/hls/901419/index52.ts
14:34:17.334 / (ERROR) DOWN: AUTO RETRY 2/3 https://cdn2.jiuse2.cloud/hls/901419/index6.ts
14:34:17.339 / (ERROR) DOWN: 远程服务器返回错误: (503) 服务器不可用。 https://cdn2.jiuse2.cloud/hls/901419/index36.ts
14:34:17.339 / (ERROR) DOWN: 远程服务器返回错误: (503) 服务器不可用。 https://cdn2.jiuse2.cloud/hls/901419/index47.ts
14:34:17.587 / (ERROR) DOWN: 远程服务器返回错误: (503) 服务器不可用。 https://cdn2.jiuse2.cloud/hls/901419/index38.ts
14:34:17.666 / (ERROR) DOWN: 远程服务器返回错误: (503) 服务器不可用。 https://cdn2.jiuse2.cloud/hls/901419/index49.ts
14:34:17.674 / (ERROR) DOWN: 远程服务器返回错误: (503) 服务器不可用。 https://cdn2.jiuse2.cloud/hls/901419/index3.ts
14:34:17.801 / (ERROR) DOWN: 远程服务器返回错误: (503) 服务器不可用。 https://cdn2.jiuse2.cloud/hls/901419/index6.ts
14:34:18.348 / (ERROR) DOWN: AUTO RETRY 2/3 https://cdn2.jiuse2.cloud/hls/901419/index47.ts
14:34:18.348 / (ERROR) DOWN: AUTO RETRY 2/3 https://cdn2.jiuse2.cloud/hls/901419/index36.ts
14:34:18.596 / (ERROR) DOWN: AUTO RETRY 3/3 https://cdn2.jiuse2.cloud/hls/901419/index38.ts
14:34:18.671 / (ERROR) DOWN: AUTO RETRY 2/3 https://cdn2.jiuse2.cloud/hls/901419/index49.ts
14:34:18.808 / (ERROR) DOWN: AUTO RETRY 3/3 https://cdn2.jiuse2.cloud/hls/901419/index6.ts
14:34:18.822 / (ERROR) DOWN: 远程服务器返回错误: (503) 服务器不可用。 https://cdn2.jiuse2.cloud/hls/901419/index36.ts
14:34:19.067 / (ERROR) DOWN: 远程服务器返回错误: (503) 服务器不可用。 https://cdn2.jiuse2.cloud/hls/901419/index38.ts
14:34:19.142 / (ERROR) DOWN: 远程服务器返回错误: (503) 服务器不可用。 https://cdn2.jiuse2.cloud/hls/901419/index49.ts
14:34:19.279 / (ERROR) DOWN: 远程服务器返回错误: (503) 服务器不可用。 https://cdn2.jiuse2.cloud/hls/901419/index6.ts
14:34:19.549 / (ERROR) DOWN: 远程服务器返回错误: (503) 服务器不可用。 https://cdn2.jiuse2.cloud/hls/901419/index39.ts
14:34:19.825 / (ERROR) DOWN: AUTO RETRY 3/3 https://cdn2.jiuse2.cloud/hls/901419/index36.ts
14:34:20.152 / (ERROR) DOWN: AUTO RETRY 3/3 https://cdn2.jiuse2.cloud/hls/901419/index49.ts
14:34:20.552 / (ERROR) DOWN: AUTO RETRY 1/3 https://cdn2.jiuse2.cloud/hls/901419/index39.ts
14:34:21.229 / (ERROR) DOWN: 远程服务器返回错误: (503) 服务器不可用。 https://cdn2.jiuse2.cloud/hls/901419/index49.ts
14:34:21.484 / (ERROR) DOWN: 远程服务器返回错误: (503) 服务器不可用。 https://cdn2.jiuse2.cloud/hls/901419/index42.ts
14:34:21.706 / (ERROR) DOWN: 远程服务器返回错误: (503) 服务器不可用。 https://cdn2.jiuse2.cloud/hls/901419/index50.ts
14:34:22.494 / (ERROR) DOWN: AUTO RETRY 1/3 https://cdn2.jiuse2.cloud/hls/901419/index42.ts
14:34:22.713 / (ERROR) DOWN: AUTO RETRY 1/3 https://cdn2.jiuse2.cloud/hls/901419/index50.ts
14:34:22.957 / (ERROR) DOWN: 远程服务器返回错误: (503) 服务器不可用。 https://cdn2.jiuse2.cloud/hls/901419/index42.ts
14:34:23.174 / (ERROR) DOWN: 远程服务器返回错误: (503) 服务器不可用。 https://cdn2.jiuse2.cloud/hls/901419/index50.ts
14:34:23.957 / (ERROR) DOWN: AUTO RETRY 2/3 https://cdn2.jiuse2.cloud/hls/901419/index42.ts
14:34:24.189 / (ERROR) DOWN: AUTO RETRY 2/3 https://cdn2.jiuse2.cloud/hls/901419/index50.ts
14:34:24.813 / (ERROR) DOWN: 远程服务器返回错误: (503) 服务器不可用。 https://cdn2.jiuse2.cloud/hls/901419/index42.ts
14:34:25.817 / (ERROR) DOWN: AUTO RETRY 3/3 https://cdn2.jiuse2.cloud/hls/901419/index42.ts
14:34:31.815 / (NORMAL) 完成数量 33 of 53
14:34:31.815 / (NORMAL) 重试次数 1 / 15
14:34:34.828 / (NORMAL) 开始下载文件
14:34:35.308 / (ERROR) DOWN: 远程服务器返回错误: (503) 服务器不可用。 https://cdn2.jiuse2.cloud/hls/901419/index46.ts
14:34:35.310 / (ERROR) DOWN: 远程服务器返回错误: (503) 服务器不可用。 https://cdn2.jiuse2.cloud/hls/901419/index4.ts
14:34:35.311 / (ERROR) DOWN: 远程服务器返回错误: (503) 服务器不可用。 https://cdn2.jiuse2.cloud/hls/901419/index29.ts
14:34:35.313 / (ERROR) DOWN: 远程服务器返回错误: (503) 服务器不可用。 https://cdn2.jiuse2.cloud/hls/901419/index26.ts
14:34:35.313 / (ERROR) DOWN: 远程服务器返回错误: (503) 服务器不可用。 https://cdn2.jiuse2.cloud/hls/901419/index20.ts
14:34:35.314 / (ERROR) DOWN: 远程服务器返回错误: (503) 服务器不可用。 https://cdn2.jiuse2.cloud/hls/901419/index24.ts
14:34:35.332 / (ERROR) DOWN: 远程服务器返回错误: (503) 服务器不可用。 https://cdn2.jiuse2.cloud/hls/901419/index40.ts
14:34:35.333 / (ERROR) DOWN: 远程服务器返回错误: (503) 服务器不可用。 https://cdn2.jiuse2.cloud/hls/901419/index35.ts
14:34:35.352 / (ERROR) DOWN: 远程服务器返回错误: (503) 服务器不可用。 https://cdn2.jiuse2.cloud/hls/901419/index49.ts
14:34:35.353 / (ERROR) DOWN: 远程服务器返回错误: (503) 服务器不可用。 https://cdn2.jiuse2.cloud/hls/901419/index12.ts
14:34:36.324 / (ERROR) DOWN: AUTO RETRY 1/3 https://cdn2.jiuse2.cloud/hls/901419/index29.ts
14:34:36.326 / (ERROR) DOWN: AUTO RETRY 1/3 https://cdn2.jiuse2.cloud/hls/901419/index46.ts
14:34:36.327 / (ERROR) DOWN: AUTO RETRY 1/3 https://cdn2.jiuse2.cloud/hls/901419/index24.ts
14:34:36.327 / (ERROR) DOWN: AUTO RETRY 1/3 https://cdn2.jiuse2.cloud/hls/901419/index20.ts
14:34:36.329 / (ERROR) DOWN: AUTO RETRY 1/3 https://cdn2.jiuse2.cloud/hls/901419/index4.ts
14:34:36.330 / (ERROR) DOWN: AUTO RETRY 1/3 https://cdn2.jiuse2.cloud/hls/901419/index26.ts
14:34:36.341 / (ERROR) DOWN: AUTO RETRY 1/3 https://cdn2.jiuse2.cloud/hls/901419/index40.ts
14:34:36.342 / (ERROR) DOWN: AUTO RETRY 1/3 https://cdn2.jiuse2.cloud/hls/901419/index35.ts
14:34:36.356 / (ERROR) DOWN: AUTO RETRY 1/3 https://cdn2.jiuse2.cloud/hls/901419/index49.ts
14:34:36.356 / (ERROR) DOWN: AUTO RETRY 1/3 https://cdn2.jiuse2.cloud/hls/901419/index12.ts
14:34:36.797 / (ERROR) DOWN: 远程服务器返回错误: (503) 服务器不可用。 https://cdn2.jiuse2.cloud/hls/901419/index4.ts
14:34:36.800 / (ERROR) DOWN: 远程服务器返回错误: (503) 服务器不可用。 https://cdn2.jiuse2.cloud/hls/901419/index29.ts
14:34:36.801 / (ERROR) DOWN: 远程服务器返回错误: (503) 服务器不可用。 https://cdn2.jiuse2.cloud/hls/901419/index46.ts
14:34:36.810 / (ERROR) DOWN: 远程服务器返回错误: (503) 服务器不可用。 https://cdn2.jiuse2.cloud/hls/901419/index35.ts
14:34:36.827 / (ERROR) DOWN: 远程服务器返回错误: (503) 服务器不可用。 https://cdn2.jiuse2.cloud/hls/901419/index49.ts
14:34:36.828 / (ERROR) DOWN: 远程服务器返回错误: (503) 服务器不可用。 https://cdn2.jiuse2.cloud/hls/901419/index12.ts
14:34:36.983 / (ERROR) DOWN: 远程服务器返回错误: (503) 服务器不可用。 https://cdn2.jiuse2.cloud/hls/901419/index20.ts
14:34:37.009 / (ERROR) DOWN: 远程服务器返回错误: (503) 服务器不可用。 https://cdn2.jiuse2.cloud/hls/901419/index26.ts
14:34:37.163 / (ERROR) DOWN: 远程服务器返回错误: (503) 服务器不可用。 https://cdn2.jiuse2.cloud/hls/901419/index40.ts
14:34:37.164 / (ERROR) DOWN: 远程服务器返回错误: (503) 服务器不可用。 https://cdn2.jiuse2.cloud/hls/901419/index24.ts
14:34:37.803 / (ERROR) DOWN: AUTO RETRY 2/3 https://cdn2.jiuse2.cloud/hls/901419/index29.ts
14:34:37.803 / (ERROR) DOWN: AUTO RETRY 2/3 https://cdn2.jiuse2.cloud/hls/901419/index46.ts
14:34:37.804 / (ERROR) DOWN: AUTO RETRY 2/3 https://cdn2.jiuse2.cloud/hls/901419/index4.ts
14:34:37.817 / (ERROR) DOWN: AUTO RETRY 2/3 https://cdn2.jiuse2.cloud/hls/901419/index35.ts
14:34:37.834 / (ERROR) DOWN: AUTO RETRY 2/3 https://cdn2.jiuse2.cloud/hls/901419/index49.ts
14:34:37.837 / (ERROR) DOWN: AUTO RETRY 2/3 https://cdn2.jiuse2.cloud/hls/901419/index12.ts
14:34:37.987 / (ERROR) DOWN: AUTO RETRY 2/3 https://cdn2.jiuse2.cloud/hls/901419/index20.ts
14:34:38.019 / (ERROR) DOWN: AUTO RETRY 2/3 https://cdn2.jiuse2.cloud/hls/901419/index26.ts
14:34:38.173 / (ERROR) DOWN: AUTO RETRY 2/3 https://cdn2.jiuse2.cloud/hls/901419/index40.ts
14:34:38.174 / (ERROR) DOWN: AUTO RETRY 2/3 https://cdn2.jiuse2.cloud/hls/901419/index24.ts
14:34:38.269 / (ERROR) DOWN: 远程服务器返回错误: (503) 服务器不可用。 https://cdn2.jiuse2.cloud/hls/901419/index29.ts
14:34:38.270 / (ERROR) DOWN: 远程服务器返回错误: (503) 服务器不可用。 https://cdn2.jiuse2.cloud/hls/901419/index4.ts
14:34:38.272 / (ERROR) DOWN: 远程服务器返回错误: (503) 服务器不可用。 https://cdn2.jiuse2.cloud/hls/901419/index46.ts
14:34:38.283 / (ERROR) DOWN: 远程服务器返回错误: (503) 服务器不可用。 https://cdn2.jiuse2.cloud/hls/901419/index35.ts
14:34:38.303 / (ERROR) DOWN: 远程服务器返回错误: (503) 服务器不可用。 https://cdn2.jiuse2.cloud/hls/901419/index12.ts
14:34:38.303 / (ERROR) DOWN: 远程服务器返回错误: (503) 服务器不可用。 https://cdn2.jiuse2.cloud/hls/901419/index49.ts
14:34:38.493 / (ERROR) DOWN: 远程服务器返回错误: (503) 服务器不可用。 https://cdn2.jiuse2.cloud/hls/901419/index26.ts
14:34:38.643 / (ERROR) DOWN: 远程服务器返回错误: (503) 服务器不可用。 https://cdn2.jiuse2.cloud/hls/901419/index24.ts
14:34:38.799 / (ERROR) DOWN: 远程服务器返回错误: (503) 服务器不可用。 https://cdn2.jiuse2.cloud/hls/901419/index40.ts
14:34:39.276 / (ERROR) DOWN: AUTO RETRY 3/3 https://cdn2.jiuse2.cloud/hls/901419/index29.ts
14:34:39.277 / (ERROR) DOWN: AUTO RETRY 3/3 https://cdn2.jiuse2.cloud/hls/901419/index4.ts
14:34:39.291 / (ERROR) DOWN: AUTO RETRY 3/3 https://cdn2.jiuse2.cloud/hls/901419/index35.ts
14:34:39.292 / (ERROR) DOWN: AUTO RETRY 3/3 https://cdn2.jiuse2.cloud/hls/901419/index46.ts
14:34:39.308 / (ERROR) DOWN: AUTO RETRY 3/3 https://cdn2.jiuse2.cloud/hls/901419/index12.ts
14:34:39.309 / (ERROR) DOWN: AUTO RETRY 3/3 https://cdn2.jiuse2.cloud/hls/901419/index49.ts
14:34:39.508 / (ERROR) DOWN: AUTO RETRY 3/3 https://cdn2.jiuse2.cloud/hls/901419/index26.ts
14:34:39.646 / (ERROR) DOWN: AUTO RETRY 3/3 https://cdn2.jiuse2.cloud/hls/901419/index24.ts
14:34:39.743 / (ERROR) DOWN: 远程服务器返回错误: (503) 服务器不可用。 https://cdn2.jiuse2.cloud/hls/901419/index29.ts
14:34:39.759 / (ERROR) DOWN: 远程服务器返回错误: (503) 服务器不可用。 https://cdn2.jiuse2.cloud/hls/901419/index35.ts
14:34:39.759 / (ERROR) DOWN: 远程服务器返回错误: (503) 服务器不可用。 https://cdn2.jiuse2.cloud/hls/901419/index46.ts
14:34:39.786 / (ERROR) DOWN: 远程服务器返回错误: (503) 服务器不可用。 https://cdn2.jiuse2.cloud/hls/901419/index12.ts
14:34:39.787 / (ERROR) DOWN: 远程服务器返回错误: (503) 服务器不可用。 https://cdn2.jiuse2.cloud/hls/901419/index49.ts
14:34:39.815 / (ERROR) DOWN: AUTO RETRY 3/3 https://cdn2.jiuse2.cloud/hls/901419/index40.ts
14:34:39.975 / (ERROR) DOWN: 远程服务器返回错误: (503) 服务器不可用。 https://cdn2.jiuse2.cloud/hls/901419/index26.ts
14:34:40.281 / (ERROR) DOWN: 远程服务器返回错误: (503) 服务器不可用。 https://cdn2.jiuse2.cloud/hls/901419/index40.ts
14:34:40.344 / (ERROR) DOWN: 远程服务器返回错误: (503) 服务器不可用。 https://cdn2.jiuse2.cloud/hls/901419/index24.ts
14:34:46.631 / (NORMAL) 完成数量 45 of 53
14:34:46.631 / (NORMAL) 重试次数 2 / 15
14:34:49.648 / (NORMAL) 开始下载文件
14:34:50.133 / (ERROR) DOWN: 远程服务器返回错误: (503) 服务器不可用。 https://cdn2.jiuse2.cloud/hls/901419/index26.ts
14:34:50.541 / (ERROR) DOWN: 远程服务器返回错误: (503) 服务器不可用。 https://cdn2.jiuse2.cloud/hls/901419/index46.ts
14:34:51.147 / (ERROR) DOWN: AUTO RETRY 1/3 https://cdn2.jiuse2.cloud/hls/901419/index26.ts
14:34:51.547 / (ERROR) DOWN: AUTO RETRY 1/3 https://cdn2.jiuse2.cloud/hls/901419/index46.ts
14:34:52.013 / (ERROR) DOWN: 远程服务器返回错误: (503) 服务器不可用。 https://cdn2.jiuse2.cloud/hls/901419/index46.ts
14:34:53.026 / (ERROR) DOWN: AUTO RETRY 2/3 https://cdn2.jiuse2.cloud/hls/901419/index46.ts
14:34:57.535 / (NORMAL) 开始合并分片...
14:34:57.825 / (NORMAL) 结果输出至 [ffreport.log]
14:34:57.826 / (NORMAL) 任务结束

Task End: 2024/04/21 14:34:57
File: D:\java\GitHub\pornMagnetSpringBoot\_91pornyy\ffmpeg_and_SimpleG\Downloads\内射灌满Soul约炮传媒学院大二黑丝御姐超级反差！！！.mp4


