LOG 2023/02/26
Save Path: D:\java\GitHub\pornMagnetSpringBoot\jiuse911Modeul\Logs
Task Start: 2023/02/26 20:41:10
Task CommandLine: D:\java\GitHub\pornMagnetSpringBoot\jiuse911Modeul\N_m3u8DL-CLI_v3.0.2.exe https://cdn3.jiuse.cloud/hls/777153/index.m3u8?t=1677417069&m=GIYVf-fLgt6mZKiQpfUhnQ --saveName 人前有多高冷，背地就有多淫荡。女神留学生回国被无套3P

20:41:10.690 / (NORMAL) 开始解析 https://cdn3.jiuse.cloud/hls/777153/index.m3u8?t=1677417069&m=GIYVf-fLgt6mZKiQpfUhnQ
20:41:13.347 / (NORMAL) 写出meta.json
20:41:13.427 / (NORMAL) 开始下载文件
20:41:15.354 / (NORMAL) 读取文件信息...
20:41:15.516 / (NORMAL) PID 0x100: Video h264, yuv420p(progressive), 600x336 [SAR 224:225 DAR 16:9], 30 fps, 30 tbr, 90k tbn, 60 tbc
20:41:15.518 / (NORMAL) PID 0x101: Audio aac, 44100 Hz, stereo, fltp, 4 kb/s
20:41:18.072 / (ERROR) DOWN: 远程服务器返回错误: (503) 服务器不可用。 https://cdn3.jiuse.cloud/hls/777153/index3.ts
20:41:18.159 / (ERROR) DOWN: 远程服务器返回错误: (503) 服务器不可用。 https://cdn3.jiuse.cloud/hls/777153/index1.ts
20:41:18.543 / (ERROR) DOWN: 远程服务器返回错误: (503) 服务器不可用。 https://cdn3.jiuse.cloud/hls/777153/index8.ts
20:41:19.079 / (ERROR) DOWN: AUTO RETRY 1/3 https://cdn3.jiuse.cloud/hls/777153/index3.ts
20:41:19.172 / (ERROR) DOWN: AUTO RETRY 1/3 https://cdn3.jiuse.cloud/hls/777153/index1.ts
20:41:19.546 / (ERROR) DOWN: AUTO RETRY 1/3 https://cdn3.jiuse.cloud/hls/777153/index8.ts
20:41:20.273 / (ERROR) DOWN: 远程服务器返回错误: (503) 服务器不可用。 https://cdn3.jiuse.cloud/hls/777153/index13.ts
20:41:20.363 / (ERROR) DOWN: 远程服务器返回错误: (503) 服务器不可用。 https://cdn3.jiuse.cloud/hls/777153/index12.ts
20:41:21.286 / (ERROR) DOWN: AUTO RETRY 1/3 https://cdn3.jiuse.cloud/hls/777153/index13.ts
20:41:21.365 / (ERROR) DOWN: AUTO RETRY 1/3 https://cdn3.jiuse.cloud/hls/777153/index12.ts
20:41:21.402 / (ERROR) DOWN: 远程服务器返回错误: (503) 服务器不可用。 https://cdn3.jiuse.cloud/hls/777153/index14.ts
20:41:21.403 / (ERROR) DOWN: 远程服务器返回错误: (503) 服务器不可用。 https://cdn3.jiuse.cloud/hls/777153/index15.ts
20:41:22.286 / (ERROR) DOWN: 远程服务器返回错误: (503) 服务器不可用。 https://cdn3.jiuse.cloud/hls/777153/index3.ts
20:41:22.416 / (ERROR) DOWN: AUTO RETRY 1/3 https://cdn3.jiuse.cloud/hls/777153/index15.ts
20:41:22.418 / (ERROR) DOWN: AUTO RETRY 1/3 https://cdn3.jiuse.cloud/hls/777153/index14.ts
20:41:23.190 / (ERROR) DOWN: 远程服务器返回错误: (503) 服务器不可用。 https://cdn3.jiuse.cloud/hls/777153/index13.ts
20:41:23.296 / (ERROR) DOWN: AUTO RETRY 2/3 https://cdn3.jiuse.cloud/hls/777153/index3.ts
20:41:23.348 / (ERROR) DOWN: 远程服务器返回错误: (503) 服务器不可用。 https://cdn3.jiuse.cloud/hls/777153/index15.ts
20:41:23.860 / (ERROR) DOWN: 远程服务器返回错误: (503) 服务器不可用。 https://cdn3.jiuse.cloud/hls/777153/index17.ts
20:41:24.205 / (ERROR) DOWN: AUTO RETRY 2/3 https://cdn3.jiuse.cloud/hls/777153/index13.ts
20:41:24.359 / (ERROR) DOWN: AUTO RETRY 2/3 https://cdn3.jiuse.cloud/hls/777153/index15.ts
20:41:24.870 / (ERROR) DOWN: AUTO RETRY 1/3 https://cdn3.jiuse.cloud/hls/777153/index17.ts
20:41:25.155 / (ERROR) DOWN: 远程服务器返回错误: (503) 服务器不可用。 https://cdn3.jiuse.cloud/hls/777153/index3.ts
20:41:25.200 / (ERROR) DOWN: 远程服务器返回错误: (503) 服务器不可用。 https://cdn3.jiuse.cloud/hls/777153/index13.ts
20:41:25.522 / (ERROR) DOWN: 远程服务器返回错误: (503) 服务器不可用。 https://cdn3.jiuse.cloud/hls/777153/index15.ts
20:41:26.156 / (ERROR) DOWN: AUTO RETRY 3/3 https://cdn3.jiuse.cloud/hls/777153/index3.ts
20:41:26.203 / (ERROR) DOWN: AUTO RETRY 3/3 https://cdn3.jiuse.cloud/hls/777153/index13.ts
20:41:26.525 / (ERROR) DOWN: AUTO RETRY 3/3 https://cdn3.jiuse.cloud/hls/777153/index15.ts
20:41:36.673 / (NORMAL) 开始合并分片...
20:41:36.897 / (NORMAL) 结果输出至 [ffreport.log]
20:41:36.898 / (NORMAL) 任务结束

Task End: 2023/02/26 20:41:36
File: D:\java\GitHub\pornMagnetSpringBoot\Downloads\人前有多高冷，背地就有多淫荡。女神留学生回国被无套3P.mp4


