LOG 2023/01/29
Save Path: D:\java\GitHub\pornMagnetSpringBoot\jiuse911Modeul\Logs
Task Start: 2023/01/29 00:26:30
Task CommandLine: D:\java\GitHub\pornMagnetSpringBoot\jiuse911Modeul\N_m3u8DL-CLI_v3.0.2.exe https://cdn3.jiuse.cloud/hls/761745/index.m3u8?t=1674924979&m=GnEOz9j0hOqIFzAhgM9p1g --saveName 抱操！女上！喷水！后入！狂操！网约00年小母狗，视频下面有方式

00:26:30.947 / (NORMAL) 开始解析 https://cdn3.jiuse.cloud/hls/761745/index.m3u8?t=1674924979&m=GnEOz9j0hOqIFzAhgM9p1g
00:26:34.707 / (NORMAL) 写出meta.json
00:26:34.767 / (NORMAL) 开始下载文件
00:26:39.334 / (NORMAL) 读取文件信息...
00:26:39.372 / (NORMAL) PID 0x100: Video h264, yuv420p(progressive), 600x336, 30 fps, 30 tbr, 90k tbn, 60 tbc
00:26:39.372 / (NORMAL) PID 0x101: Audio aac, 44100 Hz, stereo, fltp, 4 kb/s
00:26:42.163 / (ERROR) DOWN: 远程服务器返回错误: (503) 服务器不可用。 https://cdn3.jiuse.cloud/hls/761745/index3.ts
00:26:43.178 / (ERROR) DOWN: AUTO RETRY 1/3 https://cdn3.jiuse.cloud/hls/761745/index3.ts
00:26:43.256 / (ERROR) DOWN: 远程服务器返回错误: (503) 服务器不可用。 https://cdn3.jiuse.cloud/hls/761745/index11.ts
00:26:43.628 / (ERROR) DOWN: 远程服务器返回错误: (503) 服务器不可用。 https://cdn3.jiuse.cloud/hls/761745/index23.ts
00:26:44.259 / (ERROR) DOWN: AUTO RETRY 1/3 https://cdn3.jiuse.cloud/hls/761745/index11.ts
00:26:44.302 / (ERROR) DOWN: 远程服务器返回错误: (503) 服务器不可用。 https://cdn3.jiuse.cloud/hls/761745/index2.ts
00:26:44.640 / (ERROR) DOWN: AUTO RETRY 1/3 https://cdn3.jiuse.cloud/hls/761745/index23.ts
00:26:45.083 / (ERROR) DOWN: 远程服务器返回错误: (503) 服务器不可用。 https://cdn3.jiuse.cloud/hls/761745/index25.ts
00:26:45.168 / (ERROR) DOWN: 远程服务器返回错误: (503) 服务器不可用。 https://cdn3.jiuse.cloud/hls/761745/index27.ts
00:26:45.314 / (ERROR) DOWN: AUTO RETRY 1/3 https://cdn3.jiuse.cloud/hls/761745/index2.ts
00:26:45.652 / (ERROR) DOWN: 远程服务器返回错误: (503) 服务器不可用。 https://cdn3.jiuse.cloud/hls/761745/index11.ts
00:26:46.087 / (ERROR) DOWN: AUTO RETRY 1/3 https://cdn3.jiuse.cloud/hls/761745/index25.ts
00:26:46.182 / (ERROR) DOWN: AUTO RETRY 1/3 https://cdn3.jiuse.cloud/hls/761745/index27.ts
00:26:46.298 / (ERROR) DOWN: 远程服务器返回错误: (503) 服务器不可用。 https://cdn3.jiuse.cloud/hls/761745/index16.ts
00:26:46.391 / (ERROR) DOWN: 远程服务器返回错误: (503) 服务器不可用。 https://cdn3.jiuse.cloud/hls/761745/index23.ts
00:26:46.655 / (ERROR) DOWN: AUTO RETRY 2/3 https://cdn3.jiuse.cloud/hls/761745/index11.ts
00:26:47.312 / (ERROR) DOWN: AUTO RETRY 1/3 https://cdn3.jiuse.cloud/hls/761745/index16.ts
00:26:47.397 / (ERROR) DOWN: 远程服务器返回错误: (503) 服务器不可用。 https://cdn3.jiuse.cloud/hls/761745/index31.ts
00:26:47.407 / (ERROR) DOWN: AUTO RETRY 2/3 https://cdn3.jiuse.cloud/hls/761745/index23.ts
00:26:47.477 / (ERROR) DOWN: 远程服务器返回错误: (503) 服务器不可用。 https://cdn3.jiuse.cloud/hls/761745/index25.ts
00:26:48.412 / (ERROR) DOWN: AUTO RETRY 1/3 https://cdn3.jiuse.cloud/hls/761745/index31.ts
00:26:48.449 / (ERROR) DOWN: 远程服务器返回错误: (503) 服务器不可用。 https://cdn3.jiuse.cloud/hls/761745/index11.ts
00:26:48.491 / (ERROR) DOWN: AUTO RETRY 2/3 https://cdn3.jiuse.cloud/hls/761745/index25.ts
00:26:48.562 / (ERROR) DOWN: 远程服务器返回错误: (503) 服务器不可用。 https://cdn3.jiuse.cloud/hls/761745/index27.ts
00:26:49.398 / (ERROR) DOWN: 操作超时 https://cdn3.jiuse.cloud/hls/761745/index7.ts
00:26:49.459 / (ERROR) DOWN: AUTO RETRY 3/3 https://cdn3.jiuse.cloud/hls/761745/index11.ts
00:26:49.569 / (ERROR) DOWN: AUTO RETRY 2/3 https://cdn3.jiuse.cloud/hls/761745/index27.ts
00:26:49.571 / (ERROR) DOWN: 远程服务器返回错误: (503) 服务器不可用。 https://cdn3.jiuse.cloud/hls/761745/index16.ts
00:26:49.628 / (ERROR) DOWN: 远程服务器返回错误: (503) 服务器不可用。 https://cdn3.jiuse.cloud/hls/761745/index6.ts
00:26:49.652 / (ERROR) DOWN: 远程服务器返回错误: (503) 服务器不可用。 https://cdn3.jiuse.cloud/hls/761745/index23.ts
00:26:49.777 / (ERROR) DOWN: 远程服务器返回错误: (503) 服务器不可用。 https://cdn3.jiuse.cloud/hls/761745/index25.ts
00:26:50.187 / (ERROR) DOWN: 远程服务器返回错误: (503) 服务器不可用。 https://cdn3.jiuse.cloud/hls/761745/index10.ts
00:26:50.400 / (ERROR) DOWN: AUTO RETRY 1/3 https://cdn3.jiuse.cloud/hls/761745/index7.ts
00:26:50.574 / (ERROR) DOWN: AUTO RETRY 2/3 https://cdn3.jiuse.cloud/hls/761745/index16.ts
00:26:50.638 / (ERROR) DOWN: AUTO RETRY 1/3 https://cdn3.jiuse.cloud/hls/761745/index6.ts
00:26:50.653 / (ERROR) DOWN: AUTO RETRY 3/3 https://cdn3.jiuse.cloud/hls/761745/index23.ts
00:26:50.780 / (ERROR) DOWN: AUTO RETRY 3/3 https://cdn3.jiuse.cloud/hls/761745/index25.ts
00:26:51.112 / (ERROR) DOWN: 远程服务器返回错误: (503) 服务器不可用。 https://cdn3.jiuse.cloud/hls/761745/index20.ts
00:26:51.116 / (ERROR) DOWN: 远程服务器返回错误: (503) 服务器不可用。 https://cdn3.jiuse.cloud/hls/761745/index22.ts
00:26:51.199 / (ERROR) DOWN: AUTO RETRY 1/3 https://cdn3.jiuse.cloud/hls/761745/index10.ts
00:26:51.878 / (ERROR) DOWN: 远程服务器返回错误: (503) 服务器不可用。 https://cdn3.jiuse.cloud/hls/761745/index7.ts
00:26:51.994 / (ERROR) DOWN: 远程服务器返回错误: (503) 服务器不可用。 https://cdn3.jiuse.cloud/hls/761745/index23.ts
00:26:52.122 / (ERROR) DOWN: AUTO RETRY 1/3 https://cdn3.jiuse.cloud/hls/761745/index20.ts
00:26:52.122 / (ERROR) DOWN: AUTO RETRY 1/3 https://cdn3.jiuse.cloud/hls/761745/index22.ts
00:26:52.590 / (ERROR) DOWN: 远程服务器返回错误: (503) 服务器不可用。 https://cdn3.jiuse.cloud/hls/761745/index25.ts
00:26:52.640 / (ERROR) DOWN: 远程服务器返回错误: (503) 服务器不可用。 https://cdn3.jiuse.cloud/hls/761745/index6.ts
00:26:52.891 / (ERROR) DOWN: AUTO RETRY 2/3 https://cdn3.jiuse.cloud/hls/761745/index7.ts
00:26:53.458 / (ERROR) DOWN: 远程服务器返回错误: (503) 服务器不可用。 https://cdn3.jiuse.cloud/hls/761745/index20.ts
00:26:53.467 / (ERROR) DOWN: 远程服务器返回错误: (503) 服务器不可用。 https://cdn3.jiuse.cloud/hls/761745/index16.ts
00:26:53.525 / (ERROR) DOWN: 远程服务器返回错误: (503) 服务器不可用。 https://cdn3.jiuse.cloud/hls/761745/index10.ts
00:26:53.646 / (ERROR) DOWN: AUTO RETRY 2/3 https://cdn3.jiuse.cloud/hls/761745/index6.ts
00:26:54.208 / (ERROR) DOWN: 远程服务器返回错误: (503) 服务器不可用。 https://cdn3.jiuse.cloud/hls/761745/index7.ts
00:26:54.388 / (ERROR) DOWN: 远程服务器返回错误: (503) 服务器不可用。 https://cdn3.jiuse.cloud/hls/761745/index22.ts
00:26:54.460 / (ERROR) DOWN: AUTO RETRY 2/3 https://cdn3.jiuse.cloud/hls/761745/index20.ts
00:26:54.476 / (ERROR) DOWN: AUTO RETRY 3/3 https://cdn3.jiuse.cloud/hls/761745/index16.ts
00:26:54.540 / (ERROR) DOWN: AUTO RETRY 2/3 https://cdn3.jiuse.cloud/hls/761745/index10.ts
00:26:55.042 / (ERROR) DOWN: 远程服务器返回错误: (503) 服务器不可用。 https://cdn3.jiuse.cloud/hls/761745/index6.ts
00:26:55.222 / (ERROR) DOWN: AUTO RETRY 3/3 https://cdn3.jiuse.cloud/hls/761745/index7.ts
00:26:55.396 / (ERROR) DOWN: AUTO RETRY 2/3 https://cdn3.jiuse.cloud/hls/761745/index22.ts
00:26:56.055 / (ERROR) DOWN: AUTO RETRY 3/3 https://cdn3.jiuse.cloud/hls/761745/index6.ts
00:26:56.606 / (ERROR) DOWN: 远程服务器返回错误: (503) 服务器不可用。 https://cdn3.jiuse.cloud/hls/761745/index16.ts
00:26:56.819 / (ERROR) DOWN: 远程服务器返回错误: (503) 服务器不可用。 https://cdn3.jiuse.cloud/hls/761745/index20.ts
00:26:57.147 / (ERROR) DOWN: 远程服务器返回错误: (503) 服务器不可用。 https://cdn3.jiuse.cloud/hls/761745/index32.ts
00:26:57.831 / (ERROR) DOWN: AUTO RETRY 3/3 https://cdn3.jiuse.cloud/hls/761745/index20.ts
00:26:57.895 / (ERROR) DOWN: 远程服务器返回错误: (503) 服务器不可用。 https://cdn3.jiuse.cloud/hls/761745/index6.ts
00:26:57.936 / (ERROR) DOWN: 远程服务器返回错误: (503) 服务器不可用。 https://cdn3.jiuse.cloud/hls/761745/index30.ts
00:26:58.159 / (ERROR) DOWN: AUTO RETRY 1/3 https://cdn3.jiuse.cloud/hls/761745/index32.ts
00:26:58.820 / (ERROR) DOWN: 远程服务器返回错误: (503) 服务器不可用。 https://cdn3.jiuse.cloud/hls/761745/index7.ts
00:26:58.941 / (ERROR) DOWN: AUTO RETRY 1/3 https://cdn3.jiuse.cloud/hls/761745/index30.ts
00:26:59.726 / (ERROR) DOWN: 远程服务器返回错误: (503) 服务器不可用。 https://cdn3.jiuse.cloud/hls/761745/index32.ts
00:27:00.077 / (ERROR) DOWN: 远程服务器返回错误: (503) 服务器不可用。 https://cdn3.jiuse.cloud/hls/761745/index12.ts
00:27:00.254 / (ERROR) DOWN: 远程服务器返回错误: (503) 服务器不可用。 https://cdn3.jiuse.cloud/hls/761745/index30.ts
00:27:00.729 / (ERROR) DOWN: AUTO RETRY 2/3 https://cdn3.jiuse.cloud/hls/761745/index32.ts
00:27:01.085 / (ERROR) DOWN: AUTO RETRY 1/3 https://cdn3.jiuse.cloud/hls/761745/index12.ts
00:27:01.104 / (ERROR) DOWN: 远程服务器返回错误: (503) 服务器不可用。 https://cdn3.jiuse.cloud/hls/761745/index39.ts
00:27:01.259 / (ERROR) DOWN: AUTO RETRY 2/3 https://cdn3.jiuse.cloud/hls/761745/index30.ts
00:27:01.941 / (ERROR) DOWN: 操作超时 https://cdn3.jiuse.cloud/hls/761745/index4.ts
00:27:02.018 / (ERROR) DOWN: 远程服务器返回错误: (503) 服务器不可用。 https://cdn3.jiuse.cloud/hls/761745/index32.ts
00:27:02.114 / (ERROR) DOWN: AUTO RETRY 1/3 https://cdn3.jiuse.cloud/hls/761745/index39.ts
00:27:02.400 / (ERROR) DOWN: 远程服务器返回错误: (503) 服务器不可用。 https://cdn3.jiuse.cloud/hls/761745/index12.ts
00:27:02.953 / (ERROR) DOWN: AUTO RETRY 1/3 https://cdn3.jiuse.cloud/hls/761745/index4.ts
00:27:03.032 / (ERROR) DOWN: AUTO RETRY 3/3 https://cdn3.jiuse.cloud/hls/761745/index32.ts
00:27:03.412 / (ERROR) DOWN: AUTO RETRY 2/3 https://cdn3.jiuse.cloud/hls/761745/index12.ts
00:27:04.356 / (ERROR) DOWN: 远程服务器返回错误: (503) 服务器不可用。 https://cdn3.jiuse.cloud/hls/761745/index32.ts
00:27:04.496 / (ERROR) DOWN: 远程服务器返回错误: (503) 服务器不可用。 https://cdn3.jiuse.cloud/hls/761745/index39.ts
00:27:04.670 / (ERROR) DOWN: 远程服务器返回错误: (503) 服务器不可用。 https://cdn3.jiuse.cloud/hls/761745/index12.ts
00:27:05.414 / (ERROR) DOWN: 操作超时 https://cdn3.jiuse.cloud/hls/761745/index22.ts
00:27:05.508 / (ERROR) DOWN: AUTO RETRY 2/3 https://cdn3.jiuse.cloud/hls/761745/index39.ts
00:27:05.682 / (ERROR) DOWN: AUTO RETRY 3/3 https://cdn3.jiuse.cloud/hls/761745/index12.ts
00:27:06.420 / (ERROR) DOWN: AUTO RETRY 3/3 https://cdn3.jiuse.cloud/hls/761745/index22.ts
00:27:08.272 / (ERROR) DOWN: 远程服务器返回错误: (503) 服务器不可用。 https://cdn3.jiuse.cloud/hls/761745/index22.ts
00:27:09.527 / (ERROR) DOWN: 远程服务器返回错误: (503) 服务器不可用。 https://cdn3.jiuse.cloud/hls/761745/index38.ts
00:27:10.531 / (ERROR) DOWN: AUTO RETRY 1/3 https://cdn3.jiuse.cloud/hls/761745/index38.ts
00:27:18.605 / (NORMAL) 完成数量 34 of 41
00:27:18.605 / (NORMAL) 重试次数 1 / 15
00:27:21.619 / (NORMAL) 开始下载文件
00:27:32.536 / (NORMAL) 开始合并分片...
00:27:32.697 / (NORMAL) 结果输出至 [ffreport.log]
00:27:32.697 / (NORMAL) 任务结束

Task End: 2023/01/29 00:27:32
File: D:\java\GitHub\pornMagnetSpringBoot\Downloads\抱操！女上！喷水！后入！狂操！网约00年小母狗，视频下面有方式.mp4


