LOG 2023/03/01
Save Path: D:\java\GitHub\pornMagnetSpringBoot\jiuse911Modeul\Logs
Task Start: 2023/03/01 18:44:04
Task CommandLine: D:\java\GitHub\pornMagnetSpringBoot\jiuse911Modeul\N_m3u8DL-CLI_v3.0.2.exe https://cdn3.jiuse.cloud/hls/781038/index.m3u8?t=1677669242&m=o9pcXYU8CH3G3Hqczgb1aw --saveName 喷尿！留学生背着男朋友一边浪叫，一边喷的到处都是

18:44:04.071 / (NORMAL) 开始解析 https://cdn3.jiuse.cloud/hls/781038/index.m3u8?t=1677669242&m=o9pcXYU8CH3G3Hqczgb1aw
18:44:06.945 / (NORMAL) 写出meta.json
18:44:07.024 / (NORMAL) 开始下载文件
18:44:08.520 / (NORMAL) 读取文件信息...
18:44:08.906 / (NORMAL) PID 0x100: Video h264, yuv420p(progressive), 600x336 [SAR 2989:3000 DAR 427:240], 25 fps, 25 tbr, 90k tbn, 50 tbc
18:44:08.907 / (NORMAL) PID 0x101: Audio aac, 44100 Hz, stereo, fltp, 4 kb/s
18:44:10.319 / (ERROR) DOWN: 远程服务器返回错误: (503) 服务器不可用。 https://cdn3.jiuse.cloud/hls/781038/index16.ts
18:44:10.684 / (ERROR) DOWN: 远程服务器返回错误: (503) 服务器不可用。 https://cdn3.jiuse.cloud/hls/781038/index22.ts
18:44:10.766 / (ERROR) DOWN: 远程服务器返回错误: (503) 服务器不可用。 https://cdn3.jiuse.cloud/hls/781038/index28.ts
18:44:11.332 / (ERROR) DOWN: AUTO RETRY 1/3 https://cdn3.jiuse.cloud/hls/781038/index16.ts
18:44:11.383 / (ERROR) DOWN: 远程服务器返回错误: (503) 服务器不可用。 https://cdn3.jiuse.cloud/hls/781038/index31.ts
18:44:11.691 / (ERROR) DOWN: AUTO RETRY 1/3 https://cdn3.jiuse.cloud/hls/781038/index22.ts
18:44:11.771 / (ERROR) DOWN: AUTO RETRY 1/3 https://cdn3.jiuse.cloud/hls/781038/index28.ts
18:44:12.393 / (ERROR) DOWN: AUTO RETRY 1/3 https://cdn3.jiuse.cloud/hls/781038/index31.ts
18:44:12.567 / (ERROR) DOWN: 远程服务器返回错误: (503) 服务器不可用。 https://cdn3.jiuse.cloud/hls/781038/index16.ts
18:44:12.763 / (ERROR) DOWN: 远程服务器返回错误: (503) 服务器不可用。 https://cdn3.jiuse.cloud/hls/781038/index34.ts
18:44:12.925 / (ERROR) DOWN: 远程服务器返回错误: (503) 服务器不可用。 https://cdn3.jiuse.cloud/hls/781038/index22.ts
18:44:13.002 / (ERROR) DOWN: 远程服务器返回错误: (503) 服务器不可用。 https://cdn3.jiuse.cloud/hls/781038/index28.ts
18:44:13.597 / (ERROR) DOWN: AUTO RETRY 2/3 https://cdn3.jiuse.cloud/hls/781038/index16.ts
18:44:13.615 / (ERROR) DOWN: 远程服务器返回错误: (503) 服务器不可用。 https://cdn3.jiuse.cloud/hls/781038/index31.ts
18:44:13.769 / (ERROR) DOWN: AUTO RETRY 1/3 https://cdn3.jiuse.cloud/hls/781038/index34.ts
18:44:13.779 / (ERROR) DOWN: 远程服务器返回错误: (503) 服务器不可用。 https://cdn3.jiuse.cloud/hls/781038/index37.ts
18:44:13.940 / (ERROR) DOWN: AUTO RETRY 2/3 https://cdn3.jiuse.cloud/hls/781038/index22.ts
18:44:14.018 / (ERROR) DOWN: AUTO RETRY 2/3 https://cdn3.jiuse.cloud/hls/781038/index28.ts
18:44:14.589 / (ERROR) DOWN: 远程服务器返回错误: (503) 服务器不可用。 https://cdn3.jiuse.cloud/hls/781038/index34.ts
18:44:14.625 / (ERROR) DOWN: AUTO RETRY 2/3 https://cdn3.jiuse.cloud/hls/781038/index31.ts
18:44:14.781 / (ERROR) DOWN: AUTO RETRY 1/3 https://cdn3.jiuse.cloud/hls/781038/index37.ts
18:44:14.782 / (ERROR) DOWN: 远程服务器返回错误: (503) 服务器不可用。 https://cdn3.jiuse.cloud/hls/781038/index40.ts
18:44:14.828 / (ERROR) DOWN: 远程服务器返回错误: (503) 服务器不可用。 https://cdn3.jiuse.cloud/hls/781038/index16.ts
18:44:15.162 / (ERROR) DOWN: 远程服务器返回错误: (503) 服务器不可用。 https://cdn3.jiuse.cloud/hls/781038/index22.ts
18:44:15.167 / (ERROR) DOWN: 远程服务器返回错误: (503) 服务器不可用。 https://cdn3.jiuse.cloud/hls/781038/index26.ts
18:44:15.446 / (ERROR) DOWN: 远程服务器返回错误: (503) 服务器不可用。 https://cdn3.jiuse.cloud/hls/781038/index31.ts
18:44:15.590 / (ERROR) DOWN: AUTO RETRY 2/3 https://cdn3.jiuse.cloud/hls/781038/index34.ts
18:44:15.705 / (ERROR) DOWN: 远程服务器返回错误: (503) 服务器不可用。 https://cdn3.jiuse.cloud/hls/781038/index14.ts
18:44:15.747 / (ERROR) DOWN: 远程服务器返回错误: (503) 服务器不可用。 https://cdn3.jiuse.cloud/hls/781038/index43.ts
18:44:15.791 / (ERROR) DOWN: AUTO RETRY 1/3 https://cdn3.jiuse.cloud/hls/781038/index40.ts
18:44:15.839 / (ERROR) DOWN: AUTO RETRY 3/3 https://cdn3.jiuse.cloud/hls/781038/index16.ts
18:44:16.165 / (ERROR) DOWN: AUTO RETRY 3/3 https://cdn3.jiuse.cloud/hls/781038/index22.ts
18:44:16.181 / (ERROR) DOWN: AUTO RETRY 1/3 https://cdn3.jiuse.cloud/hls/781038/index26.ts
18:44:16.460 / (ERROR) DOWN: AUTO RETRY 3/3 https://cdn3.jiuse.cloud/hls/781038/index31.ts
18:44:16.647 / (ERROR) DOWN: 远程服务器返回错误: (503) 服务器不可用。 https://cdn3.jiuse.cloud/hls/781038/index16.ts
18:44:16.708 / (ERROR) DOWN: AUTO RETRY 1/3 https://cdn3.jiuse.cloud/hls/781038/index14.ts
18:44:16.756 / (ERROR) DOWN: AUTO RETRY 1/3 https://cdn3.jiuse.cloud/hls/781038/index43.ts
18:44:16.808 / (ERROR) DOWN: 远程服务器返回错误: (503) 服务器不可用。 https://cdn3.jiuse.cloud/hls/781038/index46.ts
18:44:16.815 / (ERROR) DOWN: 远程服务器返回错误: (503) 服务器不可用。 https://cdn3.jiuse.cloud/hls/781038/index34.ts
18:44:16.996 / (ERROR) DOWN: 远程服务器返回错误: (503) 服务器不可用。 https://cdn3.jiuse.cloud/hls/781038/index22.ts
18:44:17.296 / (ERROR) DOWN: 远程服务器返回错误: (503) 服务器不可用。 https://cdn3.jiuse.cloud/hls/781038/index8.ts
18:44:17.405 / (ERROR) DOWN: 远程服务器返回错误: (503) 服务器不可用。 https://cdn3.jiuse.cloud/hls/781038/index26.ts
18:44:17.465 / (ERROR) DOWN: 远程服务器返回错误: (503) 服务器不可用。 https://cdn3.jiuse.cloud/hls/781038/index17.ts
18:44:17.527 / (ERROR) DOWN: 远程服务器返回错误: (503) 服务器不可用。 https://cdn3.jiuse.cloud/hls/781038/index14.ts
18:44:17.717 / (ERROR) DOWN: 远程服务器返回错误: (503) 服务器不可用。 https://cdn3.jiuse.cloud/hls/781038/index31.ts
18:44:17.718 / (ERROR) DOWN: 远程服务器返回错误: (503) 服务器不可用。 https://cdn3.jiuse.cloud/hls/781038/index11.ts
18:44:17.816 / (ERROR) DOWN: AUTO RETRY 1/3 https://cdn3.jiuse.cloud/hls/781038/index46.ts
18:44:17.832 / (ERROR) DOWN: AUTO RETRY 3/3 https://cdn3.jiuse.cloud/hls/781038/index34.ts
18:44:17.987 / (ERROR) DOWN: 远程服务器返回错误: (503) 服务器不可用。 https://cdn3.jiuse.cloud/hls/781038/index43.ts
18:44:18.298 / (ERROR) DOWN: AUTO RETRY 1/3 https://cdn3.jiuse.cloud/hls/781038/index8.ts
18:44:18.406 / (ERROR) DOWN: AUTO RETRY 2/3 https://cdn3.jiuse.cloud/hls/781038/index26.ts
18:44:18.469 / (ERROR) DOWN: AUTO RETRY 1/3 https://cdn3.jiuse.cloud/hls/781038/index17.ts
18:44:18.531 / (ERROR) DOWN: AUTO RETRY 2/3 https://cdn3.jiuse.cloud/hls/781038/index14.ts
18:44:18.599 / (ERROR) DOWN: 远程服务器返回错误: (503) 服务器不可用。 https://cdn3.jiuse.cloud/hls/781038/index32.ts
18:44:18.734 / (ERROR) DOWN: AUTO RETRY 1/3 https://cdn3.jiuse.cloud/hls/781038/index11.ts
18:44:18.997 / (ERROR) DOWN: AUTO RETRY 2/3 https://cdn3.jiuse.cloud/hls/781038/index43.ts
18:44:19.095 / (ERROR) DOWN: 远程服务器返回错误: (503) 服务器不可用。 https://cdn3.jiuse.cloud/hls/781038/index34.ts
18:44:19.115 / (ERROR) DOWN: 远程服务器返回错误: (503) 服务器不可用。 https://cdn3.jiuse.cloud/hls/781038/index8.ts
18:44:19.231 / (ERROR) DOWN: 远程服务器返回错误: (503) 服务器不可用。 https://cdn3.jiuse.cloud/hls/781038/index6.ts
18:44:19.516 / (ERROR) DOWN: 远程服务器返回错误: (503) 服务器不可用。 https://cdn3.jiuse.cloud/hls/781038/index17.ts
18:44:19.562 / (ERROR) DOWN: 远程服务器返回错误: (503) 服务器不可用。 https://cdn3.jiuse.cloud/hls/781038/index11.ts
18:44:19.606 / (ERROR) DOWN: AUTO RETRY 1/3 https://cdn3.jiuse.cloud/hls/781038/index32.ts
18:44:19.629 / (ERROR) DOWN: 远程服务器返回错误: (503) 服务器不可用。 https://cdn3.jiuse.cloud/hls/781038/index26.ts
18:44:19.772 / (ERROR) DOWN: 远程服务器返回错误: (503) 服务器不可用。 https://cdn3.jiuse.cloud/hls/781038/index14.ts
18:44:19.816 / (ERROR) DOWN: 远程服务器返回错误: (503) 服务器不可用。 https://cdn3.jiuse.cloud/hls/781038/index43.ts
18:44:19.901 / (ERROR) DOWN: 远程服务器返回错误: (503) 服务器不可用。 https://cdn3.jiuse.cloud/hls/781038/index35.ts
18:44:20.120 / (ERROR) DOWN: AUTO RETRY 2/3 https://cdn3.jiuse.cloud/hls/781038/index8.ts
18:44:20.244 / (ERROR) DOWN: AUTO RETRY 1/3 https://cdn3.jiuse.cloud/hls/781038/index6.ts
18:44:20.438 / (ERROR) DOWN: 远程服务器返回错误: (503) 服务器不可用。 https://cdn3.jiuse.cloud/hls/781038/index32.ts
18:44:20.525 / (ERROR) DOWN: AUTO RETRY 2/3 https://cdn3.jiuse.cloud/hls/781038/index17.ts
18:44:20.570 / (ERROR) DOWN: AUTO RETRY 2/3 https://cdn3.jiuse.cloud/hls/781038/index11.ts
18:44:20.646 / (ERROR) DOWN: AUTO RETRY 3/3 https://cdn3.jiuse.cloud/hls/781038/index26.ts
18:44:20.773 / (ERROR) DOWN: AUTO RETRY 3/3 https://cdn3.jiuse.cloud/hls/781038/index14.ts
18:44:20.819 / (ERROR) DOWN: AUTO RETRY 3/3 https://cdn3.jiuse.cloud/hls/781038/index43.ts
18:44:20.912 / (ERROR) DOWN: AUTO RETRY 1/3 https://cdn3.jiuse.cloud/hls/781038/index35.ts
18:44:21.338 / (ERROR) DOWN: 远程服务器返回错误: (503) 服务器不可用。 https://cdn3.jiuse.cloud/hls/781038/index8.ts
18:44:21.447 / (ERROR) DOWN: AUTO RETRY 2/3 https://cdn3.jiuse.cloud/hls/781038/index32.ts
18:44:21.456 / (ERROR) DOWN: 远程服务器返回错误: (503) 服务器不可用。 https://cdn3.jiuse.cloud/hls/781038/index26.ts
18:44:21.461 / (ERROR) DOWN: 远程服务器返回错误: (503) 服务器不可用。 https://cdn3.jiuse.cloud/hls/781038/index6.ts
18:44:21.583 / (ERROR) DOWN: 远程服务器返回错误: (503) 服务器不可用。 https://cdn3.jiuse.cloud/hls/781038/index14.ts
18:44:21.642 / (ERROR) DOWN: 远程服务器返回错误: (503) 服务器不可用。 https://cdn3.jiuse.cloud/hls/781038/index43.ts
18:44:21.740 / (ERROR) DOWN: 远程服务器返回错误: (503) 服务器不可用。 https://cdn3.jiuse.cloud/hls/781038/index35.ts
18:44:21.771 / (ERROR) DOWN: 远程服务器返回错误: (503) 服务器不可用。 https://cdn3.jiuse.cloud/hls/781038/index17.ts
18:44:21.790 / (ERROR) DOWN: 远程服务器返回错误: (503) 服务器不可用。 https://cdn3.jiuse.cloud/hls/781038/index11.ts
18:44:22.343 / (ERROR) DOWN: AUTO RETRY 3/3 https://cdn3.jiuse.cloud/hls/781038/index8.ts
18:44:22.410 / (ERROR) DOWN: 远程服务器返回错误: (503) 服务器不可用。 https://cdn3.jiuse.cloud/hls/781038/index15.ts
18:44:22.469 / (ERROR) DOWN: AUTO RETRY 2/3 https://cdn3.jiuse.cloud/hls/781038/index6.ts
18:44:22.674 / (ERROR) DOWN: 远程服务器返回错误: (503) 服务器不可用。 https://cdn3.jiuse.cloud/hls/781038/index27.ts
18:44:22.677 / (ERROR) DOWN: 远程服务器返回错误: (503) 服务器不可用。 https://cdn3.jiuse.cloud/hls/781038/index32.ts
18:44:22.747 / (ERROR) DOWN: AUTO RETRY 2/3 https://cdn3.jiuse.cloud/hls/781038/index35.ts
18:44:22.780 / (ERROR) DOWN: AUTO RETRY 3/3 https://cdn3.jiuse.cloud/hls/781038/index17.ts
18:44:22.794 / (ERROR) DOWN: AUTO RETRY 3/3 https://cdn3.jiuse.cloud/hls/781038/index11.ts
18:44:22.845 / (ERROR) DOWN: 远程服务器返回错误: (503) 服务器不可用。 https://cdn3.jiuse.cloud/hls/781038/index38.ts
18:44:23.352 / (ERROR) DOWN: 远程服务器返回错误: (503) 服务器不可用。 https://cdn3.jiuse.cloud/hls/781038/index6.ts
18:44:23.413 / (ERROR) DOWN: AUTO RETRY 1/3 https://cdn3.jiuse.cloud/hls/781038/index15.ts
18:44:23.580 / (ERROR) DOWN: 远程服务器返回错误: (503) 服务器不可用。 https://cdn3.jiuse.cloud/hls/781038/index8.ts
18:44:23.680 / (ERROR) DOWN: AUTO RETRY 3/3 https://cdn3.jiuse.cloud/hls/781038/index32.ts
18:44:23.681 / (ERROR) DOWN: AUTO RETRY 1/3 https://cdn3.jiuse.cloud/hls/781038/index27.ts
18:44:23.727 / (ERROR) DOWN: 远程服务器返回错误: (503) 服务器不可用。 https://cdn3.jiuse.cloud/hls/781038/index35.ts
18:44:23.733 / (ERROR) DOWN: 远程服务器返回错误: (503) 服务器不可用。 https://cdn3.jiuse.cloud/hls/781038/index17.ts
18:44:23.736 / (ERROR) DOWN: 远程服务器返回错误: (503) 服务器不可用。 https://cdn3.jiuse.cloud/hls/781038/index11.ts
18:44:23.853 / (ERROR) DOWN: AUTO RETRY 1/3 https://cdn3.jiuse.cloud/hls/781038/index38.ts
18:44:24.342 / (ERROR) DOWN: 远程服务器返回错误: (503) 服务器不可用。 https://cdn3.jiuse.cloud/hls/781038/index41.ts
18:44:24.364 / (ERROR) DOWN: AUTO RETRY 3/3 https://cdn3.jiuse.cloud/hls/781038/index6.ts
18:44:24.434 / (ERROR) DOWN: 远程服务器返回错误: (503) 服务器不可用。 https://cdn3.jiuse.cloud/hls/781038/index9.ts
18:44:24.610 / (ERROR) DOWN: 远程服务器返回错误: (503) 服务器不可用。 https://cdn3.jiuse.cloud/hls/781038/index12.ts
18:44:24.737 / (ERROR) DOWN: AUTO RETRY 3/3 https://cdn3.jiuse.cloud/hls/781038/index35.ts
18:44:24.928 / (ERROR) DOWN: 远程服务器返回错误: (503) 服务器不可用。 https://cdn3.jiuse.cloud/hls/781038/index32.ts
18:44:24.977 / (ERROR) DOWN: 远程服务器返回错误: (503) 服务器不可用。 https://cdn3.jiuse.cloud/hls/781038/index18.ts
18:44:25.082 / (ERROR) DOWN: 远程服务器返回错误: (503) 服务器不可用。 https://cdn3.jiuse.cloud/hls/781038/index38.ts
18:44:25.347 / (ERROR) DOWN: AUTO RETRY 1/3 https://cdn3.jiuse.cloud/hls/781038/index41.ts
18:44:25.442 / (ERROR) DOWN: AUTO RETRY 1/3 https://cdn3.jiuse.cloud/hls/781038/index9.ts
18:44:25.552 / (ERROR) DOWN: 远程服务器返回错误: (503) 服务器不可用。 https://cdn3.jiuse.cloud/hls/781038/index47.ts
18:44:25.594 / (ERROR) DOWN: 远程服务器返回错误: (503) 服务器不可用。 https://cdn3.jiuse.cloud/hls/781038/index6.ts
18:44:25.613 / (ERROR) DOWN: AUTO RETRY 1/3 https://cdn3.jiuse.cloud/hls/781038/index12.ts
18:44:25.986 / (ERROR) DOWN: AUTO RETRY 1/3 https://cdn3.jiuse.cloud/hls/781038/index18.ts
18:44:26.096 / (ERROR) DOWN: AUTO RETRY 2/3 https://cdn3.jiuse.cloud/hls/781038/index38.ts
18:44:26.157 / (ERROR) DOWN: 远程服务器返回错误: (503) 服务器不可用。 https://cdn3.jiuse.cloud/hls/781038/index33.ts
18:44:26.159 / (ERROR) DOWN: 远程服务器返回错误: (503) 服务器不可用。 https://cdn3.jiuse.cloud/hls/781038/index41.ts
18:44:26.271 / (ERROR) DOWN: 远程服务器返回错误: (503) 服务器不可用。 https://cdn3.jiuse.cloud/hls/781038/index9.ts
18:44:26.564 / (ERROR) DOWN: AUTO RETRY 1/3 https://cdn3.jiuse.cloud/hls/781038/index47.ts
18:44:26.821 / (ERROR) DOWN: 远程服务器返回错误: (503) 服务器不可用。 https://cdn3.jiuse.cloud/hls/781038/index12.ts
18:44:26.828 / (ERROR) DOWN: 远程服务器返回错误: (503) 服务器不可用。 https://cdn3.jiuse.cloud/hls/781038/index49.ts
18:44:26.909 / (ERROR) DOWN: 远程服务器返回错误: (503) 服务器不可用。 https://cdn3.jiuse.cloud/hls/781038/index38.ts
18:44:26.985 / (ERROR) DOWN: 远程服务器返回错误: (503) 服务器不可用。 https://cdn3.jiuse.cloud/hls/781038/index52.ts
18:44:27.166 / (ERROR) DOWN: AUTO RETRY 2/3 https://cdn3.jiuse.cloud/hls/781038/index41.ts
18:44:27.168 / (ERROR) DOWN: AUTO RETRY 1/3 https://cdn3.jiuse.cloud/hls/781038/index33.ts
18:44:27.275 / (ERROR) DOWN: AUTO RETRY 2/3 https://cdn3.jiuse.cloud/hls/781038/index9.ts
18:44:27.448 / (ERROR) DOWN: 远程服务器返回错误: (503) 服务器不可用。 https://cdn3.jiuse.cloud/hls/781038/index18.ts
18:44:27.797 / (ERROR) DOWN: 远程服务器返回错误: (503) 服务器不可用。 https://cdn3.jiuse.cloud/hls/781038/index47.ts
18:44:27.834 / (ERROR) DOWN: AUTO RETRY 1/3 https://cdn3.jiuse.cloud/hls/781038/index49.ts
18:44:27.835 / (ERROR) DOWN: AUTO RETRY 2/3 https://cdn3.jiuse.cloud/hls/781038/index12.ts
18:44:27.913 / (ERROR) DOWN: AUTO RETRY 3/3 https://cdn3.jiuse.cloud/hls/781038/index38.ts
18:44:27.991 / (ERROR) DOWN: AUTO RETRY 1/3 https://cdn3.jiuse.cloud/hls/781038/index52.ts
18:44:28.457 / (ERROR) DOWN: AUTO RETRY 2/3 https://cdn3.jiuse.cloud/hls/781038/index18.ts
18:44:28.521 / (ERROR) DOWN: 远程服务器返回错误: (503) 服务器不可用。 https://cdn3.jiuse.cloud/hls/781038/index9.ts
18:44:28.536 / (ERROR) DOWN: 远程服务器返回错误: (503) 服务器不可用。 https://cdn3.jiuse.cloud/hls/781038/index55.ts
18:44:28.622 / (ERROR) DOWN: 远程服务器返回错误: (503) 服务器不可用。 https://cdn3.jiuse.cloud/hls/781038/index33.ts
18:44:28.709 / (ERROR) DOWN: 远程服务器返回错误: (503) 服务器不可用。 https://cdn3.jiuse.cloud/hls/781038/index49.ts
18:44:28.800 / (ERROR) DOWN: AUTO RETRY 2/3 https://cdn3.jiuse.cloud/hls/781038/index47.ts
18:44:29.157 / (ERROR) DOWN: 远程服务器返回错误: (503) 服务器不可用。 https://cdn3.jiuse.cloud/hls/781038/index38.ts
18:44:29.206 / (ERROR) DOWN: 远程服务器返回错误: (503) 服务器不可用。 https://cdn3.jiuse.cloud/hls/781038/index52.ts
18:44:29.532 / (ERROR) DOWN: AUTO RETRY 3/3 https://cdn3.jiuse.cloud/hls/781038/index9.ts
18:44:29.547 / (ERROR) DOWN: AUTO RETRY 1/3 https://cdn3.jiuse.cloud/hls/781038/index55.ts
18:44:29.625 / (ERROR) DOWN: AUTO RETRY 2/3 https://cdn3.jiuse.cloud/hls/781038/index33.ts
18:44:29.691 / (ERROR) DOWN: 远程服务器返回错误: (503) 服务器不可用。 https://cdn3.jiuse.cloud/hls/781038/index18.ts
18:44:29.719 / (ERROR) DOWN: AUTO RETRY 2/3 https://cdn3.jiuse.cloud/hls/781038/index49.ts
18:44:30.141 / (ERROR) DOWN: 远程服务器返回错误: (503) 服务器不可用。 https://cdn3.jiuse.cloud/hls/781038/index30.ts
18:44:30.189 / (ERROR) DOWN: 远程服务器返回错误: (503) 服务器不可用。 https://cdn3.jiuse.cloud/hls/781038/index45.ts
18:44:30.215 / (ERROR) DOWN: AUTO RETRY 2/3 https://cdn3.jiuse.cloud/hls/781038/index52.ts
18:44:30.425 / (ERROR) DOWN: 远程服务器返回错误: (503) 服务器不可用。 https://cdn3.jiuse.cloud/hls/781038/index39.ts
18:44:30.514 / (ERROR) DOWN: 远程服务器返回错误: (503) 服务器不可用。 https://cdn3.jiuse.cloud/hls/781038/index58.ts
18:44:30.701 / (ERROR) DOWN: AUTO RETRY 3/3 https://cdn3.jiuse.cloud/hls/781038/index18.ts
18:44:30.767 / (ERROR) DOWN: 远程服务器返回错误: (503) 服务器不可用。 https://cdn3.jiuse.cloud/hls/781038/index9.ts
18:44:30.776 / (ERROR) DOWN: 远程服务器返回错误: (503) 服务器不可用。 https://cdn3.jiuse.cloud/hls/781038/index55.ts
18:44:30.942 / (ERROR) DOWN: 远程服务器返回错误: (503) 服务器不可用。 https://cdn3.jiuse.cloud/hls/781038/index49.ts
18:44:31.153 / (ERROR) DOWN: AUTO RETRY 1/3 https://cdn3.jiuse.cloud/hls/781038/index30.ts
18:44:31.200 / (ERROR) DOWN: AUTO RETRY 1/3 https://cdn3.jiuse.cloud/hls/781038/index45.ts
18:44:31.434 / (ERROR) DOWN: AUTO RETRY 1/3 https://cdn3.jiuse.cloud/hls/781038/index39.ts
18:44:31.453 / (ERROR) DOWN: 远程服务器返回错误: (503) 服务器不可用。 https://cdn3.jiuse.cloud/hls/781038/index52.ts
18:44:31.525 / (ERROR) DOWN: AUTO RETRY 1/3 https://cdn3.jiuse.cloud/hls/781038/index58.ts
18:44:31.790 / (ERROR) DOWN: AUTO RETRY 2/3 https://cdn3.jiuse.cloud/hls/781038/index55.ts
18:44:31.946 / (ERROR) DOWN: AUTO RETRY 3/3 https://cdn3.jiuse.cloud/hls/781038/index49.ts
18:44:31.978 / (ERROR) DOWN: 远程服务器返回错误: (503) 服务器不可用。 https://cdn3.jiuse.cloud/hls/781038/index30.ts
18:44:31.984 / (ERROR) DOWN: 远程服务器返回错误: (503) 服务器不可用。 https://cdn3.jiuse.cloud/hls/781038/index61.ts
18:44:32.189 / (ERROR) DOWN: 远程服务器返回错误: (503) 服务器不可用。 https://cdn3.jiuse.cloud/hls/781038/index45.ts
18:44:32.330 / (ERROR) DOWN: 远程服务器返回错误: (503) 服务器不可用。 https://cdn3.jiuse.cloud/hls/781038/index58.ts
18:44:32.460 / (ERROR) DOWN: AUTO RETRY 3/3 https://cdn3.jiuse.cloud/hls/781038/index52.ts
18:44:32.614 / (ERROR) DOWN: 远程服务器返回错误: (503) 服务器不可用。 https://cdn3.jiuse.cloud/hls/781038/index55.ts
18:44:32.665 / (ERROR) DOWN: 远程服务器返回错误: (503) 服务器不可用。 https://cdn3.jiuse.cloud/hls/781038/index39.ts
18:44:32.989 / (ERROR) DOWN: AUTO RETRY 1/3 https://cdn3.jiuse.cloud/hls/781038/index61.ts
18:44:32.989 / (ERROR) DOWN: AUTO RETRY 2/3 https://cdn3.jiuse.cloud/hls/781038/index30.ts
18:44:33.191 / (ERROR) DOWN: AUTO RETRY 2/3 https://cdn3.jiuse.cloud/hls/781038/index45.ts
18:44:33.346 / (ERROR) DOWN: AUTO RETRY 2/3 https://cdn3.jiuse.cloud/hls/781038/index58.ts
18:44:33.628 / (ERROR) DOWN: AUTO RETRY 3/3 https://cdn3.jiuse.cloud/hls/781038/index55.ts
18:44:33.674 / (ERROR) DOWN: AUTO RETRY 2/3 https://cdn3.jiuse.cloud/hls/781038/index39.ts
18:44:33.680 / (ERROR) DOWN: 远程服务器返回错误: (503) 服务器不可用。 https://cdn3.jiuse.cloud/hls/781038/index52.ts
18:44:33.838 / (ERROR) DOWN: 远程服务器返回错误: (503) 服务器不可用。 https://cdn3.jiuse.cloud/hls/781038/index30.ts
18:44:34.161 / (ERROR) DOWN: 远程服务器返回错误: (503) 服务器不可用。 https://cdn3.jiuse.cloud/hls/781038/index58.ts
18:44:34.229 / (ERROR) DOWN: 远程服务器返回错误: (503) 服务器不可用。 https://cdn3.jiuse.cloud/hls/781038/index61.ts
18:44:34.322 / (ERROR) DOWN: 远程服务器返回错误: (503) 服务器不可用。 https://cdn3.jiuse.cloud/hls/781038/index36.ts
18:44:34.516 / (ERROR) DOWN: 远程服务器返回错误: (503) 服务器不可用。 https://cdn3.jiuse.cloud/hls/781038/index45.ts
18:44:34.869 / (ERROR) DOWN: AUTO RETRY 3/3 https://cdn3.jiuse.cloud/hls/781038/index30.ts
18:44:34.924 / (ERROR) DOWN: 远程服务器返回错误: (503) 服务器不可用。 https://cdn3.jiuse.cloud/hls/781038/index39.ts
18:44:35.171 / (ERROR) DOWN: AUTO RETRY 3/3 https://cdn3.jiuse.cloud/hls/781038/index58.ts
18:44:35.218 / (ERROR) DOWN: 远程服务器返回错误: (503) 服务器不可用。 https://cdn3.jiuse.cloud/hls/781038/index42.ts
18:44:35.234 / (ERROR) DOWN: AUTO RETRY 2/3 https://cdn3.jiuse.cloud/hls/781038/index61.ts
18:44:35.326 / (ERROR) DOWN: AUTO RETRY 1/3 https://cdn3.jiuse.cloud/hls/781038/index36.ts
18:44:35.497 / (ERROR) DOWN: 远程服务器返回错误: (503) 服务器不可用。 https://cdn3.jiuse.cloud/hls/781038/index53.ts
18:44:35.530 / (ERROR) DOWN: AUTO RETRY 3/3 https://cdn3.jiuse.cloud/hls/781038/index45.ts
18:44:35.677 / (ERROR) DOWN: 远程服务器返回错误: (503) 服务器不可用。 https://cdn3.jiuse.cloud/hls/781038/index30.ts
18:44:35.932 / (ERROR) DOWN: AUTO RETRY 3/3 https://cdn3.jiuse.cloud/hls/781038/index39.ts
18:44:36.228 / (ERROR) DOWN: AUTO RETRY 1/3 https://cdn3.jiuse.cloud/hls/781038/index42.ts
18:44:36.475 / (ERROR) DOWN: 远程服务器返回错误: (503) 服务器不可用。 https://cdn3.jiuse.cloud/hls/781038/index61.ts
18:44:36.510 / (ERROR) DOWN: AUTO RETRY 1/3 https://cdn3.jiuse.cloud/hls/781038/index53.ts
18:44:36.771 / (ERROR) DOWN: 远程服务器返回错误: (503) 服务器不可用。 https://cdn3.jiuse.cloud/hls/781038/index45.ts
18:44:36.814 / (ERROR) DOWN: 远程服务器返回错误: (503) 服务器不可用。 https://cdn3.jiuse.cloud/hls/781038/index36.ts
18:44:37.200 / (ERROR) DOWN: 远程服务器返回错误: (503) 服务器不可用。 https://cdn3.jiuse.cloud/hls/781038/index48.ts
18:44:37.467 / (ERROR) DOWN: 远程服务器返回错误: (503) 服务器不可用。 https://cdn3.jiuse.cloud/hls/781038/index42.ts
18:44:37.491 / (ERROR) DOWN: AUTO RETRY 3/3 https://cdn3.jiuse.cloud/hls/781038/index61.ts
18:44:37.751 / (ERROR) DOWN: 远程服务器返回错误: (503) 服务器不可用。 https://cdn3.jiuse.cloud/hls/781038/index53.ts
18:44:37.821 / (ERROR) DOWN: AUTO RETRY 2/3 https://cdn3.jiuse.cloud/hls/781038/index36.ts
18:44:38.208 / (ERROR) DOWN: AUTO RETRY 1/3 https://cdn3.jiuse.cloud/hls/781038/index48.ts
18:44:38.472 / (ERROR) DOWN: AUTO RETRY 2/3 https://cdn3.jiuse.cloud/hls/781038/index42.ts
18:44:38.668 / (ERROR) DOWN: 远程服务器返回错误: (503) 服务器不可用。 https://cdn3.jiuse.cloud/hls/781038/index36.ts
18:44:38.755 / (ERROR) DOWN: AUTO RETRY 2/3 https://cdn3.jiuse.cloud/hls/781038/index53.ts
18:44:39.460 / (ERROR) DOWN: 远程服务器返回错误: (503) 服务器不可用。 https://cdn3.jiuse.cloud/hls/781038/index48.ts
18:44:39.580 / (ERROR) DOWN: 远程服务器返回错误: (503) 服务器不可用。 https://cdn3.jiuse.cloud/hls/781038/index53.ts
18:44:39.674 / (ERROR) DOWN: AUTO RETRY 3/3 https://cdn3.jiuse.cloud/hls/781038/index36.ts
18:44:39.706 / (ERROR) DOWN: 远程服务器返回错误: (503) 服务器不可用。 https://cdn3.jiuse.cloud/hls/781038/index42.ts
18:44:40.471 / (ERROR) DOWN: AUTO RETRY 2/3 https://cdn3.jiuse.cloud/hls/781038/index48.ts
18:44:40.506 / (ERROR) DOWN: 远程服务器返回错误: (503) 服务器不可用。 https://cdn3.jiuse.cloud/hls/781038/index36.ts
18:44:40.596 / (ERROR) DOWN: AUTO RETRY 3/3 https://cdn3.jiuse.cloud/hls/781038/index53.ts
18:44:40.721 / (ERROR) DOWN: AUTO RETRY 3/3 https://cdn3.jiuse.cloud/hls/781038/index42.ts
18:44:41.537 / (ERROR) DOWN: 远程服务器返回错误: (503) 服务器不可用。 https://cdn3.jiuse.cloud/hls/781038/index42.ts
18:44:41.708 / (ERROR) DOWN: 远程服务器返回错误: (503) 服务器不可用。 https://cdn3.jiuse.cloud/hls/781038/index48.ts
18:44:41.730 / (ERROR) DOWN: 远程服务器返回错误: (503) 服务器不可用。 https://cdn3.jiuse.cloud/hls/781038/index56.ts
18:44:42.720 / (ERROR) DOWN: AUTO RETRY 3/3 https://cdn3.jiuse.cloud/hls/781038/index48.ts
18:44:42.736 / (ERROR) DOWN: AUTO RETRY 1/3 https://cdn3.jiuse.cloud/hls/781038/index56.ts
18:44:55.803 / (NORMAL) 完成数量 43 of 62
18:44:55.804 / (NORMAL) 重试次数 1 / 15
18:44:58.822 / (NORMAL) 开始下载文件
18:45:00.009 / (ERROR) DOWN: 远程服务器返回错误: (503) 服务器不可用。 https://cdn3.jiuse.cloud/hls/781038/index17.ts
18:45:00.068 / (ERROR) DOWN: 远程服务器返回错误: (503) 服务器不可用。 https://cdn3.jiuse.cloud/hls/781038/index42.ts
18:45:00.072 / (ERROR) DOWN: 远程服务器返回错误: (503) 服务器不可用。 https://cdn3.jiuse.cloud/hls/781038/index52.ts
18:45:00.073 / (ERROR) DOWN: 远程服务器返回错误: (503) 服务器不可用。 https://cdn3.jiuse.cloud/hls/781038/index14.ts
18:45:00.080 / (ERROR) DOWN: 远程服务器返回错误: (503) 服务器不可用。 https://cdn3.jiuse.cloud/hls/781038/index32.ts
18:45:00.082 / (ERROR) DOWN: 远程服务器返回错误: (503) 服务器不可用。 https://cdn3.jiuse.cloud/hls/781038/index6.ts
18:45:00.303 / (ERROR) DOWN: 远程服务器返回错误: (503) 服务器不可用。 https://cdn3.jiuse.cloud/hls/781038/index34.ts
18:45:00.306 / (ERROR) DOWN: 远程服务器返回错误: (503) 服务器不可用。 https://cdn3.jiuse.cloud/hls/781038/index43.ts
18:45:00.313 / (ERROR) DOWN: 远程服务器返回错误: (503) 服务器不可用。 https://cdn3.jiuse.cloud/hls/781038/index8.ts
18:45:00.327 / (ERROR) DOWN: 远程服务器返回错误: (503) 服务器不可用。 https://cdn3.jiuse.cloud/hls/781038/index26.ts
18:45:01.012 / (ERROR) DOWN: AUTO RETRY 1/3 https://cdn3.jiuse.cloud/hls/781038/index17.ts
18:45:01.075 / (ERROR) DOWN: AUTO RETRY 1/3 https://cdn3.jiuse.cloud/hls/781038/index14.ts
18:45:01.075 / (ERROR) DOWN: AUTO RETRY 1/3 https://cdn3.jiuse.cloud/hls/781038/index52.ts
18:45:01.076 / (ERROR) DOWN: AUTO RETRY 1/3 https://cdn3.jiuse.cloud/hls/781038/index42.ts
18:45:01.090 / (ERROR) DOWN: AUTO RETRY 1/3 https://cdn3.jiuse.cloud/hls/781038/index6.ts
18:45:01.091 / (ERROR) DOWN: AUTO RETRY 1/3 https://cdn3.jiuse.cloud/hls/781038/index32.ts
18:45:01.308 / (ERROR) DOWN: AUTO RETRY 1/3 https://cdn3.jiuse.cloud/hls/781038/index34.ts
18:45:01.309 / (ERROR) DOWN: AUTO RETRY 1/3 https://cdn3.jiuse.cloud/hls/781038/index43.ts
18:45:01.324 / (ERROR) DOWN: AUTO RETRY 1/3 https://cdn3.jiuse.cloud/hls/781038/index8.ts
18:45:01.342 / (ERROR) DOWN: AUTO RETRY 1/3 https://cdn3.jiuse.cloud/hls/781038/index26.ts
18:45:01.908 / (ERROR) DOWN: 远程服务器返回错误: (503) 服务器不可用。 https://cdn3.jiuse.cloud/hls/781038/index6.ts
18:45:02.125 / (ERROR) DOWN: 远程服务器返回错误: (503) 服务器不可用。 https://cdn3.jiuse.cloud/hls/781038/index34.ts
18:45:02.150 / (ERROR) DOWN: 远程服务器返回错误: (503) 服务器不可用。 https://cdn3.jiuse.cloud/hls/781038/index8.ts
18:45:02.159 / (ERROR) DOWN: 远程服务器返回错误: (503) 服务器不可用。 https://cdn3.jiuse.cloud/hls/781038/index26.ts
18:45:02.252 / (ERROR) DOWN: 远程服务器返回错误: (503) 服务器不可用。 https://cdn3.jiuse.cloud/hls/781038/index17.ts
18:45:02.300 / (ERROR) DOWN: 远程服务器返回错误: (503) 服务器不可用。 https://cdn3.jiuse.cloud/hls/781038/index14.ts
18:45:02.319 / (ERROR) DOWN: 远程服务器返回错误: (503) 服务器不可用。 https://cdn3.jiuse.cloud/hls/781038/index42.ts
18:45:02.385 / (ERROR) DOWN: 远程服务器返回错误: (503) 服务器不可用。 https://cdn3.jiuse.cloud/hls/781038/index32.ts
18:45:02.418 / (ERROR) DOWN: 远程服务器返回错误: (503) 服务器不可用。 https://cdn3.jiuse.cloud/hls/781038/index45.ts
18:45:02.540 / (ERROR) DOWN: 远程服务器返回错误: (503) 服务器不可用。 https://cdn3.jiuse.cloud/hls/781038/index43.ts
18:45:02.933 / (ERROR) DOWN: AUTO RETRY 2/3 https://cdn3.jiuse.cloud/hls/781038/index6.ts
18:45:03.142 / (ERROR) DOWN: AUTO RETRY 2/3 https://cdn3.jiuse.cloud/hls/781038/index34.ts
18:45:03.158 / (ERROR) DOWN: AUTO RETRY 2/3 https://cdn3.jiuse.cloud/hls/781038/index8.ts
18:45:03.174 / (ERROR) DOWN: AUTO RETRY 2/3 https://cdn3.jiuse.cloud/hls/781038/index26.ts
18:45:03.266 / (ERROR) DOWN: AUTO RETRY 2/3 https://cdn3.jiuse.cloud/hls/781038/index17.ts
18:45:03.313 / (ERROR) DOWN: AUTO RETRY 2/3 https://cdn3.jiuse.cloud/hls/781038/index14.ts
18:45:03.328 / (ERROR) DOWN: AUTO RETRY 2/3 https://cdn3.jiuse.cloud/hls/781038/index42.ts
18:45:03.391 / (ERROR) DOWN: AUTO RETRY 2/3 https://cdn3.jiuse.cloud/hls/781038/index32.ts
18:45:03.423 / (ERROR) DOWN: AUTO RETRY 1/3 https://cdn3.jiuse.cloud/hls/781038/index45.ts
18:45:03.547 / (ERROR) DOWN: AUTO RETRY 2/3 https://cdn3.jiuse.cloud/hls/781038/index43.ts
18:45:04.215 / (ERROR) DOWN: 远程服务器返回错误: (503) 服务器不可用。 https://cdn3.jiuse.cloud/hls/781038/index14.ts
18:45:04.234 / (ERROR) DOWN: 远程服务器返回错误: (503) 服务器不可用。 https://cdn3.jiuse.cloud/hls/781038/index32.ts
18:45:04.244 / (ERROR) DOWN: 远程服务器返回错误: (503) 服务器不可用。 https://cdn3.jiuse.cloud/hls/781038/index45.ts
18:45:04.364 / (ERROR) DOWN: 远程服务器返回错误: (503) 服务器不可用。 https://cdn3.jiuse.cloud/hls/781038/index43.ts
18:45:04.387 / (ERROR) DOWN: 远程服务器返回错误: (503) 服务器不可用。 https://cdn3.jiuse.cloud/hls/781038/index34.ts
18:45:04.424 / (ERROR) DOWN: 远程服务器返回错误: (503) 服务器不可用。 https://cdn3.jiuse.cloud/hls/781038/index26.ts
18:45:04.510 / (ERROR) DOWN: 远程服务器返回错误: (503) 服务器不可用。 https://cdn3.jiuse.cloud/hls/781038/index17.ts
18:45:04.557 / (ERROR) DOWN: 远程服务器返回错误: (503) 服务器不可用。 https://cdn3.jiuse.cloud/hls/781038/index42.ts
18:45:05.225 / (ERROR) DOWN: AUTO RETRY 3/3 https://cdn3.jiuse.cloud/hls/781038/index14.ts
18:45:05.241 / (ERROR) DOWN: AUTO RETRY 3/3 https://cdn3.jiuse.cloud/hls/781038/index32.ts
18:45:05.257 / (ERROR) DOWN: AUTO RETRY 2/3 https://cdn3.jiuse.cloud/hls/781038/index45.ts
18:45:05.367 / (ERROR) DOWN: AUTO RETRY 3/3 https://cdn3.jiuse.cloud/hls/781038/index43.ts
18:45:05.410 / (ERROR) DOWN: AUTO RETRY 3/3 https://cdn3.jiuse.cloud/hls/781038/index34.ts
18:45:05.432 / (ERROR) DOWN: AUTO RETRY 3/3 https://cdn3.jiuse.cloud/hls/781038/index26.ts
18:45:05.521 / (ERROR) DOWN: AUTO RETRY 3/3 https://cdn3.jiuse.cloud/hls/781038/index17.ts
18:45:05.583 / (ERROR) DOWN: AUTO RETRY 3/3 https://cdn3.jiuse.cloud/hls/781038/index42.ts
18:45:06.578 / (ERROR) DOWN: 远程服务器返回错误: (503) 服务器不可用。 https://cdn3.jiuse.cloud/hls/781038/index45.ts
18:45:06.611 / (ERROR) DOWN: 远程服务器返回错误: (503) 服务器不可用。 https://cdn3.jiuse.cloud/hls/781038/index43.ts
18:45:06.648 / (ERROR) DOWN: 远程服务器返回错误: (503) 服务器不可用。 https://cdn3.jiuse.cloud/hls/781038/index34.ts
18:45:06.651 / (ERROR) DOWN: 远程服务器返回错误: (503) 服务器不可用。 https://cdn3.jiuse.cloud/hls/781038/index26.ts
18:45:06.755 / (ERROR) DOWN: 远程服务器返回错误: (503) 服务器不可用。 https://cdn3.jiuse.cloud/hls/781038/index17.ts
18:45:07.588 / (ERROR) DOWN: AUTO RETRY 3/3 https://cdn3.jiuse.cloud/hls/781038/index45.ts
18:45:15.050 / (NORMAL) 完成数量 58 of 62
18:45:15.051 / (NORMAL) 重试次数 2 / 15
18:45:18.066 / (NORMAL) 开始下载文件
18:45:23.446 / (NORMAL) 开始合并分片...
18:45:23.880 / (NORMAL) 结果输出至 [ffreport.log]
18:45:23.881 / (NORMAL) 任务结束

Task End: 2023/03/01 18:45:23
File: D:\java\GitHub\pornMagnetSpringBoot\Downloads\喷尿！留学生背着男朋友一边浪叫，一边喷的到处都是.mp4


