LOG 2023/01/29
Save Path: D:\java\GitHub\pornMagnetSpringBoot\jiuse911Modeul\Logs
Task Start: 2023/01/29 00:59:53
Task CommandLine: D:\java\GitHub\pornMagnetSpringBoot\jiuse911Modeul\N_m3u8DL-CLI_v3.0.2.exe https://cdn3.jiuse.cloud/hls/761162/index.m3u8?t=1674926981&m=1MkT6rrLFILQxz4kOnPvWQ --saveName “你不要用力了，我刚跟我对象操完”185长腿黑丝死库水露脸被操

00:59:53.056 / (NORMAL) 开始解析 https://cdn3.jiuse.cloud/hls/761162/index.m3u8?t=1674926981&m=1MkT6rrLFILQxz4kOnPvWQ
00:59:58.731 / (NORMAL) 写出meta.json
00:59:58.800 / (NORMAL) 开始下载文件
01:00:00.972 / (NORMAL) 读取文件信息...
01:00:01.031 / (NORMAL) PID 0x100: Video h264, yuv420p(progressive), 600x336 [SAR 224:225 DAR 16:9], 30 fps, 30 tbr, 90k tbn, 60 tbc
01:00:01.053 / (NORMAL) PID 0x101: Audio aac, 44100 Hz, stereo, fltp, 4 kb/s
01:00:02.572 / (ERROR) DOWN: 远程服务器返回错误: (503) 服务器不可用。 https://cdn3.jiuse.cloud/hls/761162/index2.ts
01:00:03.073 / (ERROR) DOWN: 远程服务器返回错误: (503) 服务器不可用。 https://cdn3.jiuse.cloud/hls/761162/index6.ts
01:00:03.581 / (ERROR) DOWN: AUTO RETRY 1/3 https://cdn3.jiuse.cloud/hls/761162/index2.ts
01:00:04.087 / (ERROR) DOWN: AUTO RETRY 1/3 https://cdn3.jiuse.cloud/hls/761162/index6.ts
01:00:04.124 / (ERROR) DOWN: 远程服务器返回错误: (503) 服务器不可用。 https://cdn3.jiuse.cloud/hls/761162/index11.ts
01:00:05.129 / (ERROR) DOWN: AUTO RETRY 1/3 https://cdn3.jiuse.cloud/hls/761162/index11.ts
01:00:06.090 / (ERROR) DOWN: 远程服务器返回错误: (503) 服务器不可用。 https://cdn3.jiuse.cloud/hls/761162/index12.ts
01:00:06.137 / (ERROR) DOWN: 远程服务器返回错误: (503) 服务器不可用。 https://cdn3.jiuse.cloud/hls/761162/index13.ts
01:00:07.093 / (ERROR) DOWN: AUTO RETRY 1/3 https://cdn3.jiuse.cloud/hls/761162/index12.ts
01:00:07.141 / (ERROR) DOWN: AUTO RETRY 1/3 https://cdn3.jiuse.cloud/hls/761162/index13.ts
01:00:08.269 / (ERROR) DOWN: 远程服务器返回错误: (503) 服务器不可用。 https://cdn3.jiuse.cloud/hls/761162/index1.ts
01:00:08.842 / (ERROR) DOWN: 远程服务器返回错误: (503) 服务器不可用。 https://cdn3.jiuse.cloud/hls/761162/index13.ts
01:00:09.275 / (ERROR) DOWN: AUTO RETRY 1/3 https://cdn3.jiuse.cloud/hls/761162/index1.ts
01:00:09.846 / (ERROR) DOWN: AUTO RETRY 2/3 https://cdn3.jiuse.cloud/hls/761162/index13.ts
01:00:09.958 / (ERROR) DOWN: 远程服务器返回错误: (503) 服务器不可用。 https://cdn3.jiuse.cloud/hls/761162/index20.ts
01:00:09.971 / (ERROR) DOWN: 远程服务器返回错误: (503) 服务器不可用。 https://cdn3.jiuse.cloud/hls/761162/index18.ts
01:00:10.045 / (ERROR) DOWN: 远程服务器返回错误: (503) 服务器不可用。 https://cdn3.jiuse.cloud/hls/761162/index17.ts
01:00:10.960 / (ERROR) DOWN: AUTO RETRY 1/3 https://cdn3.jiuse.cloud/hls/761162/index20.ts
01:00:10.976 / (ERROR) DOWN: AUTO RETRY 1/3 https://cdn3.jiuse.cloud/hls/761162/index18.ts
01:00:11.055 / (ERROR) DOWN: AUTO RETRY 1/3 https://cdn3.jiuse.cloud/hls/761162/index17.ts
01:00:11.124 / (ERROR) DOWN: 远程服务器返回错误: (503) 服务器不可用。 https://cdn3.jiuse.cloud/hls/761162/index13.ts
01:00:11.212 / (ERROR) DOWN: 远程服务器返回错误: (503) 服务器不可用。 https://cdn3.jiuse.cloud/hls/761162/index22.ts
01:00:11.606 / (ERROR) DOWN: 远程服务器返回错误: (503) 服务器不可用。 https://cdn3.jiuse.cloud/hls/761162/index14.ts
01:00:11.608 / (ERROR) DOWN: 远程服务器返回错误: (503) 服务器不可用。 https://cdn3.jiuse.cloud/hls/761162/index11.ts
01:00:12.130 / (ERROR) DOWN: AUTO RETRY 3/3 https://cdn3.jiuse.cloud/hls/761162/index13.ts
01:00:12.226 / (ERROR) DOWN: AUTO RETRY 1/3 https://cdn3.jiuse.cloud/hls/761162/index22.ts
01:00:12.279 / (ERROR) DOWN: 远程服务器返回错误: (503) 服务器不可用。 https://cdn3.jiuse.cloud/hls/761162/index18.ts
01:00:12.607 / (ERROR) DOWN: AUTO RETRY 1/3 https://cdn3.jiuse.cloud/hls/761162/index14.ts
01:00:12.622 / (ERROR) DOWN: AUTO RETRY 2/3 https://cdn3.jiuse.cloud/hls/761162/index11.ts
01:00:12.954 / (ERROR) DOWN: 远程服务器返回错误: (503) 服务器不可用。 https://cdn3.jiuse.cloud/hls/761162/index23.ts
01:00:13.064 / (ERROR) DOWN: 远程服务器返回错误: (503) 服务器不可用。 https://cdn3.jiuse.cloud/hls/761162/index24.ts
01:00:13.291 / (ERROR) DOWN: AUTO RETRY 2/3 https://cdn3.jiuse.cloud/hls/761162/index18.ts
01:00:13.527 / (ERROR) DOWN: 远程服务器返回错误: (503) 服务器不可用。 https://cdn3.jiuse.cloud/hls/761162/index22.ts
01:00:13.914 / (ERROR) DOWN: 远程服务器返回错误: (503) 服务器不可用。 https://cdn3.jiuse.cloud/hls/761162/index14.ts
01:00:13.932 / (ERROR) DOWN: 远程服务器返回错误: (503) 服务器不可用。 https://cdn3.jiuse.cloud/hls/761162/index11.ts
01:00:13.950 / (ERROR) DOWN: 远程服务器返回错误: (503) 服务器不可用。 https://cdn3.jiuse.cloud/hls/761162/index25.ts
01:00:13.970 / (ERROR) DOWN: AUTO RETRY 1/3 https://cdn3.jiuse.cloud/hls/761162/index23.ts
01:00:14.065 / (ERROR) DOWN: AUTO RETRY 1/3 https://cdn3.jiuse.cloud/hls/761162/index24.ts
01:00:14.549 / (ERROR) DOWN: AUTO RETRY 2/3 https://cdn3.jiuse.cloud/hls/761162/index22.ts
01:00:14.930 / (ERROR) DOWN: AUTO RETRY 2/3 https://cdn3.jiuse.cloud/hls/761162/index14.ts
01:00:14.946 / (ERROR) DOWN: AUTO RETRY 3/3 https://cdn3.jiuse.cloud/hls/761162/index11.ts
01:00:14.961 / (ERROR) DOWN: AUTO RETRY 1/3 https://cdn3.jiuse.cloud/hls/761162/index25.ts
01:00:16.195 / (ERROR) DOWN: 远程服务器返回错误: (503) 服务器不可用。 https://cdn3.jiuse.cloud/hls/761162/index14.ts
01:00:16.237 / (ERROR) DOWN: 远程服务器返回错误: (503) 服务器不可用。 https://cdn3.jiuse.cloud/hls/761162/index25.ts
01:00:16.245 / (ERROR) DOWN: 远程服务器返回错误: (503) 服务器不可用。 https://cdn3.jiuse.cloud/hls/761162/index11.ts
01:00:16.281 / (ERROR) DOWN: 远程服务器返回错误: (503) 服务器不可用。 https://cdn3.jiuse.cloud/hls/761162/index23.ts
01:00:17.211 / (ERROR) DOWN: AUTO RETRY 3/3 https://cdn3.jiuse.cloud/hls/761162/index14.ts
01:00:17.243 / (ERROR) DOWN: AUTO RETRY 2/3 https://cdn3.jiuse.cloud/hls/761162/index25.ts
01:00:17.291 / (ERROR) DOWN: AUTO RETRY 2/3 https://cdn3.jiuse.cloud/hls/761162/index23.ts
01:00:19.136 / (ERROR) DOWN: 远程服务器返回错误: (503) 服务器不可用。 https://cdn3.jiuse.cloud/hls/761162/index14.ts
01:00:19.337 / (ERROR) DOWN: 远程服务器返回错误: (503) 服务器不可用。 https://cdn3.jiuse.cloud/hls/761162/index30.ts
01:00:19.905 / (ERROR) DOWN: 远程服务器返回错误: (503) 服务器不可用。 https://cdn3.jiuse.cloud/hls/761162/index25.ts
01:00:20.341 / (ERROR) DOWN: AUTO RETRY 1/3 https://cdn3.jiuse.cloud/hls/761162/index30.ts
01:00:20.912 / (ERROR) DOWN: AUTO RETRY 3/3 https://cdn3.jiuse.cloud/hls/761162/index25.ts
01:00:20.959 / (ERROR) DOWN: 远程服务器返回错误: (503) 服务器不可用。 https://cdn3.jiuse.cloud/hls/761162/index18.ts
01:00:21.064 / (ERROR) DOWN: 基础连接已经关闭: 发送时发生错误。 https://cdn3.jiuse.cloud/hls/761162/index17.ts
01:00:21.960 / (ERROR) DOWN: AUTO RETRY 3/3 https://cdn3.jiuse.cloud/hls/761162/index18.ts
01:00:22.071 / (ERROR) DOWN: AUTO RETRY 2/3 https://cdn3.jiuse.cloud/hls/761162/index17.ts
01:00:22.198 / (ERROR) DOWN: 远程服务器返回错误: (503) 服务器不可用。 https://cdn3.jiuse.cloud/hls/761162/index25.ts
01:00:32.270 / (NORMAL) 完成数量 28 of 31
01:00:32.276 / (NORMAL) 重试次数 1 / 15
01:00:35.278 / (NORMAL) 开始下载文件
01:00:43.027 / (NORMAL) 开始合并分片...
01:00:43.210 / (NORMAL) 结果输出至 [ffreport.log]
01:00:43.210 / (NORMAL) 任务结束

Task End: 2023/01/29 01:00:43
File: D:\java\GitHub\pornMagnetSpringBoot\Downloads\“你不要用力了，我刚跟我对象操完”185长腿黑丝死库水露脸被操.mp4


