LOG 2023/01/29
Save Path: D:\java\GitHub\pornMagnetSpringBoot\jiuse911Modeul\Logs
Task Start: 2023/01/29 04:45:02
Task CommandLine: D:\java\GitHub\pornMagnetSpringBoot\jiuse911Modeul\N_m3u8DL-CLI_v3.0.2.exe https://cdn3.jiuse.cloud/hls/756348/index.m3u8?t=1674940492&m=s2kkWfzO0ljYed8dZOmrmg --saveName 在女生寝室操女友，她室友听见叫声全寂静下来了，无套内射

04:45:02.315 / (NORMAL) 开始解析 https://cdn3.jiuse.cloud/hls/756348/index.m3u8?t=1674940492&m=s2kkWfzO0ljYed8dZOmrmg
04:45:05.131 / (NORMAL) 写出meta.json
04:45:05.229 / (NORMAL) 开始下载文件
04:45:06.448 / (NORMAL) 读取文件信息...
04:45:06.486 / (NORMAL) PID 0x100: Video h264, yuv420p(progressive), 600x368 [SAR 1838:1841 DAR 68925:42343], 25 fps, 25 tbr, 90k tbn, 50 tbc
04:45:06.486 / (NORMAL) PID 0x101: Audio aac, 44100 Hz, stereo, fltp, 4 kb/s
04:45:07.708 / (ERROR) DOWN: 远程服务器返回错误: (503) 服务器不可用。 https://cdn3.jiuse.cloud/hls/756348/index9.ts
04:45:07.714 / (ERROR) DOWN: 远程服务器返回错误: (503) 服务器不可用。 https://cdn3.jiuse.cloud/hls/756348/index4.ts
04:45:07.716 / (ERROR) DOWN: 远程服务器返回错误: (503) 服务器不可用。 https://cdn3.jiuse.cloud/hls/756348/index5.ts
04:45:08.465 / (ERROR) DOWN: 远程服务器返回错误: (503) 服务器不可用。 https://cdn3.jiuse.cloud/hls/756348/index10.ts
04:45:08.716 / (ERROR) DOWN: AUTO RETRY 1/3 https://cdn3.jiuse.cloud/hls/756348/index4.ts
04:45:08.716 / (ERROR) DOWN: AUTO RETRY 1/3 https://cdn3.jiuse.cloud/hls/756348/index9.ts
04:45:08.733 / (ERROR) DOWN: AUTO RETRY 1/3 https://cdn3.jiuse.cloud/hls/756348/index5.ts
04:45:09.471 / (ERROR) DOWN: AUTO RETRY 1/3 https://cdn3.jiuse.cloud/hls/756348/index10.ts
04:45:09.935 / (ERROR) DOWN: 远程服务器返回错误: (503) 服务器不可用。 https://cdn3.jiuse.cloud/hls/756348/index9.ts
04:45:09.939 / (ERROR) DOWN: 远程服务器返回错误: (503) 服务器不可用。 https://cdn3.jiuse.cloud/hls/756348/index4.ts
04:45:09.963 / (ERROR) DOWN: 远程服务器返回错误: (503) 服务器不可用。 https://cdn3.jiuse.cloud/hls/756348/index5.ts
04:45:10.445 / (ERROR) DOWN: 远程服务器返回错误: (503) 服务器不可用。 https://cdn3.jiuse.cloud/hls/756348/index13.ts
04:45:10.650 / (ERROR) DOWN: 远程服务器返回错误: (503) 服务器不可用。 https://cdn3.jiuse.cloud/hls/756348/index10.ts
04:45:10.950 / (ERROR) DOWN: AUTO RETRY 2/3 https://cdn3.jiuse.cloud/hls/756348/index4.ts
04:45:10.950 / (ERROR) DOWN: AUTO RETRY 2/3 https://cdn3.jiuse.cloud/hls/756348/index9.ts
04:45:10.966 / (ERROR) DOWN: AUTO RETRY 2/3 https://cdn3.jiuse.cloud/hls/756348/index5.ts
04:45:11.449 / (ERROR) DOWN: AUTO RETRY 1/3 https://cdn3.jiuse.cloud/hls/756348/index13.ts
04:45:11.653 / (ERROR) DOWN: AUTO RETRY 2/3 https://cdn3.jiuse.cloud/hls/756348/index10.ts
04:45:12.170 / (ERROR) DOWN: 远程服务器返回错误: (503) 服务器不可用。 https://cdn3.jiuse.cloud/hls/756348/index9.ts
04:45:12.170 / (ERROR) DOWN: 远程服务器返回错误: (503) 服务器不可用。 https://cdn3.jiuse.cloud/hls/756348/index5.ts
04:45:12.667 / (ERROR) DOWN: 远程服务器返回错误: (503) 服务器不可用。 https://cdn3.jiuse.cloud/hls/756348/index13.ts
04:45:13.175 / (ERROR) DOWN: AUTO RETRY 3/3 https://cdn3.jiuse.cloud/hls/756348/index9.ts
04:45:13.175 / (ERROR) DOWN: AUTO RETRY 3/3 https://cdn3.jiuse.cloud/hls/756348/index5.ts
04:45:13.682 / (ERROR) DOWN: AUTO RETRY 2/3 https://cdn3.jiuse.cloud/hls/756348/index13.ts
04:45:14.402 / (ERROR) DOWN: 远程服务器返回错误: (503) 服务器不可用。 https://cdn3.jiuse.cloud/hls/756348/index5.ts
04:45:20.665 / (NORMAL) 完成数量 14 of 15
04:45:20.665 / (NORMAL) 重试次数 1 / 15
04:45:23.681 / (NORMAL) 开始下载文件
04:45:25.844 / (NORMAL) 开始合并分片...
04:45:25.919 / (NORMAL) 结果输出至 [ffreport.log]
04:45:25.919 / (NORMAL) 任务结束

Task End: 2023/01/29 04:45:25
File: D:\java\GitHub\pornMagnetSpringBoot\Downloads\在女生寝室操女友，她室友听见叫声全寂静下来了，无套内射.mp4


