LOG 2023/02/27
Save Path: D:\java\GitHub\pornMagnetSpringBoot\jiuse911Modeul\Logs
Task Start: 2023/02/27 22:03:32
Task CommandLine: D:\java\GitHub\pornMagnetSpringBoot\jiuse911Modeul\N_m3u8DL-CLI_v3.0.2.exe https://cdn3.jiuse.cloud/hls/480665/index.m3u8?t=1677508412&m=y-0Dbb9lHRB5zgwv8YUHzw --saveName 坚挺大奶熟女人妻偷情

22:03:32.213 / (NORMAL) 开始解析 https://cdn3.jiuse.cloud/hls/480665/index.m3u8?t=1677508412&m=y-0Dbb9lHRB5zgwv8YUHzw
22:03:36.393 / (NORMAL) 写出meta.json
22:03:36.484 / (NORMAL) 开始下载文件
22:03:38.049 / (NORMAL) 读取文件信息...
22:03:38.213 / (NORMAL) PID 0x100: Video h264, yuv420p(progressive), 600x336, 25 fps, 25 tbr, 90k tbn, 50 tbc
22:03:38.215 / (NORMAL) PID 0x101: Audio aac, 48000 Hz, stereo, fltp, 132 kb/s
22:03:39.668 / (ERROR) DOWN: 远程服务器返回错误: (503) 服务器不可用。 https://cdn3.jiuse.cloud/hls/480665/index2.ts
22:03:39.873 / (ERROR) DOWN: 远程服务器返回错误: (503) 服务器不可用。 https://cdn3.jiuse.cloud/hls/480665/index7.ts
22:03:40.452 / (ERROR) DOWN: 远程服务器返回错误: (503) 服务器不可用。 https://cdn3.jiuse.cloud/hls/480665/index8.ts
22:03:40.589 / (ERROR) DOWN: 远程服务器返回错误: (503) 服务器不可用。 https://cdn3.jiuse.cloud/hls/480665/index10.ts
22:03:40.674 / (ERROR) DOWN: AUTO RETRY 1/3 https://cdn3.jiuse.cloud/hls/480665/index2.ts
22:03:40.877 / (ERROR) DOWN: AUTO RETRY 1/3 https://cdn3.jiuse.cloud/hls/480665/index7.ts
22:03:41.467 / (ERROR) DOWN: AUTO RETRY 1/3 https://cdn3.jiuse.cloud/hls/480665/index8.ts
22:03:41.590 / (ERROR) DOWN: AUTO RETRY 1/3 https://cdn3.jiuse.cloud/hls/480665/index10.ts
22:03:42.231 / (ERROR) DOWN: 远程服务器返回错误: (503) 服务器不可用。 https://cdn3.jiuse.cloud/hls/480665/index7.ts
22:03:42.297 / (ERROR) DOWN: 远程服务器返回错误: (503) 服务器不可用。 https://cdn3.jiuse.cloud/hls/480665/index2.ts
22:03:43.245 / (ERROR) DOWN: AUTO RETRY 2/3 https://cdn3.jiuse.cloud/hls/480665/index7.ts
22:03:43.250 / (ERROR) DOWN: 远程服务器返回错误: (503) 服务器不可用。 https://cdn3.jiuse.cloud/hls/480665/index10.ts
22:03:43.308 / (ERROR) DOWN: AUTO RETRY 2/3 https://cdn3.jiuse.cloud/hls/480665/index2.ts
22:03:43.551 / (ERROR) DOWN: 远程服务器返回错误: (503) 服务器不可用。 https://cdn3.jiuse.cloud/hls/480665/index13.ts
22:03:44.261 / (ERROR) DOWN: AUTO RETRY 2/3 https://cdn3.jiuse.cloud/hls/480665/index10.ts
22:03:44.556 / (ERROR) DOWN: AUTO RETRY 1/3 https://cdn3.jiuse.cloud/hls/480665/index13.ts
22:03:44.587 / (ERROR) DOWN: 远程服务器返回错误: (503) 服务器不可用。 https://cdn3.jiuse.cloud/hls/480665/index17.ts
22:03:44.851 / (ERROR) DOWN: 远程服务器返回错误: (503) 服务器不可用。 https://cdn3.jiuse.cloud/hls/480665/index7.ts
22:03:44.906 / (ERROR) DOWN: 远程服务器返回错误: (503) 服务器不可用。 https://cdn3.jiuse.cloud/hls/480665/index18.ts
22:03:45.325 / (ERROR) DOWN: 远程服务器返回错误: (503) 服务器不可用。 https://cdn3.jiuse.cloud/hls/480665/index16.ts
22:03:45.389 / (ERROR) DOWN: 远程服务器返回错误: (503) 服务器不可用。 https://cdn3.jiuse.cloud/hls/480665/index19.ts
22:03:45.600 / (ERROR) DOWN: AUTO RETRY 1/3 https://cdn3.jiuse.cloud/hls/480665/index17.ts
22:03:45.865 / (ERROR) DOWN: AUTO RETRY 3/3 https://cdn3.jiuse.cloud/hls/480665/index7.ts
22:03:45.910 / (ERROR) DOWN: 远程服务器返回错误: (503) 服务器不可用。 https://cdn3.jiuse.cloud/hls/480665/index20.ts
22:03:45.912 / (ERROR) DOWN: AUTO RETRY 1/3 https://cdn3.jiuse.cloud/hls/480665/index18.ts
22:03:46.045 / (ERROR) DOWN: 远程服务器返回错误: (503) 服务器不可用。 https://cdn3.jiuse.cloud/hls/480665/index13.ts
22:03:46.331 / (ERROR) DOWN: AUTO RETRY 1/3 https://cdn3.jiuse.cloud/hls/480665/index16.ts
22:03:46.394 / (ERROR) DOWN: AUTO RETRY 1/3 https://cdn3.jiuse.cloud/hls/480665/index19.ts
22:03:46.922 / (ERROR) DOWN: AUTO RETRY 1/3 https://cdn3.jiuse.cloud/hls/480665/index20.ts
22:03:47.046 / (ERROR) DOWN: AUTO RETRY 2/3 https://cdn3.jiuse.cloud/hls/480665/index13.ts
22:03:47.464 / (ERROR) DOWN: 远程服务器返回错误: (503) 服务器不可用。 https://cdn3.jiuse.cloud/hls/480665/index21.ts
22:03:47.523 / (ERROR) DOWN: 远程服务器返回错误: (503) 服务器不可用。 https://cdn3.jiuse.cloud/hls/480665/index17.ts
22:03:47.960 / (ERROR) DOWN: 远程服务器返回错误: (503) 服务器不可用。 https://cdn3.jiuse.cloud/hls/480665/index22.ts
22:03:48.022 / (ERROR) DOWN: 远程服务器返回错误: (503) 服务器不可用。 https://cdn3.jiuse.cloud/hls/480665/index19.ts
22:03:48.327 / (ERROR) DOWN: 远程服务器返回错误: (503) 服务器不可用。 https://cdn3.jiuse.cloud/hls/480665/index20.ts
22:03:48.468 / (ERROR) DOWN: AUTO RETRY 1/3 https://cdn3.jiuse.cloud/hls/480665/index21.ts
22:03:48.530 / (ERROR) DOWN: AUTO RETRY 2/3 https://cdn3.jiuse.cloud/hls/480665/index17.ts
22:03:48.967 / (ERROR) DOWN: AUTO RETRY 1/3 https://cdn3.jiuse.cloud/hls/480665/index22.ts
22:03:49.029 / (ERROR) DOWN: AUTO RETRY 2/3 https://cdn3.jiuse.cloud/hls/480665/index19.ts
22:03:49.033 / (ERROR) DOWN: 远程服务器返回错误: (503) 服务器不可用。 https://cdn3.jiuse.cloud/hls/480665/index14.ts
22:03:49.301 / (ERROR) DOWN: 远程服务器返回错误: (503) 服务器不可用。 https://cdn3.jiuse.cloud/hls/480665/index18.ts
22:03:49.339 / (ERROR) DOWN: AUTO RETRY 2/3 https://cdn3.jiuse.cloud/hls/480665/index20.ts
22:03:49.879 / (ERROR) DOWN: 远程服务器返回错误: (503) 服务器不可用。 https://cdn3.jiuse.cloud/hls/480665/index21.ts
22:03:49.880 / (ERROR) DOWN: 远程服务器返回错误: (503) 服务器不可用。 https://cdn3.jiuse.cloud/hls/480665/index23.ts
22:03:50.038 / (ERROR) DOWN: AUTO RETRY 1/3 https://cdn3.jiuse.cloud/hls/480665/index14.ts
22:03:50.108 / (ERROR) DOWN: 远程服务器返回错误: (503) 服务器不可用。 https://cdn3.jiuse.cloud/hls/480665/index25.ts
22:03:50.317 / (ERROR) DOWN: AUTO RETRY 2/3 https://cdn3.jiuse.cloud/hls/480665/index18.ts
22:03:50.890 / (ERROR) DOWN: AUTO RETRY 2/3 https://cdn3.jiuse.cloud/hls/480665/index21.ts
22:03:50.891 / (ERROR) DOWN: AUTO RETRY 1/3 https://cdn3.jiuse.cloud/hls/480665/index23.ts
22:03:51.121 / (ERROR) DOWN: AUTO RETRY 1/3 https://cdn3.jiuse.cloud/hls/480665/index25.ts
22:03:51.178 / (ERROR) DOWN: 远程服务器返回错误: (503) 服务器不可用。 https://cdn3.jiuse.cloud/hls/480665/index22.ts
22:03:51.461 / (ERROR) DOWN: 远程服务器返回错误: (503) 服务器不可用。 https://cdn3.jiuse.cloud/hls/480665/index14.ts
22:03:52.189 / (ERROR) DOWN: AUTO RETRY 2/3 https://cdn3.jiuse.cloud/hls/480665/index22.ts
22:03:52.246 / (ERROR) DOWN: 远程服务器返回错误: (503) 服务器不可用。 https://cdn3.jiuse.cloud/hls/480665/index26.ts
22:03:52.467 / (ERROR) DOWN: AUTO RETRY 2/3 https://cdn3.jiuse.cloud/hls/480665/index14.ts
22:03:52.511 / (ERROR) DOWN: 远程服务器返回错误: (503) 服务器不可用。 https://cdn3.jiuse.cloud/hls/480665/index20.ts
22:03:52.523 / (ERROR) DOWN: 远程服务器返回错误: (503) 服务器不可用。 https://cdn3.jiuse.cloud/hls/480665/index21.ts
22:03:52.547 / (ERROR) DOWN: 远程服务器返回错误: (503) 服务器不可用。 https://cdn3.jiuse.cloud/hls/480665/index19.ts
22:03:53.262 / (ERROR) DOWN: AUTO RETRY 1/3 https://cdn3.jiuse.cloud/hls/480665/index26.ts
22:03:53.386 / (ERROR) DOWN: 远程服务器返回错误: (503) 服务器不可用。 https://cdn3.jiuse.cloud/hls/480665/index25.ts
22:03:53.525 / (ERROR) DOWN: AUTO RETRY 3/3 https://cdn3.jiuse.cloud/hls/480665/index20.ts
22:03:53.526 / (ERROR) DOWN: AUTO RETRY 3/3 https://cdn3.jiuse.cloud/hls/480665/index21.ts
22:03:53.556 / (ERROR) DOWN: AUTO RETRY 3/3 https://cdn3.jiuse.cloud/hls/480665/index19.ts
22:03:54.273 / (ERROR) DOWN: 远程服务器返回错误: (503) 服务器不可用。 https://cdn3.jiuse.cloud/hls/480665/index22.ts
22:03:54.341 / (ERROR) DOWN: 远程服务器返回错误: (503) 服务器不可用。 https://cdn3.jiuse.cloud/hls/480665/index27.ts
22:03:54.393 / (ERROR) DOWN: AUTO RETRY 2/3 https://cdn3.jiuse.cloud/hls/480665/index25.ts
22:03:54.477 / (ERROR) DOWN: 远程服务器返回错误: (503) 服务器不可用。 https://cdn3.jiuse.cloud/hls/480665/index29.ts
22:03:54.927 / (ERROR) DOWN: 远程服务器返回错误: (503) 服务器不可用。 https://cdn3.jiuse.cloud/hls/480665/index21.ts
22:03:54.992 / (ERROR) DOWN: 远程服务器返回错误: (503) 服务器不可用。 https://cdn3.jiuse.cloud/hls/480665/index20.ts
22:03:55.174 / (ERROR) DOWN: 远程服务器返回错误: (503) 服务器不可用。 https://cdn3.jiuse.cloud/hls/480665/index19.ts
22:03:55.276 / (ERROR) DOWN: AUTO RETRY 3/3 https://cdn3.jiuse.cloud/hls/480665/index22.ts
22:03:55.339 / (ERROR) DOWN: 远程服务器返回错误: (503) 服务器不可用。 https://cdn3.jiuse.cloud/hls/480665/index14.ts
22:03:55.354 / (ERROR) DOWN: AUTO RETRY 1/3 https://cdn3.jiuse.cloud/hls/480665/index27.ts
22:03:55.480 / (ERROR) DOWN: AUTO RETRY 1/3 https://cdn3.jiuse.cloud/hls/480665/index29.ts
22:03:55.528 / (ERROR) DOWN: 远程服务器返回错误: (503) 服务器不可用。 https://cdn3.jiuse.cloud/hls/480665/index30.ts
22:03:56.343 / (ERROR) DOWN: AUTO RETRY 3/3 https://cdn3.jiuse.cloud/hls/480665/index14.ts
22:03:56.530 / (ERROR) DOWN: AUTO RETRY 1/3 https://cdn3.jiuse.cloud/hls/480665/index30.ts
22:03:56.947 / (ERROR) DOWN: 远程服务器返回错误: (503) 服务器不可用。 https://cdn3.jiuse.cloud/hls/480665/index29.ts
22:03:57.443 / (ERROR) DOWN: 远程服务器返回错误: (503) 服务器不可用。 https://cdn3.jiuse.cloud/hls/480665/index22.ts
22:03:57.951 / (ERROR) DOWN: AUTO RETRY 2/3 https://cdn3.jiuse.cloud/hls/480665/index29.ts
22:03:58.159 / (ERROR) DOWN: 远程服务器返回错误: (503) 服务器不可用。 https://cdn3.jiuse.cloud/hls/480665/index30.ts
22:03:59.170 / (ERROR) DOWN: AUTO RETRY 2/3 https://cdn3.jiuse.cloud/hls/480665/index30.ts
22:04:06.068 / (NORMAL) 完成数量 27 of 31
22:04:06.070 / (NORMAL) 重试次数 1 / 15
22:04:09.076 / (NORMAL) 开始下载文件
22:04:15.922 / (NORMAL) 开始合并分片...
22:04:16.155 / (NORMAL) 结果输出至 [ffreport.log]
22:04:16.157 / (NORMAL) 任务结束

Task End: 2023/02/27 22:04:16
File: D:\java\GitHub\pornMagnetSpringBoot\Downloads\坚挺大奶熟女人妻偷情.mp4


