LOG 2023/01/29
Save Path: D:\java\GitHub\pornMagnetSpringBoot\jiuse911Modeul\Logs
Task Start: 2023/01/29 08:26:44
Task CommandLine: D:\java\GitHub\pornMagnetSpringBoot\jiuse911Modeul\N_m3u8DL-CLI_v3.0.2.exe https://cdn3.jiuse.cloud/hls/749108/index.m3u8?t=1674953795&m=s700k4_U5l_GHt7o1BPdBQ --saveName 夹子音干的好爽！后面阳了再干声音都哑了！（内有约啪技巧和联系方式）

08:26:44.694 / (NORMAL) 开始解析 https://cdn3.jiuse.cloud/hls/749108/index.m3u8?t=1674953795&m=s700k4_U5l_GHt7o1BPdBQ
08:26:47.507 / (NORMAL) 写出meta.json
08:26:47.562 / (NORMAL) 开始下载文件
08:26:48.829 / (NORMAL) 读取文件信息...
08:26:48.865 / (NORMAL) PID 0x100: Video h264, yuv420p(progressive), 600x336 [SAR 224:225 DAR 16:9], 29.97 fps, 29.97 tbr, 90k tbn, 59.94 tbc
08:26:48.866 / (NORMAL) PID 0x101: Audio aac, 48000 Hz, stereo, fltp, 4 kb/s
08:26:50.110 / (ERROR) DOWN: 远程服务器返回错误: (503) 服务器不可用。 https://cdn3.jiuse.cloud/hls/749108/index4.ts
08:26:50.110 / (ERROR) DOWN: 远程服务器返回错误: (503) 服务器不可用。 https://cdn3.jiuse.cloud/hls/749108/index7.ts
08:26:50.115 / (ERROR) DOWN: 远程服务器返回错误: (503) 服务器不可用。 https://cdn3.jiuse.cloud/hls/749108/index5.ts
08:26:50.814 / (ERROR) DOWN: 远程服务器返回错误: (503) 服务器不可用。 https://cdn3.jiuse.cloud/hls/749108/index10.ts
08:26:51.125 / (ERROR) DOWN: AUTO RETRY 1/3 https://cdn3.jiuse.cloud/hls/749108/index5.ts
08:26:51.125 / (ERROR) DOWN: AUTO RETRY 1/3 https://cdn3.jiuse.cloud/hls/749108/index7.ts
08:26:51.125 / (ERROR) DOWN: AUTO RETRY 1/3 https://cdn3.jiuse.cloud/hls/749108/index4.ts
08:26:51.823 / (ERROR) DOWN: AUTO RETRY 1/3 https://cdn3.jiuse.cloud/hls/749108/index10.ts
08:26:52.328 / (ERROR) DOWN: 远程服务器返回错误: (503) 服务器不可用。 https://cdn3.jiuse.cloud/hls/749108/index7.ts
08:26:52.342 / (ERROR) DOWN: 远程服务器返回错误: (503) 服务器不可用。 https://cdn3.jiuse.cloud/hls/749108/index4.ts
08:26:52.692 / (ERROR) DOWN: 远程服务器返回错误: (503) 服务器不可用。 https://cdn3.jiuse.cloud/hls/749108/index12.ts
08:26:52.770 / (ERROR) DOWN: 远程服务器返回错误: (503) 服务器不可用。 https://cdn3.jiuse.cloud/hls/749108/index13.ts
08:26:53.039 / (ERROR) DOWN: 远程服务器返回错误: (503) 服务器不可用。 https://cdn3.jiuse.cloud/hls/749108/index10.ts
08:26:53.343 / (ERROR) DOWN: AUTO RETRY 2/3 https://cdn3.jiuse.cloud/hls/749108/index4.ts
08:26:53.343 / (ERROR) DOWN: AUTO RETRY 2/3 https://cdn3.jiuse.cloud/hls/749108/index7.ts
08:26:53.707 / (ERROR) DOWN: AUTO RETRY 1/3 https://cdn3.jiuse.cloud/hls/749108/index12.ts
08:26:53.771 / (ERROR) DOWN: AUTO RETRY 1/3 https://cdn3.jiuse.cloud/hls/749108/index13.ts
08:26:53.784 / (ERROR) DOWN: 远程服务器返回错误: (503) 服务器不可用。 https://cdn3.jiuse.cloud/hls/749108/index15.ts
08:26:54.053 / (ERROR) DOWN: AUTO RETRY 2/3 https://cdn3.jiuse.cloud/hls/749108/index10.ts
08:26:54.549 / (ERROR) DOWN: 远程服务器返回错误: (503) 服务器不可用。 https://cdn3.jiuse.cloud/hls/749108/index7.ts
08:26:54.551 / (ERROR) DOWN: 远程服务器返回错误: (503) 服务器不可用。 https://cdn3.jiuse.cloud/hls/749108/index4.ts
08:26:54.798 / (ERROR) DOWN: 远程服务器返回错误: (503) 服务器不可用。 https://cdn3.jiuse.cloud/hls/749108/index17.ts
08:26:54.798 / (ERROR) DOWN: AUTO RETRY 1/3 https://cdn3.jiuse.cloud/hls/749108/index15.ts
08:26:54.895 / (ERROR) DOWN: 远程服务器返回错误: (503) 服务器不可用。 https://cdn3.jiuse.cloud/hls/749108/index12.ts
08:26:55.045 / (ERROR) DOWN: 远程服务器返回错误: (503) 服务器不可用。 https://cdn3.jiuse.cloud/hls/749108/index13.ts
08:26:55.563 / (ERROR) DOWN: AUTO RETRY 3/3 https://cdn3.jiuse.cloud/hls/749108/index4.ts
08:26:55.563 / (ERROR) DOWN: AUTO RETRY 3/3 https://cdn3.jiuse.cloud/hls/749108/index7.ts
08:26:55.564 / (ERROR) DOWN: 远程服务器返回错误: (503) 服务器不可用。 https://cdn3.jiuse.cloud/hls/749108/index18.ts
08:26:55.777 / (ERROR) DOWN: 远程服务器返回错误: (503) 服务器不可用。 https://cdn3.jiuse.cloud/hls/749108/index19.ts
08:26:55.799 / (ERROR) DOWN: AUTO RETRY 1/3 https://cdn3.jiuse.cloud/hls/749108/index17.ts
08:26:55.907 / (ERROR) DOWN: AUTO RETRY 2/3 https://cdn3.jiuse.cloud/hls/749108/index12.ts
08:26:55.997 / (ERROR) DOWN: 远程服务器返回错误: (503) 服务器不可用。 https://cdn3.jiuse.cloud/hls/749108/index15.ts
08:26:56.046 / (ERROR) DOWN: AUTO RETRY 2/3 https://cdn3.jiuse.cloud/hls/749108/index13.ts
08:26:56.569 / (ERROR) DOWN: AUTO RETRY 1/3 https://cdn3.jiuse.cloud/hls/749108/index18.ts
08:26:56.752 / (ERROR) DOWN: 远程服务器返回错误: (503) 服务器不可用。 https://cdn3.jiuse.cloud/hls/749108/index7.ts
08:26:56.787 / (ERROR) DOWN: 远程服务器返回错误: (503) 服务器不可用。 https://cdn3.jiuse.cloud/hls/749108/index21.ts
08:26:56.791 / (ERROR) DOWN: AUTO RETRY 1/3 https://cdn3.jiuse.cloud/hls/749108/index19.ts
08:26:57.005 / (ERROR) DOWN: 远程服务器返回错误: (503) 服务器不可用。 https://cdn3.jiuse.cloud/hls/749108/index17.ts
08:26:57.005 / (ERROR) DOWN: AUTO RETRY 2/3 https://cdn3.jiuse.cloud/hls/749108/index15.ts
08:26:57.275 / (ERROR) DOWN: 远程服务器返回错误: (503) 服务器不可用。 https://cdn3.jiuse.cloud/hls/749108/index13.ts
08:26:57.312 / (ERROR) DOWN: 远程服务器返回错误: (503) 服务器不可用。 https://cdn3.jiuse.cloud/hls/749108/index22.ts
08:26:57.749 / (ERROR) DOWN: 远程服务器返回错误: (503) 服务器不可用。 https://cdn3.jiuse.cloud/hls/749108/index4.ts
08:26:57.800 / (ERROR) DOWN: AUTO RETRY 1/3 https://cdn3.jiuse.cloud/hls/749108/index21.ts
08:26:57.802 / (ERROR) DOWN: 远程服务器返回错误: (503) 服务器不可用。 https://cdn3.jiuse.cloud/hls/749108/index18.ts
08:26:57.944 / (ERROR) DOWN: 远程服务器返回错误: (503) 服务器不可用。 https://cdn3.jiuse.cloud/hls/749108/index23.ts
08:26:58.009 / (ERROR) DOWN: AUTO RETRY 2/3 https://cdn3.jiuse.cloud/hls/749108/index17.ts
08:26:58.279 / (ERROR) DOWN: AUTO RETRY 3/3 https://cdn3.jiuse.cloud/hls/749108/index13.ts
08:26:58.326 / (ERROR) DOWN: AUTO RETRY 1/3 https://cdn3.jiuse.cloud/hls/749108/index22.ts
08:26:58.818 / (ERROR) DOWN: AUTO RETRY 2/3 https://cdn3.jiuse.cloud/hls/749108/index18.ts
08:26:58.954 / (ERROR) DOWN: AUTO RETRY 1/3 https://cdn3.jiuse.cloud/hls/749108/index23.ts
08:26:58.994 / (ERROR) DOWN: 远程服务器返回错误: (503) 服务器不可用。 https://cdn3.jiuse.cloud/hls/749108/index19.ts
08:26:59.017 / (ERROR) DOWN: 远程服务器返回错误: (503) 服务器不可用。 https://cdn3.jiuse.cloud/hls/749108/index21.ts
08:26:59.468 / (ERROR) DOWN: 远程服务器返回错误: (503) 服务器不可用。 https://cdn3.jiuse.cloud/hls/749108/index13.ts
08:26:59.532 / (ERROR) DOWN: 远程服务器返回错误: (503) 服务器不可用。 https://cdn3.jiuse.cloud/hls/749108/index22.ts
08:27:00.002 / (ERROR) DOWN: AUTO RETRY 2/3 https://cdn3.jiuse.cloud/hls/749108/index19.ts
08:27:00.006 / (ERROR) DOWN: 远程服务器返回错误: (503) 服务器不可用。 https://cdn3.jiuse.cloud/hls/749108/index18.ts
08:27:00.018 / (ERROR) DOWN: AUTO RETRY 2/3 https://cdn3.jiuse.cloud/hls/749108/index21.ts
08:27:00.541 / (ERROR) DOWN: AUTO RETRY 2/3 https://cdn3.jiuse.cloud/hls/749108/index22.ts
08:27:01.019 / (ERROR) DOWN: AUTO RETRY 3/3 https://cdn3.jiuse.cloud/hls/749108/index18.ts
08:27:01.230 / (ERROR) DOWN: 远程服务器返回错误: (503) 服务器不可用。 https://cdn3.jiuse.cloud/hls/749108/index21.ts
08:27:01.756 / (ERROR) DOWN: 远程服务器返回错误: (503) 服务器不可用。 https://cdn3.jiuse.cloud/hls/749108/index22.ts
08:27:02.240 / (ERROR) DOWN: AUTO RETRY 3/3 https://cdn3.jiuse.cloud/hls/749108/index21.ts
08:27:02.769 / (ERROR) DOWN: AUTO RETRY 3/3 https://cdn3.jiuse.cloud/hls/749108/index22.ts
08:27:03.977 / (ERROR) DOWN: 远程服务器返回错误: (503) 服务器不可用。 https://cdn3.jiuse.cloud/hls/749108/index22.ts
08:27:08.865 / (NORMAL) 完成数量 20 of 24
08:27:08.865 / (NORMAL) 重试次数 1 / 15
08:27:11.877 / (NORMAL) 开始下载文件
08:27:16.966 / (NORMAL) 开始合并分片...
08:27:17.083 / (NORMAL) 结果输出至 [ffreport.log]
08:27:17.083 / (NORMAL) 任务结束

Task End: 2023/01/29 08:27:17
File: D:\java\GitHub\pornMagnetSpringBoot\Downloads\夹子音干的好爽！后面阳了再干声音都哑了！（内有约啪技巧和联系方式）.mp4


