LOG 2023/01/29
Save Path: D:\java\GitHub\pornMagnetSpringBoot\jiuse911Modeul\Logs
Task Start: 2023/01/29 19:11:33
Task CommandLine: D:\java\GitHub\pornMagnetSpringBoot\jiuse911Modeul\N_m3u8DL-CLI_v3.0.2.exe https://cdn3.jiuse.cloud/hls/483724/index.m3u8?t=1674992495&m=2_agOkwZXhMET_pmzCu2kg --saveName 后入大奶熟女人妻高潮

19:11:33.384 / (NORMAL) 开始解析 https://cdn3.jiuse.cloud/hls/483724/index.m3u8?t=1674992495&m=2_agOkwZXhMET_pmzCu2kg
19:11:37.339 / (NORMAL) 写出meta.json
19:11:37.432 / (NORMAL) 开始下载文件
19:11:38.719 / (NORMAL) 读取文件信息...
19:11:38.762 / (NORMAL) PID 0x100: Video h264, yuv420p(progressive), 600x336, 25 fps, 25 tbr, 90k tbn, 50 tbc
19:11:38.762 / (NORMAL) PID 0x101: Audio aac, 48000 Hz, stereo, fltp, 126 kb/s
19:11:40.791 / (ERROR) DOWN: 远程服务器返回错误: (503) 服务器不可用。 https://cdn3.jiuse.cloud/hls/483724/index9.ts
19:11:40.816 / (ERROR) DOWN: 远程服务器返回错误: (503) 服务器不可用。 https://cdn3.jiuse.cloud/hls/483724/index10.ts
19:11:40.999 / (ERROR) DOWN: 远程服务器返回错误: (503) 服务器不可用。 https://cdn3.jiuse.cloud/hls/483724/index8.ts
19:11:41.111 / (ERROR) DOWN: 远程服务器返回错误: (503) 服务器不可用。 https://cdn3.jiuse.cloud/hls/483724/index6.ts
19:11:41.799 / (ERROR) DOWN: AUTO RETRY 1/3 https://cdn3.jiuse.cloud/hls/483724/index9.ts
19:11:41.830 / (ERROR) DOWN: AUTO RETRY 1/3 https://cdn3.jiuse.cloud/hls/483724/index10.ts
19:11:42.005 / (ERROR) DOWN: AUTO RETRY 1/3 https://cdn3.jiuse.cloud/hls/483724/index8.ts
19:11:42.115 / (ERROR) DOWN: AUTO RETRY 1/3 https://cdn3.jiuse.cloud/hls/483724/index6.ts
19:11:43.303 / (ERROR) DOWN: 远程服务器返回错误: (503) 服务器不可用。 https://cdn3.jiuse.cloud/hls/483724/index13.ts
19:11:43.427 / (ERROR) DOWN: 远程服务器返回错误: (503) 服务器不可用。 https://cdn3.jiuse.cloud/hls/483724/index10.ts
19:11:43.495 / (ERROR) DOWN: 远程服务器返回错误: (503) 服务器不可用。 https://cdn3.jiuse.cloud/hls/483724/index6.ts
19:11:43.597 / (ERROR) DOWN: 远程服务器返回错误: (503) 服务器不可用。 https://cdn3.jiuse.cloud/hls/483724/index8.ts
19:11:44.110 / (ERROR) DOWN: 远程服务器返回错误: (503) 服务器不可用。 https://cdn3.jiuse.cloud/hls/483724/index14.ts
19:11:44.306 / (ERROR) DOWN: AUTO RETRY 1/3 https://cdn3.jiuse.cloud/hls/483724/index13.ts
19:11:44.433 / (ERROR) DOWN: AUTO RETRY 2/3 https://cdn3.jiuse.cloud/hls/483724/index10.ts
19:11:44.496 / (ERROR) DOWN: AUTO RETRY 2/3 https://cdn3.jiuse.cloud/hls/483724/index6.ts
19:11:44.597 / (ERROR) DOWN: AUTO RETRY 2/3 https://cdn3.jiuse.cloud/hls/483724/index8.ts
19:11:44.825 / (ERROR) DOWN: 远程服务器返回错误: (503) 服务器不可用。 https://cdn3.jiuse.cloud/hls/483724/index16.ts
19:11:45.118 / (ERROR) DOWN: AUTO RETRY 1/3 https://cdn3.jiuse.cloud/hls/483724/index14.ts
19:11:45.674 / (ERROR) DOWN: 远程服务器返回错误: (503) 服务器不可用。 https://cdn3.jiuse.cloud/hls/483724/index13.ts
19:11:45.839 / (ERROR) DOWN: AUTO RETRY 1/3 https://cdn3.jiuse.cloud/hls/483724/index16.ts
19:11:45.861 / (ERROR) DOWN: 远程服务器返回错误: (503) 服务器不可用。 https://cdn3.jiuse.cloud/hls/483724/index6.ts
19:11:46.050 / (ERROR) DOWN: 远程服务器返回错误: (503) 服务器不可用。 https://cdn3.jiuse.cloud/hls/483724/index8.ts
19:11:46.134 / (ERROR) DOWN: 远程服务器返回错误: (503) 服务器不可用。 https://cdn3.jiuse.cloud/hls/483724/index10.ts
19:11:46.676 / (ERROR) DOWN: AUTO RETRY 2/3 https://cdn3.jiuse.cloud/hls/483724/index13.ts
19:11:46.724 / (ERROR) DOWN: 远程服务器返回错误: (503) 服务器不可用。 https://cdn3.jiuse.cloud/hls/483724/index14.ts
19:11:46.865 / (ERROR) DOWN: AUTO RETRY 3/3 https://cdn3.jiuse.cloud/hls/483724/index6.ts
19:11:47.054 / (ERROR) DOWN: AUTO RETRY 3/3 https://cdn3.jiuse.cloud/hls/483724/index8.ts
19:11:47.149 / (ERROR) DOWN: AUTO RETRY 3/3 https://cdn3.jiuse.cloud/hls/483724/index10.ts
19:11:47.725 / (ERROR) DOWN: AUTO RETRY 2/3 https://cdn3.jiuse.cloud/hls/483724/index14.ts
19:11:48.062 / (ERROR) DOWN: 远程服务器返回错误: (503) 服务器不可用。 https://cdn3.jiuse.cloud/hls/483724/index13.ts
19:11:48.108 / (ERROR) DOWN: 远程服务器返回错误: (503) 服务器不可用。 https://cdn3.jiuse.cloud/hls/483724/index19.ts
19:11:48.447 / (ERROR) DOWN: 远程服务器返回错误: (503) 服务器不可用。 https://cdn3.jiuse.cloud/hls/483724/index8.ts
19:11:48.759 / (ERROR) DOWN: 远程服务器返回错误: (503) 服务器不可用。 https://cdn3.jiuse.cloud/hls/483724/index10.ts
19:11:49.069 / (ERROR) DOWN: AUTO RETRY 3/3 https://cdn3.jiuse.cloud/hls/483724/index13.ts
19:11:49.111 / (ERROR) DOWN: 远程服务器返回错误: (503) 服务器不可用。 https://cdn3.jiuse.cloud/hls/483724/index14.ts
19:11:49.117 / (ERROR) DOWN: AUTO RETRY 1/3 https://cdn3.jiuse.cloud/hls/483724/index19.ts
19:11:50.122 / (ERROR) DOWN: AUTO RETRY 3/3 https://cdn3.jiuse.cloud/hls/483724/index14.ts
19:11:57.440 / (NORMAL) 完成数量 18 of 20
19:11:57.440 / (NORMAL) 重试次数 1 / 15
19:12:00.457 / (NORMAL) 开始下载文件
19:12:03.849 / (NORMAL) 开始合并分片...
19:12:03.976 / (NORMAL) 结果输出至 [ffreport.log]
19:12:03.977 / (NORMAL) 任务结束

Task End: 2023/01/29 19:12:03
File: D:\java\GitHub\pornMagnetSpringBoot\Downloads\后入大奶熟女人妻高潮.mp4


