LOG 2023/02/27
Save Path: D:\java\GitHub\pornMagnetSpringBoot\jiuse911Modeul\Logs
Task Start: 2023/02/27 22:24:35
Task CommandLine: D:\java\GitHub\pornMagnetSpringBoot\jiuse911Modeul\N_m3u8DL-CLI_v3.0.2.exe https://cdn3.jiuse.cloud/hls/472011/index.m3u8?t=1677509661&m=UoGjE0FfQA4rva7rw_8nzA --saveName [原创]几个熟女的高潮合集3，个个死去活来，粉丝最爱。

22:24:35.815 / (NORMAL) 开始解析 https://cdn3.jiuse.cloud/hls/472011/index.m3u8?t=1677509661&m=UoGjE0FfQA4rva7rw_8nzA
22:24:45.792 / (NORMAL) 写出meta.json
22:24:45.872 / (NORMAL) 开始下载文件
22:24:48.696 / (NORMAL) 读取文件信息...
22:24:48.835 / (NORMAL) PID 0x100: Video h264, yuv420p(progressive), 600x336, 25 fps, 25 tbr, 90k tbn, 50 tbc
22:24:48.837 / (NORMAL) PID 0x101: Audio aac, 48000 Hz, stereo, fltp, 4 kb/s
22:24:58.876 / (ERROR) DOWN: 操作超时 https://cdn3.jiuse.cloud/hls/472011/index5.ts
22:24:58.876 / (ERROR) DOWN: 操作超时 https://cdn3.jiuse.cloud/hls/472011/index17.ts
22:24:58.877 / (ERROR) DOWN: 操作超时 https://cdn3.jiuse.cloud/hls/472011/index9.ts
22:24:58.878 / (ERROR) DOWN: 操作超时 https://cdn3.jiuse.cloud/hls/472011/index29.ts
22:24:58.878 / (ERROR) DOWN: 操作超时 https://cdn3.jiuse.cloud/hls/472011/index25.ts
22:24:59.883 / (ERROR) DOWN: AUTO RETRY 1/3 https://cdn3.jiuse.cloud/hls/472011/index25.ts
22:24:59.883 / (ERROR) DOWN: AUTO RETRY 1/3 https://cdn3.jiuse.cloud/hls/472011/index29.ts
22:24:59.885 / (ERROR) DOWN: AUTO RETRY 1/3 https://cdn3.jiuse.cloud/hls/472011/index17.ts
22:24:59.886 / (ERROR) DOWN: AUTO RETRY 1/3 https://cdn3.jiuse.cloud/hls/472011/index9.ts
22:24:59.887 / (ERROR) DOWN: AUTO RETRY 1/3 https://cdn3.jiuse.cloud/hls/472011/index5.ts
22:25:00.426 / (ERROR) DOWN: 操作超时 https://cdn3.jiuse.cloud/hls/472011/index41.ts
22:25:01.426 / (ERROR) DOWN: 操作超时 https://cdn3.jiuse.cloud/hls/472011/index45.ts
22:25:01.441 / (ERROR) DOWN: AUTO RETRY 1/3 https://cdn3.jiuse.cloud/hls/472011/index41.ts
22:25:02.437 / (ERROR) DOWN: AUTO RETRY 1/3 https://cdn3.jiuse.cloud/hls/472011/index45.ts
22:25:02.533 / (ERROR) DOWN: 基础连接已经关闭: 发送时发生错误。 https://cdn3.jiuse.cloud/hls/472011/index14.ts
22:25:03.414 / (ERROR) DOWN: 操作超时 https://cdn3.jiuse.cloud/hls/472011/index53.ts
22:25:03.521 / (ERROR) DOWN: 操作超时 https://cdn3.jiuse.cloud/hls/472011/index2.ts
22:25:03.551 / (ERROR) DOWN: AUTO RETRY 1/3 https://cdn3.jiuse.cloud/hls/472011/index14.ts
22:25:03.926 / (ERROR) DOWN: 操作超时 https://cdn3.jiuse.cloud/hls/472011/index57.ts
22:25:04.420 / (ERROR) DOWN: AUTO RETRY 1/3 https://cdn3.jiuse.cloud/hls/472011/index53.ts
22:25:04.527 / (ERROR) DOWN: AUTO RETRY 1/3 https://cdn3.jiuse.cloud/hls/472011/index2.ts
22:25:04.933 / (ERROR) DOWN: AUTO RETRY 1/3 https://cdn3.jiuse.cloud/hls/472011/index57.ts
22:25:04.934 / (ERROR) DOWN: 操作超时 https://cdn3.jiuse.cloud/hls/472011/index61.ts
22:25:05.945 / (ERROR) DOWN: AUTO RETRY 1/3 https://cdn3.jiuse.cloud/hls/472011/index61.ts
22:25:06.070 / (ERROR) DOWN: 操作超时 https://cdn3.jiuse.cloud/hls/472011/index22.ts
22:25:07.076 / (ERROR) DOWN: AUTO RETRY 1/3 https://cdn3.jiuse.cloud/hls/472011/index22.ts
22:25:07.510 / (ERROR) DOWN: 操作超时 https://cdn3.jiuse.cloud/hls/472011/index34.ts
22:25:08.517 / (ERROR) DOWN: AUTO RETRY 1/3 https://cdn3.jiuse.cloud/hls/472011/index34.ts
22:25:09.898 / (ERROR) DOWN: 操作超时 https://cdn3.jiuse.cloud/hls/472011/index9.ts
22:25:09.899 / (ERROR) DOWN: 操作超时 https://cdn3.jiuse.cloud/hls/472011/index29.ts
22:25:09.900 / (ERROR) DOWN: 操作超时 https://cdn3.jiuse.cloud/hls/472011/index5.ts
22:25:10.901 / (ERROR) DOWN: AUTO RETRY 2/3 https://cdn3.jiuse.cloud/hls/472011/index9.ts
22:25:10.917 / (ERROR) DOWN: AUTO RETRY 2/3 https://cdn3.jiuse.cloud/hls/472011/index5.ts
22:25:10.919 / (ERROR) DOWN: AUTO RETRY 2/3 https://cdn3.jiuse.cloud/hls/472011/index29.ts
22:25:11.475 / (ERROR) DOWN: 操作超时 https://cdn3.jiuse.cloud/hls/472011/index41.ts
22:25:12.465 / (ERROR) DOWN: 操作超时 https://cdn3.jiuse.cloud/hls/472011/index45.ts
22:25:12.480 / (ERROR) DOWN: AUTO RETRY 2/3 https://cdn3.jiuse.cloud/hls/472011/index41.ts
22:25:13.473 / (ERROR) DOWN: AUTO RETRY 2/3 https://cdn3.jiuse.cloud/hls/472011/index45.ts
22:25:13.735 / (ERROR) DOWN: 操作超时 https://cdn3.jiuse.cloud/hls/472011/index50.ts
22:25:14.450 / (ERROR) DOWN: 操作超时 https://cdn3.jiuse.cloud/hls/472011/index53.ts
22:25:14.743 / (ERROR) DOWN: AUTO RETRY 1/3 https://cdn3.jiuse.cloud/hls/472011/index50.ts
22:25:14.962 / (ERROR) DOWN: 操作超时 https://cdn3.jiuse.cloud/hls/472011/index57.ts
22:25:15.452 / (ERROR) DOWN: AUTO RETRY 2/3 https://cdn3.jiuse.cloud/hls/472011/index53.ts
22:25:15.961 / (ERROR) DOWN: 操作超时 https://cdn3.jiuse.cloud/hls/472011/index61.ts
22:25:15.976 / (ERROR) DOWN: AUTO RETRY 2/3 https://cdn3.jiuse.cloud/hls/472011/index57.ts
22:25:16.527 / (ERROR) DOWN: 远程服务器返回错误: (503) 服务器不可用。 https://cdn3.jiuse.cloud/hls/472011/index15.ts
22:25:16.589 / (ERROR) DOWN: 远程服务器返回错误: (503) 服务器不可用。 https://cdn3.jiuse.cloud/hls/472011/index34.ts
22:25:16.745 / (ERROR) DOWN: 远程服务器返回错误: (503) 服务器不可用。 https://cdn3.jiuse.cloud/hls/472011/index50.ts
22:25:16.783 / (ERROR) DOWN: 远程服务器返回错误: (503) 服务器不可用。 https://cdn3.jiuse.cloud/hls/472011/index39.ts
22:25:16.871 / (ERROR) DOWN: 远程服务器返回错误: (503) 服务器不可用。 https://cdn3.jiuse.cloud/hls/472011/index22.ts
22:25:16.912 / (ERROR) DOWN: 远程服务器返回错误: (503) 服务器不可用。 https://cdn3.jiuse.cloud/hls/472011/index53.ts
22:25:16.963 / (ERROR) DOWN: AUTO RETRY 2/3 https://cdn3.jiuse.cloud/hls/472011/index61.ts
22:25:17.530 / (ERROR) DOWN: AUTO RETRY 1/3 https://cdn3.jiuse.cloud/hls/472011/index15.ts
22:25:17.581 / (ERROR) DOWN: 远程服务器返回错误: (503) 服务器不可用。 https://cdn3.jiuse.cloud/hls/472011/index26.ts
22:25:17.606 / (ERROR) DOWN: AUTO RETRY 2/3 https://cdn3.jiuse.cloud/hls/472011/index34.ts
22:25:17.760 / (ERROR) DOWN: AUTO RETRY 2/3 https://cdn3.jiuse.cloud/hls/472011/index50.ts
22:25:17.790 / (ERROR) DOWN: AUTO RETRY 1/3 https://cdn3.jiuse.cloud/hls/472011/index39.ts
22:25:17.883 / (ERROR) DOWN: AUTO RETRY 2/3 https://cdn3.jiuse.cloud/hls/472011/index22.ts
22:25:17.915 / (ERROR) DOWN: AUTO RETRY 3/3 https://cdn3.jiuse.cloud/hls/472011/index53.ts
22:25:18.589 / (ERROR) DOWN: AUTO RETRY 1/3 https://cdn3.jiuse.cloud/hls/472011/index26.ts
22:25:18.918 / (ERROR) DOWN: 远程服务器返回错误: (503) 服务器不可用。 https://cdn3.jiuse.cloud/hls/472011/index61.ts
22:25:19.439 / (ERROR) DOWN: 远程服务器返回错误: (503) 服务器不可用。 https://cdn3.jiuse.cloud/hls/472011/index50.ts
22:25:19.451 / (ERROR) DOWN: 远程服务器返回错误: (503) 服务器不可用。 https://cdn3.jiuse.cloud/hls/472011/index39.ts
22:25:19.479 / (ERROR) DOWN: 远程服务器返回错误: (503) 服务器不可用。 https://cdn3.jiuse.cloud/hls/472011/index22.ts
22:25:19.507 / (ERROR) DOWN: 远程服务器返回错误: (503) 服务器不可用。 https://cdn3.jiuse.cloud/hls/472011/index53.ts
22:25:19.652 / (ERROR) DOWN: 远程服务器返回错误: (503) 服务器不可用。 https://cdn3.jiuse.cloud/hls/472011/index46.ts
22:25:19.700 / (ERROR) DOWN: 远程服务器返回错误: (503) 服务器不可用。 https://cdn3.jiuse.cloud/hls/472011/index57.ts
22:25:19.930 / (ERROR) DOWN: AUTO RETRY 3/3 https://cdn3.jiuse.cloud/hls/472011/index61.ts
22:25:20.456 / (ERROR) DOWN: AUTO RETRY 2/3 https://cdn3.jiuse.cloud/hls/472011/index39.ts
22:25:20.457 / (ERROR) DOWN: AUTO RETRY 3/3 https://cdn3.jiuse.cloud/hls/472011/index50.ts
22:25:20.488 / (ERROR) DOWN: AUTO RETRY 3/3 https://cdn3.jiuse.cloud/hls/472011/index22.ts
22:25:20.657 / (ERROR) DOWN: AUTO RETRY 1/3 https://cdn3.jiuse.cloud/hls/472011/index46.ts
22:25:20.704 / (ERROR) DOWN: AUTO RETRY 3/3 https://cdn3.jiuse.cloud/hls/472011/index57.ts
22:25:20.848 / (ERROR) DOWN: 远程服务器返回错误: (503) 服务器不可用。 https://cdn3.jiuse.cloud/hls/472011/index54.ts
22:25:20.952 / (ERROR) DOWN: 操作超时 https://cdn3.jiuse.cloud/hls/472011/index5.ts
22:25:21.759 / (ERROR) DOWN: 远程服务器返回错误: (503) 服务器不可用。 https://cdn3.jiuse.cloud/hls/472011/index4.ts
22:25:21.859 / (ERROR) DOWN: AUTO RETRY 1/3 https://cdn3.jiuse.cloud/hls/472011/index54.ts
22:25:21.866 / (ERROR) DOWN: 远程服务器返回错误: (503) 服务器不可用。 https://cdn3.jiuse.cloud/hls/472011/index39.ts
22:25:21.953 / (ERROR) DOWN: AUTO RETRY 3/3 https://cdn3.jiuse.cloud/hls/472011/index5.ts
22:25:22.104 / (ERROR) DOWN: 远程服务器返回错误: (503) 服务器不可用。 https://cdn3.jiuse.cloud/hls/472011/index22.ts
22:25:22.143 / (ERROR) DOWN: 远程服务器返回错误: (503) 服务器不可用。 https://cdn3.jiuse.cloud/hls/472011/index50.ts
22:25:22.548 / (ERROR) DOWN: 远程服务器返回错误: (503) 服务器不可用。 https://cdn3.jiuse.cloud/hls/472011/index42.ts
22:25:22.775 / (ERROR) DOWN: AUTO RETRY 1/3 https://cdn3.jiuse.cloud/hls/472011/index4.ts
22:25:22.867 / (ERROR) DOWN: AUTO RETRY 3/3 https://cdn3.jiuse.cloud/hls/472011/index39.ts
22:25:23.378 / (ERROR) DOWN: 远程服务器返回错误: (503) 服务器不可用。 https://cdn3.jiuse.cloud/hls/472011/index26.ts
22:25:23.403 / (ERROR) DOWN: 远程服务器返回错误: (503) 服务器不可用。 https://cdn3.jiuse.cloud/hls/472011/index57.ts
22:25:23.429 / (ERROR) DOWN: 远程服务器返回错误: (503) 服务器不可用。 https://cdn3.jiuse.cloud/hls/472011/index5.ts
22:25:23.560 / (ERROR) DOWN: 远程服务器返回错误: (503) 服务器不可用。 https://cdn3.jiuse.cloud/hls/472011/index51.ts
22:25:23.562 / (ERROR) DOWN: AUTO RETRY 1/3 https://cdn3.jiuse.cloud/hls/472011/index42.ts
22:25:23.713 / (ERROR) DOWN: 远程服务器返回错误: (503) 服务器不可用。 https://cdn3.jiuse.cloud/hls/472011/index23.ts
22:25:24.393 / (ERROR) DOWN: AUTO RETRY 2/3 https://cdn3.jiuse.cloud/hls/472011/index26.ts
22:25:24.564 / (ERROR) DOWN: AUTO RETRY 1/3 https://cdn3.jiuse.cloud/hls/472011/index51.ts
22:25:24.718 / (ERROR) DOWN: AUTO RETRY 1/3 https://cdn3.jiuse.cloud/hls/472011/index23.ts
22:25:24.969 / (ERROR) DOWN: 远程服务器返回错误: (503) 服务器不可用。 https://cdn3.jiuse.cloud/hls/472011/index39.ts
22:25:25.455 / (ERROR) DOWN: 远程服务器返回错误: (503) 服务器不可用。 https://cdn3.jiuse.cloud/hls/472011/index6.ts
22:25:25.470 / (ERROR) DOWN: 远程服务器返回错误: (503) 服务器不可用。 https://cdn3.jiuse.cloud/hls/472011/index31.ts
22:25:25.796 / (ERROR) DOWN: 远程服务器返回错误: (503) 服务器不可用。 https://cdn3.jiuse.cloud/hls/472011/index26.ts
22:25:26.126 / (ERROR) DOWN: 远程服务器返回错误: (503) 服务器不可用。 https://cdn3.jiuse.cloud/hls/472011/index23.ts
22:25:26.465 / (ERROR) DOWN: AUTO RETRY 1/3 https://cdn3.jiuse.cloud/hls/472011/index6.ts
22:25:26.481 / (ERROR) DOWN: AUTO RETRY 1/3 https://cdn3.jiuse.cloud/hls/472011/index31.ts
22:25:26.565 / (ERROR) DOWN: 远程服务器返回错误: (503) 服务器不可用。 https://cdn3.jiuse.cloud/hls/472011/index54.ts
22:25:26.575 / (ERROR) DOWN: 远程服务器返回错误: (503) 服务器不可用。 https://cdn3.jiuse.cloud/hls/472011/index40.ts
22:25:26.771 / (ERROR) DOWN: 远程服务器返回错误: (503) 服务器不可用。 https://cdn3.jiuse.cloud/hls/472011/index35.ts
22:25:26.809 / (ERROR) DOWN: AUTO RETRY 3/3 https://cdn3.jiuse.cloud/hls/472011/index26.ts
22:25:27.134 / (ERROR) DOWN: AUTO RETRY 2/3 https://cdn3.jiuse.cloud/hls/472011/index23.ts
22:25:27.567 / (ERROR) DOWN: AUTO RETRY 2/3 https://cdn3.jiuse.cloud/hls/472011/index54.ts
22:25:27.582 / (ERROR) DOWN: AUTO RETRY 1/3 https://cdn3.jiuse.cloud/hls/472011/index40.ts
22:25:27.783 / (ERROR) DOWN: AUTO RETRY 1/3 https://cdn3.jiuse.cloud/hls/472011/index35.ts
22:25:27.910 / (ERROR) DOWN: 远程服务器返回错误: (503) 服务器不可用。 https://cdn3.jiuse.cloud/hls/472011/index6.ts
22:25:28.522 / (ERROR) DOWN: 远程服务器返回错误: (503) 服务器不可用。 https://cdn3.jiuse.cloud/hls/472011/index23.ts
22:25:28.917 / (ERROR) DOWN: AUTO RETRY 2/3 https://cdn3.jiuse.cloud/hls/472011/index6.ts
22:25:29.411 / (ERROR) DOWN: 远程服务器返回错误: (503) 服务器不可用。 https://cdn3.jiuse.cloud/hls/472011/index35.ts
22:25:29.498 / (ERROR) DOWN: 远程服务器返回错误: (503) 服务器不可用。 https://cdn3.jiuse.cloud/hls/472011/index31.ts
22:25:29.533 / (ERROR) DOWN: AUTO RETRY 3/3 https://cdn3.jiuse.cloud/hls/472011/index23.ts
22:25:29.551 / (ERROR) DOWN: 远程服务器返回错误: (503) 服务器不可用。 https://cdn3.jiuse.cloud/hls/472011/index62.ts
22:25:29.782 / (ERROR) DOWN: 远程服务器返回错误: (503) 服务器不可用。 https://cdn3.jiuse.cloud/hls/472011/index40.ts
22:25:30.292 / (ERROR) DOWN: 远程服务器返回错误: (503) 服务器不可用。 https://cdn3.jiuse.cloud/hls/472011/index4.ts
22:25:30.363 / (ERROR) DOWN: 远程服务器返回错误: (503) 服务器不可用。 https://cdn3.jiuse.cloud/hls/472011/index6.ts
22:25:30.418 / (ERROR) DOWN: AUTO RETRY 2/3 https://cdn3.jiuse.cloud/hls/472011/index35.ts
22:25:30.510 / (ERROR) DOWN: AUTO RETRY 2/3 https://cdn3.jiuse.cloud/hls/472011/index31.ts
22:25:30.558 / (ERROR) DOWN: AUTO RETRY 1/3 https://cdn3.jiuse.cloud/hls/472011/index62.ts
22:25:30.787 / (ERROR) DOWN: AUTO RETRY 2/3 https://cdn3.jiuse.cloud/hls/472011/index40.ts
22:25:31.298 / (ERROR) DOWN: AUTO RETRY 2/3 https://cdn3.jiuse.cloud/hls/472011/index4.ts
22:25:31.376 / (ERROR) DOWN: AUTO RETRY 3/3 https://cdn3.jiuse.cloud/hls/472011/index6.ts
22:25:32.269 / (ERROR) DOWN: 远程服务器返回错误: (503) 服务器不可用。 https://cdn3.jiuse.cloud/hls/472011/index59.ts
22:25:32.626 / (ERROR) DOWN: 远程服务器返回错误: (503) 服务器不可用。 https://cdn3.jiuse.cloud/hls/472011/index43.ts
22:25:32.777 / (ERROR) DOWN: 远程服务器返回错误: (503) 服务器不可用。 https://cdn3.jiuse.cloud/hls/472011/index6.ts
22:25:33.271 / (ERROR) DOWN: AUTO RETRY 1/3 https://cdn3.jiuse.cloud/hls/472011/index59.ts
22:25:33.421 / (ERROR) DOWN: 远程服务器返回错误: (503) 服务器不可用。 https://cdn3.jiuse.cloud/hls/472011/index52.ts
22:25:33.641 / (ERROR) DOWN: 远程服务器返回错误: (503) 服务器不可用。 https://cdn3.jiuse.cloud/hls/472011/index62.ts
22:25:33.643 / (ERROR) DOWN: AUTO RETRY 1/3 https://cdn3.jiuse.cloud/hls/472011/index43.ts
22:25:33.719 / (ERROR) DOWN: 远程服务器返回错误: (503) 服务器不可用。 https://cdn3.jiuse.cloud/hls/472011/index4.ts
22:25:33.877 / (ERROR) DOWN: 远程服务器返回错误: (503) 服务器不可用。 https://cdn3.jiuse.cloud/hls/472011/index40.ts
22:25:34.357 / (ERROR) DOWN: 远程服务器返回错误: (503) 服务器不可用。 https://cdn3.jiuse.cloud/hls/472011/index35.ts
22:25:34.384 / (ERROR) DOWN: 远程服务器返回错误: (503) 服务器不可用。 https://cdn3.jiuse.cloud/hls/472011/index7.ts
22:25:34.430 / (ERROR) DOWN: AUTO RETRY 1/3 https://cdn3.jiuse.cloud/hls/472011/index52.ts
22:25:34.650 / (ERROR) DOWN: AUTO RETRY 2/3 https://cdn3.jiuse.cloud/hls/472011/index62.ts
22:25:34.726 / (ERROR) DOWN: AUTO RETRY 3/3 https://cdn3.jiuse.cloud/hls/472011/index4.ts
22:25:34.880 / (ERROR) DOWN: AUTO RETRY 3/3 https://cdn3.jiuse.cloud/hls/472011/index40.ts
22:25:35.363 / (ERROR) DOWN: AUTO RETRY 3/3 https://cdn3.jiuse.cloud/hls/472011/index35.ts
22:25:35.393 / (ERROR) DOWN: AUTO RETRY 1/3 https://cdn3.jiuse.cloud/hls/472011/index7.ts
22:25:35.624 / (ERROR) DOWN: 远程服务器返回错误: (503) 服务器不可用。 https://cdn3.jiuse.cloud/hls/472011/index24.ts
22:25:36.063 / (ERROR) DOWN: 远程服务器返回错误: (503) 服务器不可用。 https://cdn3.jiuse.cloud/hls/472011/index62.ts
22:25:36.300 / (ERROR) DOWN: 远程服务器返回错误: (503) 服务器不可用。 https://cdn3.jiuse.cloud/hls/472011/index59.ts
22:25:36.375 / (ERROR) DOWN: 远程服务器返回错误: (503) 服务器不可用。 https://cdn3.jiuse.cloud/hls/472011/index40.ts
22:25:36.629 / (ERROR) DOWN: AUTO RETRY 1/3 https://cdn3.jiuse.cloud/hls/472011/index24.ts
22:25:36.865 / (ERROR) DOWN: 远程服务器返回错误: (503) 服务器不可用。 https://cdn3.jiuse.cloud/hls/472011/index55.ts
22:25:37.075 / (ERROR) DOWN: AUTO RETRY 3/3 https://cdn3.jiuse.cloud/hls/472011/index62.ts
22:25:37.221 / (ERROR) DOWN: 远程服务器返回错误: (503) 服务器不可用。 https://cdn3.jiuse.cloud/hls/472011/index27.ts
22:25:37.308 / (ERROR) DOWN: AUTO RETRY 2/3 https://cdn3.jiuse.cloud/hls/472011/index59.ts
22:25:37.842 / (ERROR) DOWN: 远程服务器返回错误: (503) 服务器不可用。 https://cdn3.jiuse.cloud/hls/472011/index44.ts
22:25:37.880 / (ERROR) DOWN: AUTO RETRY 1/3 https://cdn3.jiuse.cloud/hls/472011/index55.ts
22:25:38.232 / (ERROR) DOWN: AUTO RETRY 1/3 https://cdn3.jiuse.cloud/hls/472011/index27.ts
22:25:38.779 / (ERROR) DOWN: 远程服务器返回错误: (503) 服务器不可用。 https://cdn3.jiuse.cloud/hls/472011/index7.ts
22:25:38.851 / (ERROR) DOWN: AUTO RETRY 1/3 https://cdn3.jiuse.cloud/hls/472011/index44.ts
22:25:38.907 / (ERROR) DOWN: 远程服务器返回错误: (503) 服务器不可用。 https://cdn3.jiuse.cloud/hls/472011/index59.ts
22:25:39.256 / (ERROR) DOWN: 远程服务器返回错误: (503) 服务器不可用。 https://cdn3.jiuse.cloud/hls/472011/index55.ts
22:25:39.428 / (ERROR) DOWN: 远程服务器返回错误: (503) 服务器不可用。 https://cdn3.jiuse.cloud/hls/472011/index62.ts
22:25:39.648 / (ERROR) DOWN: 远程服务器返回错误: (503) 服务器不可用。 https://cdn3.jiuse.cloud/hls/472011/index27.ts
22:25:39.790 / (ERROR) DOWN: AUTO RETRY 2/3 https://cdn3.jiuse.cloud/hls/472011/index7.ts
22:25:39.915 / (ERROR) DOWN: AUTO RETRY 3/3 https://cdn3.jiuse.cloud/hls/472011/index59.ts
22:25:40.236 / (ERROR) DOWN: 远程服务器返回错误: (503) 服务器不可用。 https://cdn3.jiuse.cloud/hls/472011/index44.ts
22:25:40.270 / (ERROR) DOWN: AUTO RETRY 2/3 https://cdn3.jiuse.cloud/hls/472011/index55.ts
22:25:40.656 / (ERROR) DOWN: AUTO RETRY 2/3 https://cdn3.jiuse.cloud/hls/472011/index27.ts
22:25:40.792 / (ERROR) DOWN: 远程服务器返回错误: (503) 服务器不可用。 https://cdn3.jiuse.cloud/hls/472011/index28.ts
22:25:41.086 / (ERROR) DOWN: 远程服务器返回错误: (503) 服务器不可用。 https://cdn3.jiuse.cloud/hls/472011/index32.ts
22:25:41.176 / (ERROR) DOWN: 远程服务器返回错误: (503) 服务器不可用。 https://cdn3.jiuse.cloud/hls/472011/index7.ts
22:25:41.244 / (ERROR) DOWN: AUTO RETRY 2/3 https://cdn3.jiuse.cloud/hls/472011/index44.ts
22:25:41.802 / (ERROR) DOWN: AUTO RETRY 1/3 https://cdn3.jiuse.cloud/hls/472011/index28.ts
22:25:42.096 / (ERROR) DOWN: AUTO RETRY 1/3 https://cdn3.jiuse.cloud/hls/472011/index32.ts
22:25:42.098 / (ERROR) DOWN: 远程服务器返回错误: (503) 服务器不可用。 https://cdn3.jiuse.cloud/hls/472011/index27.ts
22:25:42.189 / (ERROR) DOWN: AUTO RETRY 3/3 https://cdn3.jiuse.cloud/hls/472011/index7.ts
22:25:42.218 / (ERROR) DOWN: 远程服务器返回错误: (503) 服务器不可用。 https://cdn3.jiuse.cloud/hls/472011/index55.ts
22:25:42.635 / (ERROR) DOWN: 远程服务器返回错误: (503) 服务器不可用。 https://cdn3.jiuse.cloud/hls/472011/index44.ts
22:25:42.902 / (ERROR) DOWN: 远程服务器返回错误: (503) 服务器不可用。 https://cdn3.jiuse.cloud/hls/472011/index12.ts
22:25:43.102 / (ERROR) DOWN: AUTO RETRY 3/3 https://cdn3.jiuse.cloud/hls/472011/index27.ts
22:25:43.225 / (ERROR) DOWN: AUTO RETRY 3/3 https://cdn3.jiuse.cloud/hls/472011/index55.ts
22:25:43.565 / (ERROR) DOWN: 远程服务器返回错误: (503) 服务器不可用。 https://cdn3.jiuse.cloud/hls/472011/index7.ts
22:25:43.622 / (ERROR) DOWN: 远程服务器返回错误: (503) 服务器不可用。 https://cdn3.jiuse.cloud/hls/472011/index36.ts
22:25:43.640 / (ERROR) DOWN: AUTO RETRY 3/3 https://cdn3.jiuse.cloud/hls/472011/index44.ts
22:25:43.822 / (ERROR) DOWN: 远程服务器返回错误: (503) 服务器不可用。 https://cdn3.jiuse.cloud/hls/472011/index56.ts
22:25:43.917 / (ERROR) DOWN: AUTO RETRY 1/3 https://cdn3.jiuse.cloud/hls/472011/index12.ts
22:25:44.362 / (ERROR) DOWN: 远程服务器返回错误: (503) 服务器不可用。 https://cdn3.jiuse.cloud/hls/472011/index60.ts
22:25:44.629 / (ERROR) DOWN: AUTO RETRY 1/3 https://cdn3.jiuse.cloud/hls/472011/index36.ts
22:25:44.710 / (ERROR) DOWN: 远程服务器返回错误: (503) 服务器不可用。 https://cdn3.jiuse.cloud/hls/472011/index27.ts
22:25:44.828 / (ERROR) DOWN: AUTO RETRY 1/3 https://cdn3.jiuse.cloud/hls/472011/index56.ts
22:25:45.346 / (ERROR) DOWN: 远程服务器返回错误: (503) 服务器不可用。 https://cdn3.jiuse.cloud/hls/472011/index55.ts
22:25:45.368 / (ERROR) DOWN: AUTO RETRY 1/3 https://cdn3.jiuse.cloud/hls/472011/index60.ts
22:25:45.496 / (ERROR) DOWN: 远程服务器返回错误: (503) 服务器不可用。 https://cdn3.jiuse.cloud/hls/472011/index64.ts
22:25:45.517 / (ERROR) DOWN: 远程服务器返回错误: (503) 服务器不可用。 https://cdn3.jiuse.cloud/hls/472011/index12.ts
22:25:45.810 / (ERROR) DOWN: 远程服务器返回错误: (503) 服务器不可用。 https://cdn3.jiuse.cloud/hls/472011/index65.ts
22:25:46.422 / (ERROR) DOWN: 远程服务器返回错误: (503) 服务器不可用。 https://cdn3.jiuse.cloud/hls/472011/index44.ts
22:25:46.498 / (ERROR) DOWN: AUTO RETRY 1/3 https://cdn3.jiuse.cloud/hls/472011/index64.ts
22:25:46.529 / (ERROR) DOWN: AUTO RETRY 2/3 https://cdn3.jiuse.cloud/hls/472011/index12.ts
22:25:46.679 / (ERROR) DOWN: 远程服务器返回错误: (503) 服务器不可用。 https://cdn3.jiuse.cloud/hls/472011/index36.ts
22:25:46.769 / (ERROR) DOWN: 远程服务器返回错误: (503) 服务器不可用。 https://cdn3.jiuse.cloud/hls/472011/index60.ts
22:25:46.820 / (ERROR) DOWN: AUTO RETRY 1/3 https://cdn3.jiuse.cloud/hls/472011/index65.ts
22:25:47.688 / (ERROR) DOWN: AUTO RETRY 2/3 https://cdn3.jiuse.cloud/hls/472011/index36.ts
22:25:47.780 / (ERROR) DOWN: AUTO RETRY 2/3 https://cdn3.jiuse.cloud/hls/472011/index60.ts
22:25:47.877 / (ERROR) DOWN: 远程服务器返回错误: (503) 服务器不可用。 https://cdn3.jiuse.cloud/hls/472011/index64.ts
22:25:48.880 / (ERROR) DOWN: AUTO RETRY 2/3 https://cdn3.jiuse.cloud/hls/472011/index64.ts
22:25:49.322 / (ERROR) DOWN: 远程服务器返回错误: (503) 服务器不可用。 https://cdn3.jiuse.cloud/hls/472011/index36.ts
22:25:50.333 / (ERROR) DOWN: AUTO RETRY 3/3 https://cdn3.jiuse.cloud/hls/472011/index36.ts
22:26:07.252 / (NORMAL) 完成数量 57 of 70
22:26:07.253 / (NORMAL) 重试次数 1 / 15
22:26:10.268 / (NORMAL) 开始下载文件
22:26:12.296 / (ERROR) DOWN: 远程服务器返回错误: (503) 服务器不可用。 https://cdn3.jiuse.cloud/hls/472011/index57.ts
22:26:12.428 / (ERROR) DOWN: 远程服务器返回错误: (503) 服务器不可用。 https://cdn3.jiuse.cloud/hls/472011/index6.ts
22:26:12.977 / (ERROR) DOWN: 远程服务器返回错误: (503) 服务器不可用。 https://cdn3.jiuse.cloud/hls/472011/index55.ts
22:26:13.302 / (ERROR) DOWN: AUTO RETRY 1/3 https://cdn3.jiuse.cloud/hls/472011/index57.ts
22:26:13.441 / (ERROR) DOWN: AUTO RETRY 1/3 https://cdn3.jiuse.cloud/hls/472011/index6.ts
22:26:13.507 / (ERROR) DOWN: 远程服务器返回错误: (503) 服务器不可用。 https://cdn3.jiuse.cloud/hls/472011/index5.ts
22:26:13.611 / (ERROR) DOWN: 远程服务器返回错误: (503) 服务器不可用。 https://cdn3.jiuse.cloud/hls/472011/index62.ts
22:26:13.981 / (ERROR) DOWN: AUTO RETRY 1/3 https://cdn3.jiuse.cloud/hls/472011/index55.ts
22:26:14.522 / (ERROR) DOWN: AUTO RETRY 1/3 https://cdn3.jiuse.cloud/hls/472011/index5.ts
22:26:14.615 / (ERROR) DOWN: AUTO RETRY 1/3 https://cdn3.jiuse.cloud/hls/472011/index62.ts
22:26:16.153 / (ERROR) DOWN: 远程服务器返回错误: (503) 服务器不可用。 https://cdn3.jiuse.cloud/hls/472011/index5.ts
22:26:16.429 / (ERROR) DOWN: 远程服务器返回错误: (503) 服务器不可用。 https://cdn3.jiuse.cloud/hls/472011/index55.ts
22:26:17.169 / (ERROR) DOWN: AUTO RETRY 2/3 https://cdn3.jiuse.cloud/hls/472011/index5.ts
22:26:17.432 / (ERROR) DOWN: AUTO RETRY 2/3 https://cdn3.jiuse.cloud/hls/472011/index55.ts
22:26:30.988 / (NORMAL) 开始合并分片...
22:26:31.335 / (NORMAL) 结果输出至 [ffreport.log]
22:26:31.337 / (NORMAL) 任务结束

Task End: 2023/02/27 22:26:31
File: D:\java\GitHub\pornMagnetSpringBoot\Downloads\[原创]几个熟女的高潮合集3，个个死去活来，粉丝最爱。.mp4


