LOG 2023/01/29
Save Path: D:\java\GitHub\pornMagnetSpringBoot\jiuse911Modeul\Logs
Task Start: 2023/01/29 04:53:48
Task CommandLine: D:\java\GitHub\pornMagnetSpringBoot\jiuse911Modeul\N_m3u8DL-CLI_v3.0.2.exe https://cdn3.jiuse.cloud/hls/756185/index.m3u8?t=1674941018&m=UrmCghtx0wrrtRGIofNcrg --saveName 舞蹈老师第二部！极品炮架，旗袍展现完美身材！

04:53:48.894 / (NORMAL) 开始解析 https://cdn3.jiuse.cloud/hls/756185/index.m3u8?t=1674941018&m=UrmCghtx0wrrtRGIofNcrg
04:53:51.749 / (NORMAL) 写出meta.json
04:53:51.802 / (NORMAL) 开始下载文件
04:53:52.739 / (NORMAL) 读取文件信息...
04:53:52.822 / (NORMAL) PID 0x100: Video h264, yuv420p(progressive), 600x336, 25 fps, 25 tbr, 90k tbn, 50 tbc
04:53:52.822 / (NORMAL) PID 0x101: Audio aac, 48000 Hz, stereo, fltp, 4 kb/s
04:53:54.050 / (ERROR) DOWN: 远程服务器返回错误: (503) 服务器不可用。 https://cdn3.jiuse.cloud/hls/756185/index17.ts
04:53:54.050 / (ERROR) DOWN: 远程服务器返回错误: (503) 服务器不可用。 https://cdn3.jiuse.cloud/hls/756185/index9.ts
04:53:54.097 / (ERROR) DOWN: 远程服务器返回错误: (503) 服务器不可用。 https://cdn3.jiuse.cloud/hls/756185/index5.ts
04:53:55.062 / (ERROR) DOWN: AUTO RETRY 1/3 https://cdn3.jiuse.cloud/hls/756185/index17.ts
04:53:55.062 / (ERROR) DOWN: AUTO RETRY 1/3 https://cdn3.jiuse.cloud/hls/756185/index9.ts
04:53:55.109 / (ERROR) DOWN: AUTO RETRY 1/3 https://cdn3.jiuse.cloud/hls/756185/index5.ts
04:53:56.134 / (ERROR) DOWN: 远程服务器返回错误: (503) 服务器不可用。 https://cdn3.jiuse.cloud/hls/756185/index4.ts
04:53:56.277 / (ERROR) DOWN: 远程服务器返回错误: (503) 服务器不可用。 https://cdn3.jiuse.cloud/hls/756185/index17.ts
04:53:56.293 / (ERROR) DOWN: 远程服务器返回错误: (503) 服务器不可用。 https://cdn3.jiuse.cloud/hls/756185/index5.ts
04:53:56.300 / (ERROR) DOWN: 远程服务器返回错误: (503) 服务器不可用。 https://cdn3.jiuse.cloud/hls/756185/index9.ts
04:53:57.004 / (ERROR) DOWN: 远程服务器返回错误: (503) 服务器不可用。 https://cdn3.jiuse.cloud/hls/756185/index23.ts
04:53:57.135 / (ERROR) DOWN: AUTO RETRY 1/3 https://cdn3.jiuse.cloud/hls/756185/index4.ts
04:53:57.278 / (ERROR) DOWN: AUTO RETRY 2/3 https://cdn3.jiuse.cloud/hls/756185/index17.ts
04:53:57.294 / (ERROR) DOWN: AUTO RETRY 2/3 https://cdn3.jiuse.cloud/hls/756185/index5.ts
04:53:57.310 / (ERROR) DOWN: AUTO RETRY 2/3 https://cdn3.jiuse.cloud/hls/756185/index9.ts
04:53:58.000 / (ERROR) DOWN: 远程服务器返回错误: (503) 服务器不可用。 https://cdn3.jiuse.cloud/hls/756185/index25.ts
04:53:58.015 / (ERROR) DOWN: AUTO RETRY 1/3 https://cdn3.jiuse.cloud/hls/756185/index23.ts
04:53:58.333 / (ERROR) DOWN: 远程服务器返回错误: (503) 服务器不可用。 https://cdn3.jiuse.cloud/hls/756185/index4.ts
04:53:58.461 / (ERROR) DOWN: 远程服务器返回错误: (503) 服务器不可用。 https://cdn3.jiuse.cloud/hls/756185/index17.ts
04:53:58.497 / (ERROR) DOWN: 远程服务器返回错误: (503) 服务器不可用。 https://cdn3.jiuse.cloud/hls/756185/index5.ts
04:53:58.523 / (ERROR) DOWN: 远程服务器返回错误: (503) 服务器不可用。 https://cdn3.jiuse.cloud/hls/756185/index9.ts
04:53:59.006 / (ERROR) DOWN: AUTO RETRY 1/3 https://cdn3.jiuse.cloud/hls/756185/index25.ts
04:53:59.159 / (ERROR) DOWN: 远程服务器返回错误: (503) 服务器不可用。 https://cdn3.jiuse.cloud/hls/756185/index14.ts
04:53:59.211 / (ERROR) DOWN: 远程服务器返回错误: (503) 服务器不可用。 https://cdn3.jiuse.cloud/hls/756185/index23.ts
04:53:59.337 / (ERROR) DOWN: AUTO RETRY 2/3 https://cdn3.jiuse.cloud/hls/756185/index4.ts
04:53:59.464 / (ERROR) DOWN: AUTO RETRY 3/3 https://cdn3.jiuse.cloud/hls/756185/index17.ts
04:53:59.516 / (ERROR) DOWN: AUTO RETRY 3/3 https://cdn3.jiuse.cloud/hls/756185/index5.ts
04:53:59.539 / (ERROR) DOWN: AUTO RETRY 3/3 https://cdn3.jiuse.cloud/hls/756185/index9.ts
04:54:00.171 / (ERROR) DOWN: AUTO RETRY 1/3 https://cdn3.jiuse.cloud/hls/756185/index14.ts
04:54:00.173 / (ERROR) DOWN: 远程服务器返回错误: (503) 服务器不可用。 https://cdn3.jiuse.cloud/hls/756185/index2.ts
04:54:00.211 / (ERROR) DOWN: 远程服务器返回错误: (503) 服务器不可用。 https://cdn3.jiuse.cloud/hls/756185/index25.ts
04:54:00.218 / (ERROR) DOWN: AUTO RETRY 2/3 https://cdn3.jiuse.cloud/hls/756185/index23.ts
04:54:00.532 / (ERROR) DOWN: 远程服务器返回错误: (503) 服务器不可用。 https://cdn3.jiuse.cloud/hls/756185/index4.ts
04:54:00.644 / (ERROR) DOWN: 远程服务器返回错误: (503) 服务器不可用。 https://cdn3.jiuse.cloud/hls/756185/index17.ts
04:54:00.716 / (ERROR) DOWN: 远程服务器返回错误: (503) 服务器不可用。 https://cdn3.jiuse.cloud/hls/756185/index5.ts
04:54:00.746 / (ERROR) DOWN: 远程服务器返回错误: (503) 服务器不可用。 https://cdn3.jiuse.cloud/hls/756185/index9.ts
04:54:01.010 / (ERROR) DOWN: 远程服务器返回错误: (503) 服务器不可用。 https://cdn3.jiuse.cloud/hls/756185/index31.ts
04:54:01.183 / (ERROR) DOWN: AUTO RETRY 1/3 https://cdn3.jiuse.cloud/hls/756185/index2.ts
04:54:01.230 / (ERROR) DOWN: AUTO RETRY 2/3 https://cdn3.jiuse.cloud/hls/756185/index25.ts
04:54:01.356 / (ERROR) DOWN: 远程服务器返回错误: (503) 服务器不可用。 https://cdn3.jiuse.cloud/hls/756185/index14.ts
04:54:01.431 / (ERROR) DOWN: 远程服务器返回错误: (503) 服务器不可用。 https://cdn3.jiuse.cloud/hls/756185/index23.ts
04:54:01.535 / (ERROR) DOWN: AUTO RETRY 3/3 https://cdn3.jiuse.cloud/hls/756185/index4.ts
04:54:01.836 / (ERROR) DOWN: 远程服务器返回错误: (503) 服务器不可用。 https://cdn3.jiuse.cloud/hls/756185/index18.ts
04:54:01.901 / (ERROR) DOWN: 远程服务器返回错误: (503) 服务器不可用。 https://cdn3.jiuse.cloud/hls/756185/index6.ts
04:54:01.961 / (ERROR) DOWN: 远程服务器返回错误: (503) 服务器不可用。 https://cdn3.jiuse.cloud/hls/756185/index10.ts
04:54:02.023 / (ERROR) DOWN: AUTO RETRY 1/3 https://cdn3.jiuse.cloud/hls/756185/index31.ts
04:54:02.371 / (ERROR) DOWN: AUTO RETRY 2/3 https://cdn3.jiuse.cloud/hls/756185/index14.ts
04:54:02.388 / (ERROR) DOWN: 远程服务器返回错误: (503) 服务器不可用。 https://cdn3.jiuse.cloud/hls/756185/index2.ts
04:54:02.426 / (ERROR) DOWN: 远程服务器返回错误: (503) 服务器不可用。 https://cdn3.jiuse.cloud/hls/756185/index25.ts
04:54:02.435 / (ERROR) DOWN: AUTO RETRY 3/3 https://cdn3.jiuse.cloud/hls/756185/index23.ts
04:54:02.749 / (ERROR) DOWN: 远程服务器返回错误: (503) 服务器不可用。 https://cdn3.jiuse.cloud/hls/756185/index4.ts
04:54:02.849 / (ERROR) DOWN: AUTO RETRY 1/3 https://cdn3.jiuse.cloud/hls/756185/index18.ts
04:54:02.912 / (ERROR) DOWN: AUTO RETRY 1/3 https://cdn3.jiuse.cloud/hls/756185/index6.ts
04:54:02.975 / (ERROR) DOWN: AUTO RETRY 1/3 https://cdn3.jiuse.cloud/hls/756185/index10.ts
04:54:03.225 / (ERROR) DOWN: 远程服务器返回错误: (503) 服务器不可用。 https://cdn3.jiuse.cloud/hls/756185/index31.ts
04:54:03.392 / (ERROR) DOWN: AUTO RETRY 2/3 https://cdn3.jiuse.cloud/hls/756185/index2.ts
04:54:03.438 / (ERROR) DOWN: AUTO RETRY 3/3 https://cdn3.jiuse.cloud/hls/756185/index25.ts
04:54:03.572 / (ERROR) DOWN: 远程服务器返回错误: (503) 服务器不可用。 https://cdn3.jiuse.cloud/hls/756185/index14.ts
04:54:03.639 / (ERROR) DOWN: 远程服务器返回错误: (503) 服务器不可用。 https://cdn3.jiuse.cloud/hls/756185/index23.ts
04:54:03.934 / (ERROR) DOWN: 远程服务器返回错误: (503) 服务器不可用。 https://cdn3.jiuse.cloud/hls/756185/index24.ts
04:54:04.067 / (ERROR) DOWN: 远程服务器返回错误: (503) 服务器不可用。 https://cdn3.jiuse.cloud/hls/756185/index26.ts
04:54:04.099 / (ERROR) DOWN: 远程服务器返回错误: (503) 服务器不可用。 https://cdn3.jiuse.cloud/hls/756185/index6.ts
04:54:04.179 / (ERROR) DOWN: 远程服务器返回错误: (503) 服务器不可用。 https://cdn3.jiuse.cloud/hls/756185/index10.ts
04:54:04.238 / (ERROR) DOWN: AUTO RETRY 2/3 https://cdn3.jiuse.cloud/hls/756185/index31.ts
04:54:04.582 / (ERROR) DOWN: 远程服务器返回错误: (503) 服务器不可用。 https://cdn3.jiuse.cloud/hls/756185/index2.ts
04:54:04.585 / (ERROR) DOWN: AUTO RETRY 3/3 https://cdn3.jiuse.cloud/hls/756185/index14.ts
04:54:04.623 / (ERROR) DOWN: 远程服务器返回错误: (503) 服务器不可用。 https://cdn3.jiuse.cloud/hls/756185/index25.ts
04:54:04.867 / (ERROR) DOWN: 远程服务器返回错误: (503) 服务器不可用。 https://cdn3.jiuse.cloud/hls/756185/index28.ts
04:54:04.950 / (ERROR) DOWN: AUTO RETRY 1/3 https://cdn3.jiuse.cloud/hls/756185/index24.ts
04:54:05.076 / (ERROR) DOWN: AUTO RETRY 1/3 https://cdn3.jiuse.cloud/hls/756185/index26.ts
04:54:05.108 / (ERROR) DOWN: AUTO RETRY 2/3 https://cdn3.jiuse.cloud/hls/756185/index6.ts
04:54:05.187 / (ERROR) DOWN: AUTO RETRY 2/3 https://cdn3.jiuse.cloud/hls/756185/index10.ts
04:54:05.436 / (ERROR) DOWN: 远程服务器返回错误: (503) 服务器不可用。 https://cdn3.jiuse.cloud/hls/756185/index31.ts
04:54:05.583 / (ERROR) DOWN: AUTO RETRY 3/3 https://cdn3.jiuse.cloud/hls/756185/index2.ts
04:54:05.771 / (ERROR) DOWN: 远程服务器返回错误: (503) 服务器不可用。 https://cdn3.jiuse.cloud/hls/756185/index14.ts
04:54:05.839 / (ERROR) DOWN: 远程服务器返回错误: (503) 服务器不可用。 https://cdn3.jiuse.cloud/hls/756185/index32.ts
04:54:05.867 / (ERROR) DOWN: AUTO RETRY 1/3 https://cdn3.jiuse.cloud/hls/756185/index28.ts
04:54:06.264 / (ERROR) DOWN: 远程服务器返回错误: (503) 服务器不可用。 https://cdn3.jiuse.cloud/hls/756185/index33.ts
04:54:06.293 / (ERROR) DOWN: 远程服务器返回错误: (503) 服务器不可用。 https://cdn3.jiuse.cloud/hls/756185/index26.ts
04:54:06.301 / (ERROR) DOWN: 远程服务器返回错误: (503) 服务器不可用。 https://cdn3.jiuse.cloud/hls/756185/index6.ts
04:54:06.419 / (ERROR) DOWN: 远程服务器返回错误: (503) 服务器不可用。 https://cdn3.jiuse.cloud/hls/756185/index10.ts
04:54:06.450 / (ERROR) DOWN: AUTO RETRY 3/3 https://cdn3.jiuse.cloud/hls/756185/index31.ts
04:54:06.782 / (ERROR) DOWN: 远程服务器返回错误: (503) 服务器不可用。 https://cdn3.jiuse.cloud/hls/756185/index2.ts
04:54:06.851 / (ERROR) DOWN: AUTO RETRY 1/3 https://cdn3.jiuse.cloud/hls/756185/index32.ts
04:54:06.974 / (ERROR) DOWN: 远程服务器返回错误: (503) 服务器不可用。 https://cdn3.jiuse.cloud/hls/756185/index35.ts
04:54:07.178 / (ERROR) DOWN: 远程服务器返回错误: (503) 服务器不可用。 https://cdn3.jiuse.cloud/hls/756185/index37.ts
04:54:07.277 / (ERROR) DOWN: AUTO RETRY 1/3 https://cdn3.jiuse.cloud/hls/756185/index33.ts
04:54:07.309 / (ERROR) DOWN: AUTO RETRY 3/3 https://cdn3.jiuse.cloud/hls/756185/index6.ts
04:54:07.309 / (ERROR) DOWN: AUTO RETRY 2/3 https://cdn3.jiuse.cloud/hls/756185/index26.ts
04:54:07.435 / (ERROR) DOWN: AUTO RETRY 3/3 https://cdn3.jiuse.cloud/hls/756185/index10.ts
04:54:07.654 / (ERROR) DOWN: 远程服务器返回错误: (503) 服务器不可用。 https://cdn3.jiuse.cloud/hls/756185/index31.ts
04:54:07.982 / (ERROR) DOWN: 远程服务器返回错误: (503) 服务器不可用。 https://cdn3.jiuse.cloud/hls/756185/index39.ts
04:54:07.982 / (ERROR) DOWN: AUTO RETRY 1/3 https://cdn3.jiuse.cloud/hls/756185/index35.ts
04:54:08.203 / (ERROR) DOWN: AUTO RETRY 1/3 https://cdn3.jiuse.cloud/hls/756185/index37.ts
04:54:08.254 / (ERROR) DOWN: 远程服务器返回错误: (503) 服务器不可用。 https://cdn3.jiuse.cloud/hls/756185/index41.ts
04:54:08.500 / (ERROR) DOWN: 远程服务器返回错误: (503) 服务器不可用。 https://cdn3.jiuse.cloud/hls/756185/index26.ts
04:54:08.519 / (ERROR) DOWN: 远程服务器返回错误: (503) 服务器不可用。 https://cdn3.jiuse.cloud/hls/756185/index33.ts
04:54:08.541 / (ERROR) DOWN: 远程服务器返回错误: (503) 服务器不可用。 https://cdn3.jiuse.cloud/hls/756185/index6.ts
04:54:08.643 / (ERROR) DOWN: 远程服务器返回错误: (503) 服务器不可用。 https://cdn3.jiuse.cloud/hls/756185/index10.ts
04:54:08.859 / (ERROR) DOWN: 远程服务器返回错误: (503) 服务器不可用。 https://cdn3.jiuse.cloud/hls/756185/index43.ts
04:54:08.993 / (ERROR) DOWN: AUTO RETRY 1/3 https://cdn3.jiuse.cloud/hls/756185/index39.ts
04:54:09.234 / (ERROR) DOWN: 远程服务器返回错误: (503) 服务器不可用。 https://cdn3.jiuse.cloud/hls/756185/index45.ts
04:54:09.261 / (ERROR) DOWN: AUTO RETRY 1/3 https://cdn3.jiuse.cloud/hls/756185/index41.ts
04:54:09.418 / (ERROR) DOWN: 远程服务器返回错误: (503) 服务器不可用。 https://cdn3.jiuse.cloud/hls/756185/index37.ts
04:54:09.502 / (ERROR) DOWN: AUTO RETRY 3/3 https://cdn3.jiuse.cloud/hls/756185/index26.ts
04:54:09.534 / (ERROR) DOWN: AUTO RETRY 2/3 https://cdn3.jiuse.cloud/hls/756185/index33.ts
04:54:09.759 / (ERROR) DOWN: 远程服务器返回错误: (503) 服务器不可用。 https://cdn3.jiuse.cloud/hls/756185/index47.ts
04:54:09.866 / (ERROR) DOWN: AUTO RETRY 1/3 https://cdn3.jiuse.cloud/hls/756185/index43.ts
04:54:10.246 / (ERROR) DOWN: AUTO RETRY 1/3 https://cdn3.jiuse.cloud/hls/756185/index45.ts
04:54:10.421 / (ERROR) DOWN: AUTO RETRY 2/3 https://cdn3.jiuse.cloud/hls/756185/index37.ts
04:54:10.463 / (ERROR) DOWN: 远程服务器返回错误: (503) 服务器不可用。 https://cdn3.jiuse.cloud/hls/756185/index41.ts
04:54:10.713 / (ERROR) DOWN: 远程服务器返回错误: (503) 服务器不可用。 https://cdn3.jiuse.cloud/hls/756185/index26.ts
04:54:10.744 / (ERROR) DOWN: 远程服务器返回错误: (503) 服务器不可用。 https://cdn3.jiuse.cloud/hls/756185/index33.ts
04:54:10.766 / (ERROR) DOWN: AUTO RETRY 1/3 https://cdn3.jiuse.cloud/hls/756185/index47.ts
04:54:11.469 / (ERROR) DOWN: AUTO RETRY 2/3 https://cdn3.jiuse.cloud/hls/756185/index41.ts
04:54:11.476 / (ERROR) DOWN: 远程服务器返回错误: (503) 服务器不可用。 https://cdn3.jiuse.cloud/hls/756185/index45.ts
04:54:11.607 / (ERROR) DOWN: 远程服务器返回错误: (503) 服务器不可用。 https://cdn3.jiuse.cloud/hls/756185/index37.ts
04:54:11.755 / (ERROR) DOWN: AUTO RETRY 3/3 https://cdn3.jiuse.cloud/hls/756185/index33.ts
04:54:11.946 / (ERROR) DOWN: 远程服务器返回错误: (503) 服务器不可用。 https://cdn3.jiuse.cloud/hls/756185/index47.ts
04:54:12.482 / (ERROR) DOWN: AUTO RETRY 2/3 https://cdn3.jiuse.cloud/hls/756185/index45.ts
04:54:12.621 / (ERROR) DOWN: AUTO RETRY 3/3 https://cdn3.jiuse.cloud/hls/756185/index37.ts
04:54:12.945 / (ERROR) DOWN: 远程服务器返回错误: (503) 服务器不可用。 https://cdn3.jiuse.cloud/hls/756185/index33.ts
04:54:12.950 / (ERROR) DOWN: AUTO RETRY 2/3 https://cdn3.jiuse.cloud/hls/756185/index47.ts
04:54:13.802 / (ERROR) DOWN: 远程服务器返回错误: (503) 服务器不可用。 https://cdn3.jiuse.cloud/hls/756185/index37.ts
04:54:14.168 / (ERROR) DOWN: 远程服务器返回错误: (503) 服务器不可用。 https://cdn3.jiuse.cloud/hls/756185/index34.ts
04:54:15.007 / (ERROR) DOWN: 远程服务器返回错误: (503) 服务器不可用。 https://cdn3.jiuse.cloud/hls/756185/index38.ts
04:54:15.184 / (ERROR) DOWN: AUTO RETRY 1/3 https://cdn3.jiuse.cloud/hls/756185/index34.ts
04:54:16.018 / (ERROR) DOWN: AUTO RETRY 1/3 https://cdn3.jiuse.cloud/hls/756185/index38.ts
04:54:17.221 / (ERROR) DOWN: 远程服务器返回错误: (503) 服务器不可用。 https://cdn3.jiuse.cloud/hls/756185/index38.ts
04:54:18.230 / (ERROR) DOWN: AUTO RETRY 2/3 https://cdn3.jiuse.cloud/hls/756185/index38.ts
04:54:19.429 / (ERROR) DOWN: 远程服务器返回错误: (503) 服务器不可用。 https://cdn3.jiuse.cloud/hls/756185/index38.ts
04:54:20.435 / (ERROR) DOWN: AUTO RETRY 3/3 https://cdn3.jiuse.cloud/hls/756185/index38.ts
04:54:26.930 / (NORMAL) 完成数量 34 of 48
04:54:26.930 / (NORMAL) 重试次数 1 / 15
04:54:29.942 / (NORMAL) 开始下载文件
04:54:31.154 / (ERROR) DOWN: 远程服务器返回错误: (503) 服务器不可用。 https://cdn3.jiuse.cloud/hls/756185/index37.ts
04:54:31.154 / (ERROR) DOWN: 远程服务器返回错误: (503) 服务器不可用。 https://cdn3.jiuse.cloud/hls/756185/index10.ts
04:54:31.161 / (ERROR) DOWN: 远程服务器返回错误: (503) 服务器不可用。 https://cdn3.jiuse.cloud/hls/756185/index25.ts
04:54:31.163 / (ERROR) DOWN: 远程服务器返回错误: (503) 服务器不可用。 https://cdn3.jiuse.cloud/hls/756185/index6.ts
04:54:31.164 / (ERROR) DOWN: 远程服务器返回错误: (503) 服务器不可用。 https://cdn3.jiuse.cloud/hls/756185/index14.ts
04:54:31.169 / (ERROR) DOWN: 远程服务器返回错误: (503) 服务器不可用。 https://cdn3.jiuse.cloud/hls/756185/index4.ts
04:54:31.820 / (ERROR) DOWN: 远程服务器返回错误: (503) 服务器不可用。 https://cdn3.jiuse.cloud/hls/756185/index9.ts
04:54:32.166 / (ERROR) DOWN: AUTO RETRY 1/3 https://cdn3.jiuse.cloud/hls/756185/index37.ts
04:54:32.166 / (ERROR) DOWN: AUTO RETRY 1/3 https://cdn3.jiuse.cloud/hls/756185/index10.ts
04:54:32.166 / (ERROR) DOWN: AUTO RETRY 1/3 https://cdn3.jiuse.cloud/hls/756185/index14.ts
04:54:32.166 / (ERROR) DOWN: AUTO RETRY 1/3 https://cdn3.jiuse.cloud/hls/756185/index6.ts
04:54:32.166 / (ERROR) DOWN: AUTO RETRY 1/3 https://cdn3.jiuse.cloud/hls/756185/index25.ts
04:54:32.182 / (ERROR) DOWN: AUTO RETRY 1/3 https://cdn3.jiuse.cloud/hls/756185/index4.ts
04:54:32.836 / (ERROR) DOWN: AUTO RETRY 1/3 https://cdn3.jiuse.cloud/hls/756185/index9.ts
04:54:33.373 / (ERROR) DOWN: 远程服务器返回错误: (503) 服务器不可用。 https://cdn3.jiuse.cloud/hls/756185/index6.ts
04:54:33.394 / (ERROR) DOWN: 远程服务器返回错误: (503) 服务器不可用。 https://cdn3.jiuse.cloud/hls/756185/index4.ts
04:54:33.399 / (ERROR) DOWN: 远程服务器返回错误: (503) 服务器不可用。 https://cdn3.jiuse.cloud/hls/756185/index37.ts
04:54:33.418 / (ERROR) DOWN: 远程服务器返回错误: (503) 服务器不可用。 https://cdn3.jiuse.cloud/hls/756185/index25.ts
04:54:34.018 / (ERROR) DOWN: 远程服务器返回错误: (503) 服务器不可用。 https://cdn3.jiuse.cloud/hls/756185/index9.ts
04:54:34.380 / (ERROR) DOWN: AUTO RETRY 2/3 https://cdn3.jiuse.cloud/hls/756185/index6.ts
04:54:34.396 / (ERROR) DOWN: AUTO RETRY 2/3 https://cdn3.jiuse.cloud/hls/756185/index4.ts
04:54:34.412 / (ERROR) DOWN: AUTO RETRY 2/3 https://cdn3.jiuse.cloud/hls/756185/index37.ts
04:54:34.427 / (ERROR) DOWN: AUTO RETRY 2/3 https://cdn3.jiuse.cloud/hls/756185/index25.ts
04:54:35.024 / (ERROR) DOWN: AUTO RETRY 2/3 https://cdn3.jiuse.cloud/hls/756185/index9.ts
04:54:35.604 / (ERROR) DOWN: 远程服务器返回错误: (503) 服务器不可用。 https://cdn3.jiuse.cloud/hls/756185/index37.ts
04:54:35.667 / (ERROR) DOWN: 远程服务器返回错误: (503) 服务器不可用。 https://cdn3.jiuse.cloud/hls/756185/index25.ts
04:54:36.611 / (ERROR) DOWN: AUTO RETRY 3/3 https://cdn3.jiuse.cloud/hls/756185/index37.ts
04:54:36.674 / (ERROR) DOWN: AUTO RETRY 3/3 https://cdn3.jiuse.cloud/hls/756185/index25.ts
04:54:37.862 / (ERROR) DOWN: 远程服务器返回错误: (503) 服务器不可用。 https://cdn3.jiuse.cloud/hls/756185/index25.ts
04:54:44.202 / (NORMAL) 完成数量 47 of 48
04:54:44.202 / (NORMAL) 重试次数 2 / 15
04:54:47.214 / (NORMAL) 开始下载文件
04:54:49.402 / (NORMAL) 开始合并分片...
04:54:49.564 / (NORMAL) 结果输出至 [ffreport.log]
04:54:49.564 / (NORMAL) 任务结束

Task End: 2023/01/29 04:54:49
File: D:\java\GitHub\pornMagnetSpringBoot\Downloads\舞蹈老师第二部！极品炮架，旗袍展现完美身材！.mp4


