LOG 2023/02/27
Save Path: D:\java\GitHub\pornMagnetSpringBoot\jiuse911Modeul\Logs
Task Start: 2023/02/27 21:50:37
Task CommandLine: D:\java\GitHub\pornMagnetSpringBoot\jiuse911Modeul\N_m3u8DL-CLI_v3.0.2.exe https://cdn3.jiuse.cloud/hls/495485/index.m3u8?t=1677507637&m=To6yzZbakrH0ZUU12yBoew --saveName 东北淫荡熟女人妻偷情高潮嚎叫

21:50:37.616 / (NORMAL) 开始解析 https://cdn3.jiuse.cloud/hls/495485/index.m3u8?t=1677507637&m=To6yzZbakrH0ZUU12yBoew
21:50:41.071 / (NORMAL) 写出meta.json
21:50:41.146 / (NORMAL) 开始下载文件
21:50:42.550 / (NORMAL) 读取文件信息...
21:50:42.704 / (NORMAL) PID 0x100: Video h264, yuv420p(progressive), 600x336, 25 fps, 25 tbr, 90k tbn, 50 tbc
21:50:42.706 / (NORMAL) PID 0x101: Audio aac, 48000 Hz, stereo, fltp, 130 kb/s
21:50:45.043 / (ERROR) DOWN: 远程服务器返回错误: (503) 服务器不可用。 https://cdn3.jiuse.cloud/hls/495485/index10.ts
21:50:45.384 / (ERROR) DOWN: 远程服务器返回错误: (503) 服务器不可用。 https://cdn3.jiuse.cloud/hls/495485/index4.ts
21:50:45.774 / (ERROR) DOWN: 远程服务器返回错误: (503) 服务器不可用。 https://cdn3.jiuse.cloud/hls/495485/index9.ts
21:50:46.050 / (ERROR) DOWN: AUTO RETRY 1/3 https://cdn3.jiuse.cloud/hls/495485/index10.ts
21:50:46.390 / (ERROR) DOWN: AUTO RETRY 1/3 https://cdn3.jiuse.cloud/hls/495485/index4.ts
21:50:46.775 / (ERROR) DOWN: AUTO RETRY 1/3 https://cdn3.jiuse.cloud/hls/495485/index9.ts
21:50:47.791 / (ERROR) DOWN: 远程服务器返回错误: (503) 服务器不可用。 https://cdn3.jiuse.cloud/hls/495485/index4.ts
21:50:48.031 / (ERROR) DOWN: 远程服务器返回错误: (503) 服务器不可用。 https://cdn3.jiuse.cloud/hls/495485/index15.ts
21:50:48.059 / (ERROR) DOWN: 远程服务器返回错误: (503) 服务器不可用。 https://cdn3.jiuse.cloud/hls/495485/index10.ts
21:50:48.173 / (ERROR) DOWN: 远程服务器返回错误: (503) 服务器不可用。 https://cdn3.jiuse.cloud/hls/495485/index9.ts
21:50:48.787 / (ERROR) DOWN: 远程服务器返回错误: (503) 服务器不可用。 https://cdn3.jiuse.cloud/hls/495485/index16.ts
21:50:48.806 / (ERROR) DOWN: AUTO RETRY 2/3 https://cdn3.jiuse.cloud/hls/495485/index4.ts
21:50:49.040 / (ERROR) DOWN: AUTO RETRY 1/3 https://cdn3.jiuse.cloud/hls/495485/index15.ts
21:50:49.072 / (ERROR) DOWN: AUTO RETRY 2/3 https://cdn3.jiuse.cloud/hls/495485/index10.ts
21:50:49.180 / (ERROR) DOWN: AUTO RETRY 2/3 https://cdn3.jiuse.cloud/hls/495485/index9.ts
21:50:49.800 / (ERROR) DOWN: AUTO RETRY 1/3 https://cdn3.jiuse.cloud/hls/495485/index16.ts
21:50:50.514 / (ERROR) DOWN: 远程服务器返回错误: (503) 服务器不可用。 https://cdn3.jiuse.cloud/hls/495485/index10.ts
21:50:50.570 / (ERROR) DOWN: 远程服务器返回错误: (503) 服务器不可用。 https://cdn3.jiuse.cloud/hls/495485/index18.ts
21:50:50.616 / (ERROR) DOWN: 远程服务器返回错误: (503) 服务器不可用。 https://cdn3.jiuse.cloud/hls/495485/index9.ts
21:50:50.858 / (ERROR) DOWN: 远程服务器返回错误: (503) 服务器不可用。 https://cdn3.jiuse.cloud/hls/495485/index19.ts
21:50:50.956 / (ERROR) DOWN: 远程服务器返回错误: (503) 服务器不可用。 https://cdn3.jiuse.cloud/hls/495485/index12.ts
21:50:50.969 / (ERROR) DOWN: 远程服务器返回错误: (503) 服务器不可用。 https://cdn3.jiuse.cloud/hls/495485/index20.ts
21:50:51.526 / (ERROR) DOWN: AUTO RETRY 3/3 https://cdn3.jiuse.cloud/hls/495485/index10.ts
21:50:51.550 / (ERROR) DOWN: 远程服务器返回错误: (503) 服务器不可用。 https://cdn3.jiuse.cloud/hls/495485/index21.ts
21:50:51.572 / (ERROR) DOWN: AUTO RETRY 1/3 https://cdn3.jiuse.cloud/hls/495485/index18.ts
21:50:51.600 / (ERROR) DOWN: 远程服务器返回错误: (503) 服务器不可用。 https://cdn3.jiuse.cloud/hls/495485/index15.ts
21:50:51.619 / (ERROR) DOWN: AUTO RETRY 3/3 https://cdn3.jiuse.cloud/hls/495485/index9.ts
21:50:51.867 / (ERROR) DOWN: AUTO RETRY 1/3 https://cdn3.jiuse.cloud/hls/495485/index19.ts
21:50:51.958 / (ERROR) DOWN: AUTO RETRY 1/3 https://cdn3.jiuse.cloud/hls/495485/index12.ts
21:50:51.974 / (ERROR) DOWN: AUTO RETRY 1/3 https://cdn3.jiuse.cloud/hls/495485/index20.ts
21:50:52.565 / (ERROR) DOWN: AUTO RETRY 1/3 https://cdn3.jiuse.cloud/hls/495485/index21.ts
21:50:52.611 / (ERROR) DOWN: AUTO RETRY 2/3 https://cdn3.jiuse.cloud/hls/495485/index15.ts
21:50:53.019 / (ERROR) DOWN: 远程服务器返回错误: (503) 服务器不可用。 https://cdn3.jiuse.cloud/hls/495485/index9.ts
21:50:53.272 / (ERROR) DOWN: 远程服务器返回错误: (503) 服务器不可用。 https://cdn3.jiuse.cloud/hls/495485/index19.ts
21:50:53.604 / (ERROR) DOWN: 远程服务器返回错误: (503) 服务器不可用。 https://cdn3.jiuse.cloud/hls/495485/index20.ts
21:50:53.983 / (ERROR) DOWN: 远程服务器返回错误: (503) 服务器不可用。 https://cdn3.jiuse.cloud/hls/495485/index15.ts
21:50:54.169 / (ERROR) DOWN: 远程服务器返回错误: (503) 服务器不可用。 https://cdn3.jiuse.cloud/hls/495485/index21.ts
21:50:54.287 / (ERROR) DOWN: AUTO RETRY 2/3 https://cdn3.jiuse.cloud/hls/495485/index19.ts
21:50:54.612 / (ERROR) DOWN: AUTO RETRY 2/3 https://cdn3.jiuse.cloud/hls/495485/index20.ts
21:50:54.990 / (ERROR) DOWN: AUTO RETRY 3/3 https://cdn3.jiuse.cloud/hls/495485/index15.ts
21:50:55.176 / (ERROR) DOWN: AUTO RETRY 2/3 https://cdn3.jiuse.cloud/hls/495485/index21.ts
21:50:56.363 / (ERROR) DOWN: 远程服务器返回错误: (503) 服务器不可用。 https://cdn3.jiuse.cloud/hls/495485/index15.ts
21:50:56.569 / (ERROR) DOWN: 远程服务器返回错误: (503) 服务器不可用。 https://cdn3.jiuse.cloud/hls/495485/index21.ts
21:50:57.577 / (ERROR) DOWN: AUTO RETRY 3/3 https://cdn3.jiuse.cloud/hls/495485/index21.ts
21:51:03.153 / (NORMAL) 完成数量 20 of 22
21:51:03.155 / (NORMAL) 重试次数 1 / 15
21:51:06.168 / (NORMAL) 开始下载文件
21:51:11.211 / (NORMAL) 开始合并分片...
21:51:11.422 / (NORMAL) 结果输出至 [ffreport.log]
21:51:11.423 / (NORMAL) 任务结束

Task End: 2023/02/27 21:51:11
File: D:\java\GitHub\pornMagnetSpringBoot\Downloads\东北淫荡熟女人妻偷情高潮嚎叫.mp4


