LOG 2023/02/26
Save Path: D:\java\GitHub\pornMagnetSpringBoot\jiuse911Modeul\Logs
Task Start: 2023/02/26 18:19:30
Task CommandLine: D:\java\GitHub\pornMagnetSpringBoot\jiuse911Modeul\N_m3u8DL-CLI_v3.0.2.exe https://cdn3.jiuse.cloud/hls/771136/index.m3u8?t=1677408569&m=-6Lj3sm79whQxqsZ09NQqA --saveName “你不要射里面了，会怀孕的！！”娇喘的被操【看简介同城免费约炮】

18:19:30.602 / (NORMAL) 开始解析 https://cdn3.jiuse.cloud/hls/771136/index.m3u8?t=1677408569&m=-6Lj3sm79whQxqsZ09NQqA
18:19:32.827 / (NORMAL) 写出meta.json
18:19:32.888 / (NORMAL) 开始下载文件
18:19:34.150 / (NORMAL) 读取文件信息...
18:19:34.266 / (NORMAL) PID 0x100: Video h264, yuv420p(progressive), 600x336 [SAR 224:225 DAR 16:9], 30 fps, 30 tbr, 90k tbn, 60 tbc
18:19:34.267 / (NORMAL) PID 0x101: Audio aac, 44100 Hz, stereo, fltp, 4 kb/s
18:19:35.644 / (ERROR) DOWN: 远程服务器返回错误: (503) 服务器不可用。 https://cdn3.jiuse.cloud/hls/771136/index41.ts
18:19:35.693 / (ERROR) DOWN: 远程服务器返回错误: (503) 服务器不可用。 https://cdn3.jiuse.cloud/hls/771136/index6.ts
18:19:36.039 / (ERROR) DOWN: 远程服务器返回错误: (503) 服务器不可用。 https://cdn3.jiuse.cloud/hls/771136/index1.ts
18:19:36.239 / (ERROR) DOWN: 远程服务器返回错误: (503) 服务器不可用。 https://cdn3.jiuse.cloud/hls/771136/index46.ts
18:19:36.652 / (ERROR) DOWN: AUTO RETRY 1/3 https://cdn3.jiuse.cloud/hls/771136/index41.ts
18:19:36.697 / (ERROR) DOWN: AUTO RETRY 1/3 https://cdn3.jiuse.cloud/hls/771136/index6.ts
18:19:37.053 / (ERROR) DOWN: AUTO RETRY 1/3 https://cdn3.jiuse.cloud/hls/771136/index1.ts
18:19:37.252 / (ERROR) DOWN: AUTO RETRY 1/3 https://cdn3.jiuse.cloud/hls/771136/index46.ts
18:19:37.815 / (ERROR) DOWN: 远程服务器返回错误: (503) 服务器不可用。 https://cdn3.jiuse.cloud/hls/771136/index56.ts
18:19:37.846 / (ERROR) DOWN: 远程服务器返回错误: (503) 服务器不可用。 https://cdn3.jiuse.cloud/hls/771136/index6.ts
18:19:37.999 / (ERROR) DOWN: 远程服务器返回错误: (503) 服务器不可用。 https://cdn3.jiuse.cloud/hls/771136/index41.ts
18:19:38.122 / (ERROR) DOWN: 远程服务器返回错误: (503) 服务器不可用。 https://cdn3.jiuse.cloud/hls/771136/index17.ts
18:19:38.209 / (ERROR) DOWN: 远程服务器返回错误: (503) 服务器不可用。 https://cdn3.jiuse.cloud/hls/771136/index1.ts
18:19:38.822 / (ERROR) DOWN: AUTO RETRY 1/3 https://cdn3.jiuse.cloud/hls/771136/index56.ts
18:19:38.827 / (ERROR) DOWN: 远程服务器返回错误: (503) 服务器不可用。 https://cdn3.jiuse.cloud/hls/771136/index61.ts
18:19:38.853 / (ERROR) DOWN: AUTO RETRY 2/3 https://cdn3.jiuse.cloud/hls/771136/index6.ts
18:19:39.008 / (ERROR) DOWN: AUTO RETRY 2/3 https://cdn3.jiuse.cloud/hls/771136/index41.ts
18:19:39.134 / (ERROR) DOWN: AUTO RETRY 1/3 https://cdn3.jiuse.cloud/hls/771136/index17.ts
18:19:39.212 / (ERROR) DOWN: AUTO RETRY 2/3 https://cdn3.jiuse.cloud/hls/771136/index1.ts
18:19:39.740 / (ERROR) DOWN: 远程服务器返回错误: (503) 服务器不可用。 https://cdn3.jiuse.cloud/hls/771136/index56.ts
18:19:39.766 / (ERROR) DOWN: 远程服务器返回错误: (503) 服务器不可用。 https://cdn3.jiuse.cloud/hls/771136/index6.ts
18:19:39.833 / (ERROR) DOWN: AUTO RETRY 1/3 https://cdn3.jiuse.cloud/hls/771136/index61.ts
18:19:40.041 / (ERROR) DOWN: 远程服务器返回错误: (503) 服务器不可用。 https://cdn3.jiuse.cloud/hls/771136/index17.ts
18:19:40.343 / (ERROR) DOWN: 远程服务器返回错误: (503) 服务器不可用。 https://cdn3.jiuse.cloud/hls/771136/index41.ts
18:19:40.356 / (ERROR) DOWN: 远程服务器返回错误: (503) 服务器不可用。 https://cdn3.jiuse.cloud/hls/771136/index1.ts
18:19:40.752 / (ERROR) DOWN: AUTO RETRY 2/3 https://cdn3.jiuse.cloud/hls/771136/index56.ts
18:19:40.768 / (ERROR) DOWN: AUTO RETRY 3/3 https://cdn3.jiuse.cloud/hls/771136/index6.ts
18:19:41.047 / (ERROR) DOWN: AUTO RETRY 2/3 https://cdn3.jiuse.cloud/hls/771136/index17.ts
18:19:41.052 / (ERROR) DOWN: 远程服务器返回错误: (503) 服务器不可用。 https://cdn3.jiuse.cloud/hls/771136/index66.ts
18:19:41.357 / (ERROR) DOWN: AUTO RETRY 3/3 https://cdn3.jiuse.cloud/hls/771136/index41.ts
18:19:41.372 / (ERROR) DOWN: AUTO RETRY 3/3 https://cdn3.jiuse.cloud/hls/771136/index1.ts
18:19:41.402 / (ERROR) DOWN: 远程服务器返回错误: (503) 服务器不可用。 https://cdn3.jiuse.cloud/hls/771136/index61.ts
18:19:41.970 / (ERROR) DOWN: 远程服务器返回错误: (503) 服务器不可用。 https://cdn3.jiuse.cloud/hls/771136/index17.ts
18:19:42.060 / (ERROR) DOWN: AUTO RETRY 1/3 https://cdn3.jiuse.cloud/hls/771136/index66.ts
18:19:42.097 / (ERROR) DOWN: 远程服务器返回错误: (503) 服务器不可用。 https://cdn3.jiuse.cloud/hls/771136/index56.ts
18:19:42.230 / (ERROR) DOWN: 远程服务器返回错误: (503) 服务器不可用。 https://cdn3.jiuse.cloud/hls/771136/index71.ts
18:19:42.311 / (ERROR) DOWN: 远程服务器返回错误: (503) 服务器不可用。 https://cdn3.jiuse.cloud/hls/771136/index6.ts
18:19:42.418 / (ERROR) DOWN: AUTO RETRY 2/3 https://cdn3.jiuse.cloud/hls/771136/index61.ts
18:19:42.552 / (ERROR) DOWN: 远程服务器返回错误: (503) 服务器不可用。 https://cdn3.jiuse.cloud/hls/771136/index1.ts
18:19:42.624 / (ERROR) DOWN: 远程服务器返回错误: (503) 服务器不可用。 https://cdn3.jiuse.cloud/hls/771136/index41.ts
18:19:42.980 / (ERROR) DOWN: AUTO RETRY 3/3 https://cdn3.jiuse.cloud/hls/771136/index17.ts
18:19:42.997 / (ERROR) DOWN: 远程服务器返回错误: (503) 服务器不可用。 https://cdn3.jiuse.cloud/hls/771136/index66.ts
18:19:43.051 / (ERROR) DOWN: 远程服务器返回错误: (503) 服务器不可用。 https://cdn3.jiuse.cloud/hls/771136/index76.ts
18:19:43.106 / (ERROR) DOWN: AUTO RETRY 3/3 https://cdn3.jiuse.cloud/hls/771136/index56.ts
18:19:43.245 / (ERROR) DOWN: AUTO RETRY 1/3 https://cdn3.jiuse.cloud/hls/771136/index71.ts
18:19:43.684 / (ERROR) DOWN: 远程服务器返回错误: (503) 服务器不可用。 https://cdn3.jiuse.cloud/hls/771136/index7.ts
18:19:43.853 / (ERROR) DOWN: 远程服务器返回错误: (503) 服务器不可用。 https://cdn3.jiuse.cloud/hls/771136/index61.ts
18:19:43.893 / (ERROR) DOWN: 远程服务器返回错误: (503) 服务器不可用。 https://cdn3.jiuse.cloud/hls/771136/index2.ts
18:19:44.002 / (ERROR) DOWN: AUTO RETRY 2/3 https://cdn3.jiuse.cloud/hls/771136/index66.ts
18:19:44.065 / (ERROR) DOWN: AUTO RETRY 1/3 https://cdn3.jiuse.cloud/hls/771136/index76.ts
18:19:44.078 / (ERROR) DOWN: 远程服务器返回错误: (503) 服务器不可用。 https://cdn3.jiuse.cloud/hls/771136/index42.ts
18:19:44.527 / (ERROR) DOWN: 远程服务器返回错误: (503) 服务器不可用。 https://cdn3.jiuse.cloud/hls/771136/index17.ts
18:19:44.700 / (ERROR) DOWN: AUTO RETRY 1/3 https://cdn3.jiuse.cloud/hls/771136/index7.ts
18:19:44.795 / (ERROR) DOWN: 远程服务器返回错误: (503) 服务器不可用。 https://cdn3.jiuse.cloud/hls/771136/index56.ts
18:19:44.816 / (ERROR) DOWN: 远程服务器返回错误: (503) 服务器不可用。 https://cdn3.jiuse.cloud/hls/771136/index52.ts
18:19:44.856 / (ERROR) DOWN: AUTO RETRY 3/3 https://cdn3.jiuse.cloud/hls/771136/index61.ts
18:19:44.903 / (ERROR) DOWN: AUTO RETRY 1/3 https://cdn3.jiuse.cloud/hls/771136/index2.ts
18:19:44.993 / (ERROR) DOWN: 远程服务器返回错误: (503) 服务器不可用。 https://cdn3.jiuse.cloud/hls/771136/index76.ts
18:19:45.007 / (ERROR) DOWN: 远程服务器返回错误: (503) 服务器不可用。 https://cdn3.jiuse.cloud/hls/771136/index66.ts
18:19:45.089 / (ERROR) DOWN: AUTO RETRY 1/3 https://cdn3.jiuse.cloud/hls/771136/index42.ts
18:19:45.617 / (ERROR) DOWN: 远程服务器返回错误: (503) 服务器不可用。 https://cdn3.jiuse.cloud/hls/771136/index7.ts
18:19:45.773 / (ERROR) DOWN: 远程服务器返回错误: (503) 服务器不可用。 https://cdn3.jiuse.cloud/hls/771136/index61.ts
18:19:45.820 / (ERROR) DOWN: AUTO RETRY 1/3 https://cdn3.jiuse.cloud/hls/771136/index52.ts
18:19:45.862 / (ERROR) DOWN: 远程服务器返回错误: (503) 服务器不可用。 https://cdn3.jiuse.cloud/hls/771136/index47.ts
18:19:45.997 / (ERROR) DOWN: 远程服务器返回错误: (503) 服务器不可用。 https://cdn3.jiuse.cloud/hls/771136/index42.ts
18:19:46.007 / (ERROR) DOWN: AUTO RETRY 2/3 https://cdn3.jiuse.cloud/hls/771136/index76.ts
18:19:46.022 / (ERROR) DOWN: AUTO RETRY 3/3 https://cdn3.jiuse.cloud/hls/771136/index66.ts
18:19:46.061 / (ERROR) DOWN: 远程服务器返回错误: (503) 服务器不可用。 https://cdn3.jiuse.cloud/hls/771136/index2.ts
18:19:46.063 / (ERROR) DOWN: 远程服务器返回错误: (503) 服务器不可用。 https://cdn3.jiuse.cloud/hls/771136/index33.ts
18:19:46.155 / (ERROR) DOWN: 远程服务器返回错误: (503) 服务器不可用。 https://cdn3.jiuse.cloud/hls/771136/index57.ts
18:19:46.630 / (ERROR) DOWN: AUTO RETRY 2/3 https://cdn3.jiuse.cloud/hls/771136/index7.ts
18:19:46.865 / (ERROR) DOWN: AUTO RETRY 1/3 https://cdn3.jiuse.cloud/hls/771136/index47.ts
18:19:46.937 / (ERROR) DOWN: 远程服务器返回错误: (503) 服务器不可用。 https://cdn3.jiuse.cloud/hls/771136/index76.ts
18:19:47.004 / (ERROR) DOWN: AUTO RETRY 2/3 https://cdn3.jiuse.cloud/hls/771136/index42.ts
18:19:47.066 / (ERROR) DOWN: AUTO RETRY 2/3 https://cdn3.jiuse.cloud/hls/771136/index2.ts
18:19:47.067 / (ERROR) DOWN: AUTO RETRY 1/3 https://cdn3.jiuse.cloud/hls/771136/index33.ts
18:19:47.158 / (ERROR) DOWN: AUTO RETRY 1/3 https://cdn3.jiuse.cloud/hls/771136/index57.ts
18:19:47.187 / (ERROR) DOWN: 远程服务器返回错误: (503) 服务器不可用。 https://cdn3.jiuse.cloud/hls/771136/index52.ts
18:19:47.204 / (ERROR) DOWN: 远程服务器返回错误: (503) 服务器不可用。 https://cdn3.jiuse.cloud/hls/771136/index66.ts
18:19:47.898 / (ERROR) DOWN: 远程服务器返回错误: (503) 服务器不可用。 https://cdn3.jiuse.cloud/hls/771136/index7.ts
18:19:47.949 / (ERROR) DOWN: AUTO RETRY 3/3 https://cdn3.jiuse.cloud/hls/771136/index76.ts
18:19:48.046 / (ERROR) DOWN: 远程服务器返回错误: (503) 服务器不可用。 https://cdn3.jiuse.cloud/hls/771136/index33.ts
18:19:48.165 / (ERROR) DOWN: 远程服务器返回错误: (503) 服务器不可用。 https://cdn3.jiuse.cloud/hls/771136/index57.ts
18:19:48.185 / (ERROR) DOWN: 远程服务器返回错误: (503) 服务器不可用。 https://cdn3.jiuse.cloud/hls/771136/index47.ts
18:19:48.198 / (ERROR) DOWN: AUTO RETRY 2/3 https://cdn3.jiuse.cloud/hls/771136/index52.ts
18:19:48.239 / (ERROR) DOWN: 远程服务器返回错误: (503) 服务器不可用。 https://cdn3.jiuse.cloud/hls/771136/index42.ts
18:19:48.577 / (ERROR) DOWN: 远程服务器返回错误: (503) 服务器不可用。 https://cdn3.jiuse.cloud/hls/771136/index67.ts
18:19:48.681 / (ERROR) DOWN: 远程服务器返回错误: (503) 服务器不可用。 https://cdn3.jiuse.cloud/hls/771136/index2.ts
18:19:48.896 / (ERROR) DOWN: 远程服务器返回错误: (503) 服务器不可用。 https://cdn3.jiuse.cloud/hls/771136/index76.ts
18:19:48.913 / (ERROR) DOWN: AUTO RETRY 3/3 https://cdn3.jiuse.cloud/hls/771136/index7.ts
18:19:49.053 / (ERROR) DOWN: AUTO RETRY 2/3 https://cdn3.jiuse.cloud/hls/771136/index33.ts
18:19:49.176 / (ERROR) DOWN: AUTO RETRY 2/3 https://cdn3.jiuse.cloud/hls/771136/index57.ts
18:19:49.192 / (ERROR) DOWN: AUTO RETRY 2/3 https://cdn3.jiuse.cloud/hls/771136/index47.ts
18:19:49.253 / (ERROR) DOWN: AUTO RETRY 3/3 https://cdn3.jiuse.cloud/hls/771136/index42.ts
18:19:49.593 / (ERROR) DOWN: AUTO RETRY 1/3 https://cdn3.jiuse.cloud/hls/771136/index67.ts
18:19:49.686 / (ERROR) DOWN: AUTO RETRY 3/3 https://cdn3.jiuse.cloud/hls/771136/index2.ts
18:19:49.863 / (ERROR) DOWN: 远程服务器返回错误: (503) 服务器不可用。 https://cdn3.jiuse.cloud/hls/771136/index38.ts
18:19:50.060 / (ERROR) DOWN: 远程服务器返回错误: (503) 服务器不可用。 https://cdn3.jiuse.cloud/hls/771136/index77.ts
18:19:50.134 / (ERROR) DOWN: 远程服务器返回错误: (503) 服务器不可用。 https://cdn3.jiuse.cloud/hls/771136/index47.ts
18:19:50.134 / (ERROR) DOWN: 远程服务器返回错误: (503) 服务器不可用。 https://cdn3.jiuse.cloud/hls/771136/index24.ts
18:19:50.173 / (ERROR) DOWN: 远程服务器返回错误: (503) 服务器不可用。 https://cdn3.jiuse.cloud/hls/771136/index42.ts
18:19:50.239 / (ERROR) DOWN: 远程服务器返回错误: (503) 服务器不可用。 https://cdn3.jiuse.cloud/hls/771136/index7.ts
18:19:50.745 / (ERROR) DOWN: 远程服务器返回错误: (503) 服务器不可用。 https://cdn3.jiuse.cloud/hls/771136/index57.ts
18:19:50.877 / (ERROR) DOWN: AUTO RETRY 1/3 https://cdn3.jiuse.cloud/hls/771136/index38.ts
18:19:50.995 / (ERROR) DOWN: 远程服务器返回错误: (503) 服务器不可用。 https://cdn3.jiuse.cloud/hls/771136/index67.ts
18:19:51.064 / (ERROR) DOWN: AUTO RETRY 1/3 https://cdn3.jiuse.cloud/hls/771136/index77.ts
18:19:51.141 / (ERROR) DOWN: AUTO RETRY 3/3 https://cdn3.jiuse.cloud/hls/771136/index47.ts
18:19:51.141 / (ERROR) DOWN: AUTO RETRY 1/3 https://cdn3.jiuse.cloud/hls/771136/index24.ts
18:19:51.147 / (ERROR) DOWN: 远程服务器返回错误: (503) 服务器不可用。 https://cdn3.jiuse.cloud/hls/771136/index8.ts
18:19:51.310 / (ERROR) DOWN: 远程服务器返回错误: (503) 服务器不可用。 https://cdn3.jiuse.cloud/hls/771136/index2.ts
18:19:51.761 / (ERROR) DOWN: AUTO RETRY 3/3 https://cdn3.jiuse.cloud/hls/771136/index57.ts
18:19:52.007 / (ERROR) DOWN: AUTO RETRY 2/3 https://cdn3.jiuse.cloud/hls/771136/index67.ts
18:19:52.039 / (ERROR) DOWN: 远程服务器返回错误: (503) 服务器不可用。 https://cdn3.jiuse.cloud/hls/771136/index19.ts
18:19:52.094 / (ERROR) DOWN: 远程服务器返回错误: (503) 服务器不可用。 https://cdn3.jiuse.cloud/hls/771136/index47.ts
18:19:52.160 / (ERROR) DOWN: AUTO RETRY 1/3 https://cdn3.jiuse.cloud/hls/771136/index8.ts
18:19:52.181 / (ERROR) DOWN: 远程服务器返回错误: (503) 服务器不可用。 https://cdn3.jiuse.cloud/hls/771136/index24.ts
18:19:52.238 / (ERROR) DOWN: 远程服务器返回错误: (503) 服务器不可用。 https://cdn3.jiuse.cloud/hls/771136/index72.ts
18:19:52.469 / (ERROR) DOWN: 远程服务器返回错误: (503) 服务器不可用。 https://cdn3.jiuse.cloud/hls/771136/index3.ts
18:19:52.619 / (ERROR) DOWN: 远程服务器返回错误: (503) 服务器不可用。 https://cdn3.jiuse.cloud/hls/771136/index77.ts
18:19:52.669 / (ERROR) DOWN: 远程服务器返回错误: (503) 服务器不可用。 https://cdn3.jiuse.cloud/hls/771136/index57.ts
18:19:53.048 / (ERROR) DOWN: AUTO RETRY 1/3 https://cdn3.jiuse.cloud/hls/771136/index19.ts
18:19:53.079 / (ERROR) DOWN: 远程服务器返回错误: (503) 服务器不可用。 https://cdn3.jiuse.cloud/hls/771136/index8.ts
18:19:53.082 / (ERROR) DOWN: 远程服务器返回错误: (503) 服务器不可用。 https://cdn3.jiuse.cloud/hls/771136/index63.ts
18:19:53.187 / (ERROR) DOWN: AUTO RETRY 2/3 https://cdn3.jiuse.cloud/hls/771136/index24.ts
18:19:53.238 / (ERROR) DOWN: 远程服务器返回错误: (503) 服务器不可用。 https://cdn3.jiuse.cloud/hls/771136/index48.ts
18:19:53.249 / (ERROR) DOWN: AUTO RETRY 1/3 https://cdn3.jiuse.cloud/hls/771136/index72.ts
18:19:53.485 / (ERROR) DOWN: AUTO RETRY 1/3 https://cdn3.jiuse.cloud/hls/771136/index3.ts
18:19:53.606 / (ERROR) DOWN: 远程服务器返回错误: (503) 服务器不可用。 https://cdn3.jiuse.cloud/hls/771136/index58.ts
18:19:53.626 / (ERROR) DOWN: AUTO RETRY 2/3 https://cdn3.jiuse.cloud/hls/771136/index77.ts
18:19:54.088 / (ERROR) DOWN: AUTO RETRY 1/3 https://cdn3.jiuse.cloud/hls/771136/index63.ts
18:19:54.089 / (ERROR) DOWN: AUTO RETRY 2/3 https://cdn3.jiuse.cloud/hls/771136/index8.ts
18:19:54.244 / (ERROR) DOWN: AUTO RETRY 1/3 https://cdn3.jiuse.cloud/hls/771136/index48.ts
18:19:54.409 / (ERROR) DOWN: 远程服务器返回错误: (503) 服务器不可用。 https://cdn3.jiuse.cloud/hls/771136/index3.ts
18:19:54.547 / (ERROR) DOWN: 远程服务器返回错误: (503) 服务器不可用。 https://cdn3.jiuse.cloud/hls/771136/index77.ts
18:19:54.617 / (ERROR) DOWN: AUTO RETRY 1/3 https://cdn3.jiuse.cloud/hls/771136/index58.ts
18:19:54.679 / (ERROR) DOWN: 远程服务器返回错误: (503) 服务器不可用。 https://cdn3.jiuse.cloud/hls/771136/index24.ts
18:19:54.927 / (ERROR) DOWN: 远程服务器返回错误: (503) 服务器不可用。 https://cdn3.jiuse.cloud/hls/771136/index14.ts
18:19:54.951 / (ERROR) DOWN: 远程服务器返回错误: (503) 服务器不可用。 https://cdn3.jiuse.cloud/hls/771136/index72.ts
18:19:55.411 / (ERROR) DOWN: AUTO RETRY 2/3 https://cdn3.jiuse.cloud/hls/771136/index3.ts
18:19:55.447 / (ERROR) DOWN: 远程服务器返回错误: (503) 服务器不可用。 https://cdn3.jiuse.cloud/hls/771136/index8.ts
18:19:55.551 / (ERROR) DOWN: AUTO RETRY 3/3 https://cdn3.jiuse.cloud/hls/771136/index77.ts
18:19:55.646 / (ERROR) DOWN: 远程服务器返回错误: (503) 服务器不可用。 https://cdn3.jiuse.cloud/hls/771136/index63.ts
18:19:55.691 / (ERROR) DOWN: AUTO RETRY 3/3 https://cdn3.jiuse.cloud/hls/771136/index24.ts
18:19:55.778 / (ERROR) DOWN: 远程服务器返回错误: (503) 服务器不可用。 https://cdn3.jiuse.cloud/hls/771136/index58.ts
18:19:55.801 / (ERROR) DOWN: 远程服务器返回错误: (503) 服务器不可用。 https://cdn3.jiuse.cloud/hls/771136/index29.ts
18:19:55.939 / (ERROR) DOWN: AUTO RETRY 1/3 https://cdn3.jiuse.cloud/hls/771136/index14.ts
18:19:55.955 / (ERROR) DOWN: AUTO RETRY 2/3 https://cdn3.jiuse.cloud/hls/771136/index72.ts
18:19:56.451 / (ERROR) DOWN: AUTO RETRY 3/3 https://cdn3.jiuse.cloud/hls/771136/index8.ts
18:19:56.560 / (ERROR) DOWN: 远程服务器返回错误: (503) 服务器不可用。 https://cdn3.jiuse.cloud/hls/771136/index3.ts
18:19:56.614 / (ERROR) DOWN: 远程服务器返回错误: (503) 服务器不可用。 https://cdn3.jiuse.cloud/hls/771136/index24.ts
18:19:56.656 / (ERROR) DOWN: AUTO RETRY 2/3 https://cdn3.jiuse.cloud/hls/771136/index63.ts
18:19:56.780 / (ERROR) DOWN: AUTO RETRY 2/3 https://cdn3.jiuse.cloud/hls/771136/index58.ts
18:19:56.811 / (ERROR) DOWN: AUTO RETRY 1/3 https://cdn3.jiuse.cloud/hls/771136/index29.ts
18:19:56.887 / (ERROR) DOWN: 远程服务器返回错误: (503) 服务器不可用。 https://cdn3.jiuse.cloud/hls/771136/index72.ts
18:19:57.362 / (ERROR) DOWN: 远程服务器返回错误: (503) 服务器不可用。 https://cdn3.jiuse.cloud/hls/771136/index8.ts
18:19:57.548 / (ERROR) DOWN: 远程服务器返回错误: (503) 服务器不可用。 https://cdn3.jiuse.cloud/hls/771136/index14.ts
18:19:57.572 / (ERROR) DOWN: AUTO RETRY 3/3 https://cdn3.jiuse.cloud/hls/771136/index3.ts
18:19:57.696 / (ERROR) DOWN: 远程服务器返回错误: (503) 服务器不可用。 https://cdn3.jiuse.cloud/hls/771136/index58.ts
18:19:57.794 / (ERROR) DOWN: 远程服务器返回错误: (503) 服务器不可用。 https://cdn3.jiuse.cloud/hls/771136/index25.ts
18:19:57.897 / (ERROR) DOWN: AUTO RETRY 3/3 https://cdn3.jiuse.cloud/hls/771136/index72.ts
18:19:57.969 / (ERROR) DOWN: 远程服务器返回错误: (503) 服务器不可用。 https://cdn3.jiuse.cloud/hls/771136/index63.ts
18:19:57.989 / (ERROR) DOWN: 远程服务器返回错误: (503) 服务器不可用。 https://cdn3.jiuse.cloud/hls/771136/index77.ts
18:19:58.143 / (ERROR) DOWN: 远程服务器返回错误: (503) 服务器不可用。 https://cdn3.jiuse.cloud/hls/771136/index29.ts
18:19:58.561 / (ERROR) DOWN: AUTO RETRY 2/3 https://cdn3.jiuse.cloud/hls/771136/index14.ts
18:19:58.702 / (ERROR) DOWN: AUTO RETRY 3/3 https://cdn3.jiuse.cloud/hls/771136/index58.ts
18:19:58.809 / (ERROR) DOWN: AUTO RETRY 1/3 https://cdn3.jiuse.cloud/hls/771136/index25.ts
18:19:58.894 / (ERROR) DOWN: 远程服务器返回错误: (503) 服务器不可用。 https://cdn3.jiuse.cloud/hls/771136/index3.ts
18:19:58.895 / (ERROR) DOWN: 远程服务器返回错误: (503) 服务器不可用。 https://cdn3.jiuse.cloud/hls/771136/index78.ts
18:19:58.906 / (ERROR) DOWN: 远程服务器返回错误: (503) 服务器不可用。 https://cdn3.jiuse.cloud/hls/771136/index72.ts
18:19:58.979 / (ERROR) DOWN: AUTO RETRY 3/3 https://cdn3.jiuse.cloud/hls/771136/index63.ts
18:19:58.991 / (ERROR) DOWN: 远程服务器返回错误: (503) 服务器不可用。 https://cdn3.jiuse.cloud/hls/771136/index9.ts
18:19:59.150 / (ERROR) DOWN: AUTO RETRY 2/3 https://cdn3.jiuse.cloud/hls/771136/index29.ts
18:19:59.781 / (ERROR) DOWN: 远程服务器返回错误: (503) 服务器不可用。 https://cdn3.jiuse.cloud/hls/771136/index39.ts
18:19:59.813 / (ERROR) DOWN: 远程服务器返回错误: (503) 服务器不可用。 https://cdn3.jiuse.cloud/hls/771136/index4.ts
18:19:59.816 / (ERROR) DOWN: 远程服务器返回错误: (503) 服务器不可用。 https://cdn3.jiuse.cloud/hls/771136/index73.ts
18:19:59.894 / (ERROR) DOWN: 远程服务器返回错误: (503) 服务器不可用。 https://cdn3.jiuse.cloud/hls/771136/index63.ts
18:19:59.901 / (ERROR) DOWN: AUTO RETRY 1/3 https://cdn3.jiuse.cloud/hls/771136/index78.ts
18:19:59.994 / (ERROR) DOWN: AUTO RETRY 1/3 https://cdn3.jiuse.cloud/hls/771136/index9.ts
18:20:00.038 / (ERROR) DOWN: 远程服务器返回错误: (503) 服务器不可用。 https://cdn3.jiuse.cloud/hls/771136/index58.ts
18:20:00.446 / (ERROR) DOWN: 远程服务器返回错误: (503) 服务器不可用。 https://cdn3.jiuse.cloud/hls/771136/index25.ts
18:20:00.669 / (ERROR) DOWN: 远程服务器返回错误: (503) 服务器不可用。 https://cdn3.jiuse.cloud/hls/771136/index68.ts
18:20:00.782 / (ERROR) DOWN: AUTO RETRY 1/3 https://cdn3.jiuse.cloud/hls/771136/index39.ts
18:20:00.829 / (ERROR) DOWN: AUTO RETRY 1/3 https://cdn3.jiuse.cloud/hls/771136/index73.ts
18:20:00.830 / (ERROR) DOWN: AUTO RETRY 1/3 https://cdn3.jiuse.cloud/hls/771136/index4.ts
18:20:00.958 / (ERROR) DOWN: 远程服务器返回错误: (503) 服务器不可用。 https://cdn3.jiuse.cloud/hls/771136/index59.ts
18:20:01.058 / (ERROR) DOWN: 远程服务器返回错误: (503) 服务器不可用。 https://cdn3.jiuse.cloud/hls/771136/index64.ts
18:20:01.061 / (ERROR) DOWN: 远程服务器返回错误: (503) 服务器不可用。 https://cdn3.jiuse.cloud/hls/771136/index78.ts
18:20:01.450 / (ERROR) DOWN: AUTO RETRY 2/3 https://cdn3.jiuse.cloud/hls/771136/index25.ts
18:20:01.591 / (ERROR) DOWN: 远程服务器返回错误: (503) 服务器不可用。 https://cdn3.jiuse.cloud/hls/771136/index20.ts
18:20:01.681 / (ERROR) DOWN: AUTO RETRY 1/3 https://cdn3.jiuse.cloud/hls/771136/index68.ts
18:20:01.960 / (ERROR) DOWN: AUTO RETRY 1/3 https://cdn3.jiuse.cloud/hls/771136/index59.ts
18:20:01.985 / (ERROR) DOWN: 远程服务器返回错误: (503) 服务器不可用。 https://cdn3.jiuse.cloud/hls/771136/index4.ts
18:20:02.068 / (ERROR) DOWN: AUTO RETRY 2/3 https://cdn3.jiuse.cloud/hls/771136/index78.ts
18:20:02.069 / (ERROR) DOWN: AUTO RETRY 1/3 https://cdn3.jiuse.cloud/hls/771136/index64.ts
18:20:02.151 / (ERROR) DOWN: 远程服务器返回错误: (503) 服务器不可用。 https://cdn3.jiuse.cloud/hls/771136/index73.ts
18:20:02.161 / (ERROR) DOWN: 远程服务器返回错误: (503) 服务器不可用。 https://cdn3.jiuse.cloud/hls/771136/index39.ts
18:20:02.597 / (ERROR) DOWN: AUTO RETRY 1/3 https://cdn3.jiuse.cloud/hls/771136/index20.ts
18:20:03.001 / (ERROR) DOWN: AUTO RETRY 2/3 https://cdn3.jiuse.cloud/hls/771136/index4.ts
18:20:03.084 / (ERROR) DOWN: 远程服务器返回错误: (503) 服务器不可用。 https://cdn3.jiuse.cloud/hls/771136/index68.ts
18:20:03.155 / (ERROR) DOWN: AUTO RETRY 2/3 https://cdn3.jiuse.cloud/hls/771136/index73.ts
18:20:03.170 / (ERROR) DOWN: AUTO RETRY 2/3 https://cdn3.jiuse.cloud/hls/771136/index39.ts
18:20:03.219 / (ERROR) DOWN: 远程服务器返回错误: (503) 服务器不可用。 https://cdn3.jiuse.cloud/hls/771136/index49.ts
18:20:03.597 / (ERROR) DOWN: 远程服务器返回错误: (503) 服务器不可用。 https://cdn3.jiuse.cloud/hls/771136/index59.ts
18:20:03.657 / (ERROR) DOWN: 远程服务器返回错误: (503) 服务器不可用。 https://cdn3.jiuse.cloud/hls/771136/index78.ts
18:20:03.918 / (ERROR) DOWN: 远程服务器返回错误: (503) 服务器不可用。 https://cdn3.jiuse.cloud/hls/771136/index4.ts
18:20:04.025 / (ERROR) DOWN: 远程服务器返回错误: (503) 服务器不可用。 https://cdn3.jiuse.cloud/hls/771136/index20.ts
18:20:04.075 / (ERROR) DOWN: 远程服务器返回错误: (503) 服务器不可用。 https://cdn3.jiuse.cloud/hls/771136/index73.ts
18:20:04.090 / (ERROR) DOWN: AUTO RETRY 2/3 https://cdn3.jiuse.cloud/hls/771136/index68.ts
18:20:04.227 / (ERROR) DOWN: AUTO RETRY 1/3 https://cdn3.jiuse.cloud/hls/771136/index49.ts
18:20:04.494 / (ERROR) DOWN: 远程服务器返回错误: (503) 服务器不可用。 https://cdn3.jiuse.cloud/hls/771136/index35.ts
18:20:04.571 / (ERROR) DOWN: 远程服务器返回错误: (503) 服务器不可用。 https://cdn3.jiuse.cloud/hls/771136/index39.ts
18:20:04.613 / (ERROR) DOWN: AUTO RETRY 2/3 https://cdn3.jiuse.cloud/hls/771136/index59.ts
18:20:04.659 / (ERROR) DOWN: AUTO RETRY 3/3 https://cdn3.jiuse.cloud/hls/771136/index78.ts
18:20:04.922 / (ERROR) DOWN: AUTO RETRY 3/3 https://cdn3.jiuse.cloud/hls/771136/index4.ts
18:20:05.030 / (ERROR) DOWN: AUTO RETRY 2/3 https://cdn3.jiuse.cloud/hls/771136/index20.ts
18:20:05.049 / (ERROR) DOWN: 远程服务器返回错误: (503) 服务器不可用。 https://cdn3.jiuse.cloud/hls/771136/index68.ts
18:20:05.077 / (ERROR) DOWN: AUTO RETRY 3/3 https://cdn3.jiuse.cloud/hls/771136/index73.ts
18:20:05.136 / (ERROR) DOWN: 远程服务器返回错误: (503) 服务器不可用。 https://cdn3.jiuse.cloud/hls/771136/index49.ts
18:20:05.511 / (ERROR) DOWN: AUTO RETRY 1/3 https://cdn3.jiuse.cloud/hls/771136/index35.ts
18:20:05.573 / (ERROR) DOWN: AUTO RETRY 3/3 https://cdn3.jiuse.cloud/hls/771136/index39.ts
18:20:05.811 / (ERROR) DOWN: 远程服务器返回错误: (503) 服务器不可用。 https://cdn3.jiuse.cloud/hls/771136/index78.ts
18:20:05.970 / (ERROR) DOWN: 远程服务器返回错误: (503) 服务器不可用。 https://cdn3.jiuse.cloud/hls/771136/index59.ts
18:20:05.998 / (ERROR) DOWN: 远程服务器返回错误: (503) 服务器不可用。 https://cdn3.jiuse.cloud/hls/771136/index73.ts
18:20:06.056 / (ERROR) DOWN: AUTO RETRY 3/3 https://cdn3.jiuse.cloud/hls/771136/index68.ts
18:20:06.150 / (ERROR) DOWN: AUTO RETRY 2/3 https://cdn3.jiuse.cloud/hls/771136/index49.ts
18:20:06.528 / (ERROR) DOWN: 远程服务器返回错误: (503) 服务器不可用。 https://cdn3.jiuse.cloud/hls/771136/index4.ts
18:20:06.854 / (ERROR) DOWN: 远程服务器返回错误: (503) 服务器不可用。 https://cdn3.jiuse.cloud/hls/771136/index35.ts
18:20:06.922 / (ERROR) DOWN: 远程服务器返回错误: (503) 服务器不可用。 https://cdn3.jiuse.cloud/hls/771136/index74.ts
18:20:06.972 / (ERROR) DOWN: AUTO RETRY 3/3 https://cdn3.jiuse.cloud/hls/771136/index59.ts
18:20:07.015 / (ERROR) DOWN: 远程服务器返回错误: (503) 服务器不可用。 https://cdn3.jiuse.cloud/hls/771136/index68.ts
18:20:07.062 / (ERROR) DOWN: 远程服务器返回错误: (503) 服务器不可用。 https://cdn3.jiuse.cloud/hls/771136/index15.ts
18:20:07.137 / (ERROR) DOWN: 远程服务器返回错误: (503) 服务器不可用。 https://cdn3.jiuse.cloud/hls/771136/index79.ts
18:20:07.151 / (ERROR) DOWN: 远程服务器返回错误: (503) 服务器不可用。 https://cdn3.jiuse.cloud/hls/771136/index39.ts
18:20:07.618 / (ERROR) DOWN: 远程服务器返回错误: (503) 服务器不可用。 https://cdn3.jiuse.cloud/hls/771136/index30.ts
18:20:07.864 / (ERROR) DOWN: AUTO RETRY 2/3 https://cdn3.jiuse.cloud/hls/771136/index35.ts
18:20:07.926 / (ERROR) DOWN: AUTO RETRY 1/3 https://cdn3.jiuse.cloud/hls/771136/index74.ts
18:20:07.937 / (ERROR) DOWN: 远程服务器返回错误: (503) 服务器不可用。 https://cdn3.jiuse.cloud/hls/771136/index69.ts
18:20:08.065 / (ERROR) DOWN: AUTO RETRY 1/3 https://cdn3.jiuse.cloud/hls/771136/index15.ts
18:20:08.143 / (ERROR) DOWN: AUTO RETRY 1/3 https://cdn3.jiuse.cloud/hls/771136/index79.ts
18:20:08.144 / (ERROR) DOWN: 远程服务器返回错误: (503) 服务器不可用。 https://cdn3.jiuse.cloud/hls/771136/index10.ts
18:20:08.455 / (ERROR) DOWN: 远程服务器返回错误: (503) 服务器不可用。 https://cdn3.jiuse.cloud/hls/771136/index49.ts
18:20:08.541 / (ERROR) DOWN: 远程服务器返回错误: (503) 服务器不可用。 https://cdn3.jiuse.cloud/hls/771136/index40.ts
18:20:08.625 / (ERROR) DOWN: AUTO RETRY 1/3 https://cdn3.jiuse.cloud/hls/771136/index30.ts
18:20:08.780 / (ERROR) DOWN: 远程服务器返回错误: (503) 服务器不可用。 https://cdn3.jiuse.cloud/hls/771136/index35.ts
18:20:08.839 / (ERROR) DOWN: 远程服务器返回错误: (503) 服务器不可用。 https://cdn3.jiuse.cloud/hls/771136/index74.ts
18:20:08.950 / (ERROR) DOWN: AUTO RETRY 1/3 https://cdn3.jiuse.cloud/hls/771136/index69.ts
18:20:08.974 / (ERROR) DOWN: 远程服务器返回错误: (503) 服务器不可用。 https://cdn3.jiuse.cloud/hls/771136/index15.ts
18:20:09.075 / (ERROR) DOWN: 远程服务器返回错误: (503) 服务器不可用。 https://cdn3.jiuse.cloud/hls/771136/index79.ts
18:20:09.152 / (ERROR) DOWN: AUTO RETRY 1/3 https://cdn3.jiuse.cloud/hls/771136/index10.ts
18:20:09.464 / (ERROR) DOWN: AUTO RETRY 3/3 https://cdn3.jiuse.cloud/hls/771136/index49.ts
18:20:09.557 / (ERROR) DOWN: AUTO RETRY 1/3 https://cdn3.jiuse.cloud/hls/771136/index40.ts
18:20:09.787 / (ERROR) DOWN: AUTO RETRY 3/3 https://cdn3.jiuse.cloud/hls/771136/index35.ts
18:20:09.819 / (ERROR) DOWN: 远程服务器返回错误: (503) 服务器不可用。 https://cdn3.jiuse.cloud/hls/771136/index30.ts
18:20:09.849 / (ERROR) DOWN: AUTO RETRY 2/3 https://cdn3.jiuse.cloud/hls/771136/index74.ts
18:20:09.885 / (ERROR) DOWN: 远程服务器返回错误: (503) 服务器不可用。 https://cdn3.jiuse.cloud/hls/771136/index69.ts
18:20:09.988 / (ERROR) DOWN: AUTO RETRY 2/3 https://cdn3.jiuse.cloud/hls/771136/index15.ts
18:20:10.082 / (ERROR) DOWN: AUTO RETRY 2/3 https://cdn3.jiuse.cloud/hls/771136/index79.ts
18:20:10.093 / (ERROR) DOWN: 远程服务器返回错误: (503) 服务器不可用。 https://cdn3.jiuse.cloud/hls/771136/index10.ts
18:20:10.830 / (ERROR) DOWN: AUTO RETRY 2/3 https://cdn3.jiuse.cloud/hls/771136/index30.ts
18:20:10.891 / (ERROR) DOWN: AUTO RETRY 2/3 https://cdn3.jiuse.cloud/hls/771136/index69.ts
18:20:10.913 / (ERROR) DOWN: 远程服务器返回错误: (503) 服务器不可用。 https://cdn3.jiuse.cloud/hls/771136/index15.ts
18:20:10.963 / (ERROR) DOWN: 远程服务器返回错误: (503) 服务器不可用。 https://cdn3.jiuse.cloud/hls/771136/index35.ts
18:20:11.094 / (ERROR) DOWN: AUTO RETRY 2/3 https://cdn3.jiuse.cloud/hls/771136/index10.ts
18:20:11.115 / (ERROR) DOWN: 远程服务器返回错误: (503) 服务器不可用。 https://cdn3.jiuse.cloud/hls/771136/index40.ts
18:20:11.207 / (ERROR) DOWN: 远程服务器返回错误: (503) 服务器不可用。 https://cdn3.jiuse.cloud/hls/771136/index74.ts
18:20:11.242 / (ERROR) DOWN: 远程服务器返回错误: (503) 服务器不可用。 https://cdn3.jiuse.cloud/hls/771136/index79.ts
18:20:11.827 / (ERROR) DOWN: 远程服务器返回错误: (503) 服务器不可用。 https://cdn3.jiuse.cloud/hls/771136/index69.ts
18:20:11.917 / (ERROR) DOWN: AUTO RETRY 3/3 https://cdn3.jiuse.cloud/hls/771136/index15.ts
18:20:12.019 / (ERROR) DOWN: 远程服务器返回错误: (503) 服务器不可用。 https://cdn3.jiuse.cloud/hls/771136/index10.ts
18:20:12.109 / (ERROR) DOWN: 远程服务器返回错误: (503) 服务器不可用。 https://cdn3.jiuse.cloud/hls/771136/index86.ts
18:20:12.119 / (ERROR) DOWN: AUTO RETRY 2/3 https://cdn3.jiuse.cloud/hls/771136/index40.ts
18:20:12.214 / (ERROR) DOWN: AUTO RETRY 3/3 https://cdn3.jiuse.cloud/hls/771136/index74.ts
18:20:12.245 / (ERROR) DOWN: AUTO RETRY 3/3 https://cdn3.jiuse.cloud/hls/771136/index79.ts
18:20:12.354 / (ERROR) DOWN: 远程服务器返回错误: (503) 服务器不可用。 https://cdn3.jiuse.cloud/hls/771136/index65.ts
18:20:12.833 / (ERROR) DOWN: AUTO RETRY 3/3 https://cdn3.jiuse.cloud/hls/771136/index69.ts
18:20:13.020 / (ERROR) DOWN: AUTO RETRY 3/3 https://cdn3.jiuse.cloud/hls/771136/index10.ts
18:20:13.033 / (ERROR) DOWN: 远程服务器返回错误: (503) 服务器不可用。 https://cdn3.jiuse.cloud/hls/771136/index40.ts
18:20:13.070 / (ERROR) DOWN: 远程服务器返回错误: (503) 服务器不可用。 https://cdn3.jiuse.cloud/hls/771136/index15.ts
18:20:13.112 / (ERROR) DOWN: AUTO RETRY 1/3 https://cdn3.jiuse.cloud/hls/771136/index86.ts
18:20:13.159 / (ERROR) DOWN: 远程服务器返回错误: (503) 服务器不可用。 https://cdn3.jiuse.cloud/hls/771136/index74.ts
18:20:13.359 / (ERROR) DOWN: AUTO RETRY 1/3 https://cdn3.jiuse.cloud/hls/771136/index65.ts
18:20:13.749 / (ERROR) DOWN: 远程服务器返回错误: (503) 服务器不可用。 https://cdn3.jiuse.cloud/hls/771136/index69.ts
18:20:14.043 / (ERROR) DOWN: AUTO RETRY 3/3 https://cdn3.jiuse.cloud/hls/771136/index40.ts
18:20:14.169 / (ERROR) DOWN: 远程服务器返回错误: (503) 服务器不可用。 https://cdn3.jiuse.cloud/hls/771136/index10.ts
18:20:14.316 / (ERROR) DOWN: 远程服务器返回错误: (503) 服务器不可用。 https://cdn3.jiuse.cloud/hls/771136/index75.ts
18:20:14.510 / (ERROR) DOWN: 远程服务器返回错误: (503) 服务器不可用。 https://cdn3.jiuse.cloud/hls/771136/index65.ts
18:20:14.668 / (ERROR) DOWN: 远程服务器返回错误: (503) 服务器不可用。 https://cdn3.jiuse.cloud/hls/771136/index70.ts
18:20:15.043 / (ERROR) DOWN: 远程服务器返回错误: (503) 服务器不可用。 https://cdn3.jiuse.cloud/hls/771136/index40.ts
18:20:15.320 / (ERROR) DOWN: AUTO RETRY 1/3 https://cdn3.jiuse.cloud/hls/771136/index75.ts
18:20:15.521 / (ERROR) DOWN: AUTO RETRY 2/3 https://cdn3.jiuse.cloud/hls/771136/index65.ts
18:20:15.677 / (ERROR) DOWN: AUTO RETRY 1/3 https://cdn3.jiuse.cloud/hls/771136/index70.ts
18:20:16.957 / (ERROR) DOWN: 远程服务器返回错误: (503) 服务器不可用。 https://cdn3.jiuse.cloud/hls/771136/index82.ts
18:20:17.071 / (ERROR) DOWN: 远程服务器返回错误: (503) 服务器不可用。 https://cdn3.jiuse.cloud/hls/771136/index70.ts
18:20:17.084 / (ERROR) DOWN: 远程服务器返回错误: (503) 服务器不可用。 https://cdn3.jiuse.cloud/hls/771136/index60.ts
18:20:17.964 / (ERROR) DOWN: AUTO RETRY 1/3 https://cdn3.jiuse.cloud/hls/771136/index82.ts
18:20:18.088 / (ERROR) DOWN: AUTO RETRY 2/3 https://cdn3.jiuse.cloud/hls/771136/index70.ts
18:20:18.089 / (ERROR) DOWN: AUTO RETRY 1/3 https://cdn3.jiuse.cloud/hls/771136/index60.ts
18:20:19.664 / (ERROR) DOWN: 远程服务器返回错误: (503) 服务器不可用。 https://cdn3.jiuse.cloud/hls/771136/index70.ts
18:20:20.674 / (ERROR) DOWN: AUTO RETRY 3/3 https://cdn3.jiuse.cloud/hls/771136/index70.ts
18:20:33.679 / (NORMAL) 完成数量 56 of 87
18:20:33.680 / (NORMAL) 重试次数 1 / 15
18:20:36.696 / (NORMAL) 开始下载文件
18:20:37.635 / (ERROR) DOWN: 远程服务器返回错误: (503) 服务器不可用。 https://cdn3.jiuse.cloud/hls/771136/index47.ts
18:20:37.665 / (ERROR) DOWN: 远程服务器返回错误: (503) 服务器不可用。 https://cdn3.jiuse.cloud/hls/771136/index42.ts
18:20:37.888 / (ERROR) DOWN: 远程服务器返回错误: (503) 服务器不可用。 https://cdn3.jiuse.cloud/hls/771136/index6.ts
18:20:37.896 / (ERROR) DOWN: 远程服务器返回错误: (503) 服务器不可用。 https://cdn3.jiuse.cloud/hls/771136/index76.ts
18:20:38.027 / (ERROR) DOWN: 远程服务器返回错误: (503) 服务器不可用。 https://cdn3.jiuse.cloud/hls/771136/index1.ts
18:20:38.070 / (ERROR) DOWN: 远程服务器返回错误: (503) 服务器不可用。 https://cdn3.jiuse.cloud/hls/771136/index39.ts
18:20:38.095 / (ERROR) DOWN: 远程服务器返回错误: (503) 服务器不可用。 https://cdn3.jiuse.cloud/hls/771136/index17.ts
18:20:38.096 / (ERROR) DOWN: 远程服务器返回错误: (503) 服务器不可用。 https://cdn3.jiuse.cloud/hls/771136/index66.ts
18:20:38.122 / (ERROR) DOWN: 远程服务器返回错误: (503) 服务器不可用。 https://cdn3.jiuse.cloud/hls/771136/index72.ts
18:20:38.156 / (ERROR) DOWN: 远程服务器返回错误: (503) 服务器不可用。 https://cdn3.jiuse.cloud/hls/771136/index56.ts
18:20:38.651 / (ERROR) DOWN: AUTO RETRY 1/3 https://cdn3.jiuse.cloud/hls/771136/index47.ts
18:20:38.666 / (ERROR) DOWN: AUTO RETRY 1/3 https://cdn3.jiuse.cloud/hls/771136/index42.ts
18:20:38.900 / (ERROR) DOWN: AUTO RETRY 1/3 https://cdn3.jiuse.cloud/hls/771136/index6.ts
18:20:38.901 / (ERROR) DOWN: AUTO RETRY 1/3 https://cdn3.jiuse.cloud/hls/771136/index76.ts
18:20:39.041 / (ERROR) DOWN: AUTO RETRY 1/3 https://cdn3.jiuse.cloud/hls/771136/index1.ts
18:20:39.071 / (ERROR) DOWN: AUTO RETRY 1/3 https://cdn3.jiuse.cloud/hls/771136/index39.ts
18:20:39.103 / (ERROR) DOWN: AUTO RETRY 1/3 https://cdn3.jiuse.cloud/hls/771136/index17.ts
18:20:39.103 / (ERROR) DOWN: AUTO RETRY 1/3 https://cdn3.jiuse.cloud/hls/771136/index66.ts
18:20:39.134 / (ERROR) DOWN: AUTO RETRY 1/3 https://cdn3.jiuse.cloud/hls/771136/index72.ts
18:20:39.166 / (ERROR) DOWN: AUTO RETRY 1/3 https://cdn3.jiuse.cloud/hls/771136/index56.ts
18:20:39.601 / (ERROR) DOWN: 远程服务器返回错误: (503) 服务器不可用。 https://cdn3.jiuse.cloud/hls/771136/index47.ts
18:20:39.946 / (ERROR) DOWN: 远程服务器返回错误: (503) 服务器不可用。 https://cdn3.jiuse.cloud/hls/771136/index1.ts
18:20:39.983 / (ERROR) DOWN: 远程服务器返回错误: (503) 服务器不可用。 https://cdn3.jiuse.cloud/hls/771136/index39.ts
18:20:40.015 / (ERROR) DOWN: 远程服务器返回错误: (503) 服务器不可用。 https://cdn3.jiuse.cloud/hls/771136/index17.ts
18:20:40.050 / (ERROR) DOWN: 远程服务器返回错误: (503) 服务器不可用。 https://cdn3.jiuse.cloud/hls/771136/index72.ts
18:20:40.096 / (ERROR) DOWN: 远程服务器返回错误: (503) 服务器不可用。 https://cdn3.jiuse.cloud/hls/771136/index56.ts
18:20:40.109 / (ERROR) DOWN: 远程服务器返回错误: (503) 服务器不可用。 https://cdn3.jiuse.cloud/hls/771136/index42.ts
18:20:40.529 / (ERROR) DOWN: 远程服务器返回错误: (503) 服务器不可用。 https://cdn3.jiuse.cloud/hls/771136/index6.ts
18:20:40.617 / (ERROR) DOWN: AUTO RETRY 2/3 https://cdn3.jiuse.cloud/hls/771136/index47.ts
18:20:40.648 / (ERROR) DOWN: 远程服务器返回错误: (503) 服务器不可用。 https://cdn3.jiuse.cloud/hls/771136/index66.ts
18:20:40.961 / (ERROR) DOWN: AUTO RETRY 2/3 https://cdn3.jiuse.cloud/hls/771136/index1.ts
18:20:40.991 / (ERROR) DOWN: AUTO RETRY 2/3 https://cdn3.jiuse.cloud/hls/771136/index39.ts
18:20:41.022 / (ERROR) DOWN: AUTO RETRY 2/3 https://cdn3.jiuse.cloud/hls/771136/index17.ts
18:20:41.053 / (ERROR) DOWN: AUTO RETRY 2/3 https://cdn3.jiuse.cloud/hls/771136/index72.ts
18:20:41.099 / (ERROR) DOWN: AUTO RETRY 2/3 https://cdn3.jiuse.cloud/hls/771136/index56.ts
18:20:41.114 / (ERROR) DOWN: AUTO RETRY 2/3 https://cdn3.jiuse.cloud/hls/771136/index42.ts
18:20:41.534 / (ERROR) DOWN: AUTO RETRY 2/3 https://cdn3.jiuse.cloud/hls/771136/index6.ts
18:20:41.657 / (ERROR) DOWN: AUTO RETRY 2/3 https://cdn3.jiuse.cloud/hls/771136/index66.ts
18:20:41.912 / (ERROR) DOWN: 远程服务器返回错误: (503) 服务器不可用。 https://cdn3.jiuse.cloud/hls/771136/index1.ts
18:20:42.270 / (ERROR) DOWN: 远程服务器返回错误: (503) 服务器不可用。 https://cdn3.jiuse.cloud/hls/771136/index47.ts
18:20:42.340 / (ERROR) DOWN: 远程服务器返回错误: (503) 服务器不可用。 https://cdn3.jiuse.cloud/hls/771136/index39.ts
18:20:42.389 / (ERROR) DOWN: 远程服务器返回错误: (503) 服务器不可用。 https://cdn3.jiuse.cloud/hls/771136/index17.ts
18:20:42.441 / (ERROR) DOWN: 远程服务器返回错误: (503) 服务器不可用。 https://cdn3.jiuse.cloud/hls/771136/index6.ts
18:20:42.461 / (ERROR) DOWN: 远程服务器返回错误: (503) 服务器不可用。 https://cdn3.jiuse.cloud/hls/771136/index72.ts
18:20:42.500 / (ERROR) DOWN: 远程服务器返回错误: (503) 服务器不可用。 https://cdn3.jiuse.cloud/hls/771136/index42.ts
18:20:42.576 / (ERROR) DOWN: 远程服务器返回错误: (503) 服务器不可用。 https://cdn3.jiuse.cloud/hls/771136/index66.ts
18:20:42.697 / (ERROR) DOWN: 远程服务器返回错误: (503) 服务器不可用。 https://cdn3.jiuse.cloud/hls/771136/index56.ts
18:20:42.914 / (ERROR) DOWN: AUTO RETRY 3/3 https://cdn3.jiuse.cloud/hls/771136/index1.ts
18:20:43.285 / (ERROR) DOWN: AUTO RETRY 3/3 https://cdn3.jiuse.cloud/hls/771136/index47.ts
18:20:43.347 / (ERROR) DOWN: AUTO RETRY 3/3 https://cdn3.jiuse.cloud/hls/771136/index39.ts
18:20:43.393 / (ERROR) DOWN: AUTO RETRY 3/3 https://cdn3.jiuse.cloud/hls/771136/index17.ts
18:20:43.455 / (ERROR) DOWN: AUTO RETRY 3/3 https://cdn3.jiuse.cloud/hls/771136/index6.ts
18:20:43.471 / (ERROR) DOWN: AUTO RETRY 3/3 https://cdn3.jiuse.cloud/hls/771136/index72.ts
18:20:43.502 / (ERROR) DOWN: AUTO RETRY 3/3 https://cdn3.jiuse.cloud/hls/771136/index42.ts
18:20:43.542 / (ERROR) DOWN: 远程服务器返回错误: (503) 服务器不可用。 https://cdn3.jiuse.cloud/hls/771136/index2.ts
18:20:43.638 / (ERROR) DOWN: AUTO RETRY 3/3 https://cdn3.jiuse.cloud/hls/771136/index66.ts
18:20:43.702 / (ERROR) DOWN: AUTO RETRY 3/3 https://cdn3.jiuse.cloud/hls/771136/index56.ts
18:20:44.420 / (ERROR) DOWN: 远程服务器返回错误: (503) 服务器不可用。 https://cdn3.jiuse.cloud/hls/771136/index47.ts
18:20:44.557 / (ERROR) DOWN: AUTO RETRY 1/3 https://cdn3.jiuse.cloud/hls/771136/index2.ts
18:20:44.618 / (ERROR) DOWN: 远程服务器返回错误: (503) 服务器不可用。 https://cdn3.jiuse.cloud/hls/771136/index72.ts
18:20:44.686 / (ERROR) DOWN: 远程服务器返回错误: (503) 服务器不可用。 https://cdn3.jiuse.cloud/hls/771136/index39.ts
18:20:44.735 / (ERROR) DOWN: 远程服务器返回错误: (503) 服务器不可用。 https://cdn3.jiuse.cloud/hls/771136/index58.ts
18:20:44.859 / (ERROR) DOWN: 远程服务器返回错误: (503) 服务器不可用。 https://cdn3.jiuse.cloud/hls/771136/index17.ts
18:20:45.020 / (ERROR) DOWN: 远程服务器返回错误: (503) 服务器不可用。 https://cdn3.jiuse.cloud/hls/771136/index42.ts
18:20:45.104 / (ERROR) DOWN: 远程服务器返回错误: (503) 服务器不可用。 https://cdn3.jiuse.cloud/hls/771136/index66.ts
18:20:45.333 / (ERROR) DOWN: 远程服务器返回错误: (503) 服务器不可用。 https://cdn3.jiuse.cloud/hls/771136/index7.ts
18:20:45.471 / (ERROR) DOWN: 远程服务器返回错误: (503) 服务器不可用。 https://cdn3.jiuse.cloud/hls/771136/index2.ts
18:20:45.601 / (ERROR) DOWN: 远程服务器返回错误: (503) 服务器不可用。 https://cdn3.jiuse.cloud/hls/771136/index40.ts
18:20:45.642 / (ERROR) DOWN: 远程服务器返回错误: (503) 服务器不可用。 https://cdn3.jiuse.cloud/hls/771136/index6.ts
18:20:45.736 / (ERROR) DOWN: AUTO RETRY 1/3 https://cdn3.jiuse.cloud/hls/771136/index58.ts
18:20:46.344 / (ERROR) DOWN: AUTO RETRY 1/3 https://cdn3.jiuse.cloud/hls/771136/index7.ts
18:20:46.485 / (ERROR) DOWN: AUTO RETRY 2/3 https://cdn3.jiuse.cloud/hls/771136/index2.ts
18:20:46.610 / (ERROR) DOWN: AUTO RETRY 1/3 https://cdn3.jiuse.cloud/hls/771136/index40.ts
18:20:47.435 / (ERROR) DOWN: 远程服务器返回错误: (503) 服务器不可用。 https://cdn3.jiuse.cloud/hls/771136/index7.ts
18:20:47.528 / (ERROR) DOWN: 远程服务器返回错误: (503) 服务器不可用。 https://cdn3.jiuse.cloud/hls/771136/index40.ts
18:20:47.649 / (ERROR) DOWN: 远程服务器返回错误: (503) 服务器不可用。 https://cdn3.jiuse.cloud/hls/771136/index2.ts
18:20:48.441 / (ERROR) DOWN: AUTO RETRY 2/3 https://cdn3.jiuse.cloud/hls/771136/index7.ts
18:20:48.534 / (ERROR) DOWN: AUTO RETRY 2/3 https://cdn3.jiuse.cloud/hls/771136/index40.ts
18:20:48.661 / (ERROR) DOWN: AUTO RETRY 3/3 https://cdn3.jiuse.cloud/hls/771136/index2.ts
18:20:50.016 / (ERROR) DOWN: 远程服务器返回错误: (503) 服务器不可用。 https://cdn3.jiuse.cloud/hls/771136/index2.ts
18:20:50.139 / (ERROR) DOWN: 远程服务器返回错误: (503) 服务器不可用。 https://cdn3.jiuse.cloud/hls/771136/index78.ts
18:20:51.146 / (ERROR) DOWN: AUTO RETRY 1/3 https://cdn3.jiuse.cloud/hls/771136/index78.ts
18:21:01.486 / (NORMAL) 完成数量 79 of 87
18:21:01.487 / (NORMAL) 重试次数 2 / 15
18:21:04.492 / (NORMAL) 开始下载文件
18:21:06.047 / (ERROR) DOWN: 远程服务器返回错误: (503) 服务器不可用。 https://cdn3.jiuse.cloud/hls/771136/index2.ts
18:21:06.070 / (ERROR) DOWN: 远程服务器返回错误: (503) 服务器不可用。 https://cdn3.jiuse.cloud/hls/771136/index47.ts
18:21:07.058 / (ERROR) DOWN: AUTO RETRY 1/3 https://cdn3.jiuse.cloud/hls/771136/index2.ts
18:21:07.073 / (ERROR) DOWN: AUTO RETRY 1/3 https://cdn3.jiuse.cloud/hls/771136/index47.ts
18:21:14.097 / (NORMAL) 开始合并分片...
18:21:14.496 / (NORMAL) 结果输出至 [ffreport.log]
18:21:14.497 / (NORMAL) 任务结束

Task End: 2023/02/26 18:21:14
File: D:\java\GitHub\pornMagnetSpringBoot\Downloads\“你不要射里面了，会怀孕的！！”娇喘的被操【看简介同城免费约炮】.mp4


